In clock cycle: 0
Register Write to Reg: 0x01 Val: 0x10010000
In clock cycle: 1
Register Write to Reg: 0x08 Val: 0x00000000
In clock cycle: 2
Register Write to Reg: 0x01 Val: 0xFADE0000
In clock cycle: 3
Register Write to Reg: 0x01 Val: 0x0000D000
In clock cycle: 5
Register Write to Reg: 0x01 Val: 0xDECA0000
In clock cycle: 6
Register Write to Reg: 0x01 Val: 0x0000F000
In clock cycle: 8
Memory Write to Addr: 0x00000020 Val: 0x00000000
In clock cycle: 9
Memory Write to Addr: 0x00000040 Val: 0x00000000
In clock cycle: 12
Memory Write to Addr: 0x00000020 Val: 0x00000000
In clock cycle: 13
Memory Write to Addr: 0x00000040 Val: 0x00000000
Execution is stopping! Clock Cycle: 14
