QuestaSim-64 vcom 2023.2_2 Compiler 2023.06 Jun  9 2023
Start time: 18:22:05 on Mar 24,2024
vcom -2008 -work internal/ModelSimContainer/work proj/src/MIPS_types.vhd internal/testpy/tb.vhd proj/src/MIPS_types.vhd proj/src/LogicGates/mux2t1N.vhd proj/src/TopLevel/mem.vhd proj/src/TopLevel/MIPS_Processor.vhd proj/src/TopLevel/loadMemModule/loadMemModule.vhd proj/src/TopLevel/loadMemModule/tb_loadMemModule.vhd proj/src/TopLevel/ControlLogic/tb_control_Logic.vhd proj/src/TopLevel/ControlLogic/control_Logic.vhd proj/src/TopLevel/LogicGates/mux2t1N.vhd proj/src/TopLevel/LogicGates/mux2t1.vhd proj/src/TopLevel/aluUnit/lui.vhd proj/src/TopLevel/aluUnit/fullAdderStruct.vhd proj/src/TopLevel/aluUnit/slt.vhd proj/src/TopLevel/aluUnit/adderSubS.vhd proj/src/TopLevel/aluUnit/onesCompN.vhd proj/src/TopLevel/aluUnit/firstALU.vhd proj/src/TopLevel/aluUnit/fullAdderStructN.vhd proj/src/TopLevel/aluUnit/ALU.vhd proj/src/TopLevel/aluUnit/basicGates/mux8b4t1.vhd proj/src/TopLevel/aluUnit/basicGates/bit_extenders.vhd proj/src/TopLevel/aluUnit/basicGates/org2.vhd proj/src/TopLevel/aluUnit/basicGates/mux2t1_5b.vhd proj/src/TopLevel/aluUnit/basicGates/xorG_N.vhd proj/src/TopLevel/aluUnit/basicGates/mux32b3t1.vhd proj/src/TopLevel/aluUnit/basicGates/xorg2.vhd proj/src/TopLevel/aluUnit/basicGates/mux32_1.vhd proj/src/TopLevel/aluUnit/basicGates/norG_N.vhd proj/src/TopLevel/aluUnit/basicGates/orG32b.vhd proj/src/TopLevel/aluUnit/basicGates/mux2t1_N.vhd proj/src/TopLevel/aluUnit/basicGates/andg2.vhd proj/src/TopLevel/aluUnit/basicGates/mux2t1.vhd proj/src/TopLevel/aluUnit/basicGates/orG_N.vhd proj/src/TopLevel/aluUnit/basicGates/mux16_1.vhd proj/src/TopLevel/aluUnit/basicGates/mux2t1Flow.vhd proj/src/TopLevel/aluUnit/basicGates/invg.vhd proj/src/TopLevel/aluUnit/basicGates/andG_N.vhd proj/src/TopLevel/aluUnit/basicGates/mux16b2t1.vhd proj/src/TopLevel/aluUnit/basicGates/bit_extenders24b.vhd proj/src/TopLevel/aluUnit/basicGates/andG32b.vhd proj/src/TopLevel/aluUnit/testBenches/tb_ALU.vhd proj/src/TopLevel/aluUnit/testBenches/tb_mux8b4t1.vhd proj/src/TopLevel/aluUnit/testBenches/tb_slt.vhd proj/src/TopLevel/aluUnit/testBenches/tb_norG_N.vhd proj/src/TopLevel/aluUnit/testBenches/tb_bit_extenders.vhd proj/src/TopLevel/aluUnit/testBenches/tb_bit_extenders24b.vhd proj/src/TopLevel/aluUnit/testBenches/tb_xorG_N.vhd proj/src/TopLevel/aluUnit/testBenches/tb_orG32b.vhd proj/src/TopLevel/aluUnit/testBenches/tb_orG_N.vhd proj/src/TopLevel/aluUnit/testBenches/tb_mux16b2t1.vhd proj/src/TopLevel/aluUnit/testBenches/tb_onesCompN.vhd proj/src/TopLevel/aluUnit/testBenches/tb_andg32b.vhd proj/src/TopLevel/aluUnit/testBenches/tb_lui.vhd proj/src/TopLevel/aluUnit/testBenches/tb_andG_N.vhd proj/src/TopLevel/FetchLogic/fetch_Logic.vhd proj/src/TopLevel/FetchLogic/tb_fetch_logic.vhd proj/src/TopLevel/FetchLogic/Supporting files/PCReg.vhd proj/src/TopLevel/FetchLogic/Supporting files/tb_pcreg.vhd proj/src/TopLevel/FetchLogic/Supporting files/tb_shiftleft2N.vhd proj/src/TopLevel/FetchLogic/Supporting files/bit16_extenders.vhd proj/src/TopLevel/FetchLogic/Supporting files/shiftleft2N.vhd proj/src/TopLevel/FetchLogic/Gates/NbitRegister.vhd proj/src/TopLevel/BasicGates/andg2.vhd proj/src/TopLevel/BasicGates/org2.vhd proj/src/TopLevel/BasicGates/dffg.vhd proj/src/TopLevel/BasicGates/invg.vhd proj/src/TopLevel/BasicGates/xorg2.vhd proj/src/TopLevel/BasicGates/Adder/rippleCarryAdderN.vhd proj/src/TopLevel/BasicGates/Adder/adder1b.vhd proj/src/TopLevel/BasicGates/register/dffg.vhd proj/src/TopLevel/BasicGates/register/MIPSregister.vhd proj/src/TopLevel/BasicGates/register/tb_mux32_1.vhd proj/src/TopLevel/BasicGates/register/decoder5_32.vhd proj/src/TopLevel/BasicGates/register/tb_MIPSregister.vhd proj/src/TopLevel/BasicGates/register/tb_decoder5_32.vhd proj/src/TopLevel/BasicGates/register/tb_dffg.vhd proj/src/TopLevel/BasicGates/register/dffgN.vhd proj/src/TopLevel/BasicGates/register/register_package.vhd proj/src/TopLevel/BasicGates/register/tb_dffgN.vhd proj/src/TopLevel/BasicGates/register/mux32_1.vhd proj/src/BasicGates/xorg2.vhd proj/src/BasicGates/org2.vhd proj/src/BasicGates/dffg.vhd proj/src/BasicGates/invg.vhd proj/src/BasicGates/andg2.vhd proj/src/BasicGates/Adder/rippleCarryAdderN.vhd proj/src/BasicGates/Adder/adder1b.vhd proj/src/BasicGates/register/dffg.vhd proj/src/BasicGates/register/MIPSregister.vhd proj/src/BasicGates/register/tb_dffgN.vhd proj/src/BasicGates/register/mux32_1.vhd proj/src/BasicGates/register/decoder5_32.vhd proj/src/BasicGates/register/tb_mux32_1.vhd proj/src/BasicGates/register/tb_decoder5_32.vhd proj/src/BasicGates/register/register_package.vhd proj/src/BasicGates/register/tb_dffg.vhd proj/src/BasicGates/register/dffgN.vhd proj/src/BasicGates/register/tb_MIPSregister.vhd proj/src/FetchLogic/fetch_Logic.vhd proj/src/FetchLogic/tb_fetch_logic.vhd proj/src/FetchLogic/Gates/NbitRegister.vhd proj/src/FetchLogic/Supporting files/tb_pcreg.vhd proj/src/FetchLogic/Supporting files/PCReg.vhd proj/src/FetchLogic/Supporting files/shiftleft2N.vhd proj/src/FetchLogic/Supporting files/bit16_extenders.vhd proj/src/FetchLogic/Supporting files/tb_shiftleft2N.vhd proj/src/loadMemModule/tb_loadMemModule.vhd proj/src/loadMemModule/loadMemModule.vhd proj/src/ControlLogic/tb_control_Logic.vhd proj/src/ControlLogic/control_Logic.vhd proj/src/aluUnit/allstuff/xorG_N.vhd proj/src/aluUnit/allstuff/mux16_1.vhd proj/src/aluUnit/allstuff/mux8b4t1.vhd proj/src/aluUnit/allstuff/tb_bit_extenders24b.vhd proj/src/aluUnit/allstuff/lui.vhd proj/src/aluUnit/allstuff/tb_orG_N.vhd proj/src/aluUnit/allstuff/norG_N.vhd proj/src/aluUnit/allstuff/bit_extenders.vhd proj/src/aluUnit/allstuff/tb_andG_N.vhd proj/src/aluUnit/allstuff/tb_slt.vhd proj/src/aluUnit/allstuff/andG32b.vhd proj/src/aluUnit/allstuff/adderSubS.vhd proj/src/aluUnit/allstuff/mux2t1Flow.vhd proj/src/aluUnit/allstuff/onesCompN.vhd proj/src/aluUnit/allstuff/xorg2.vhd proj/src/aluUnit/allstuff/mux16b2t1.vhd proj/src/aluUnit/allstuff/tb_orG32b.vhd proj/src/aluUnit/allstuff/tb_mux16b2t1.vhd proj/src/aluUnit/allstuff/tb_ALU.vhd proj/src/aluUnit/allstuff/tb_onesCompN.vhd proj/src/aluUnit/allstuff/org2.vhd proj/src/aluUnit/allstuff/andG_N.vhd proj/src/aluUnit/allstuff/slt.vhd proj/src/aluUnit/allstuff/bit_extenders24b.vhd proj/src/aluUnit/allstuff/tb_norG_N.vhd proj/src/aluUnit/allstuff/tb_lui.vhd proj/src/aluUnit/allstuff/firstALU.vhd proj/src/aluUnit/allstuff/mux2t1_5b.vhd proj/src/aluUnit/allstuff/andg2.vhd proj/src/aluUnit/allstuff/mux2t1_N.vhd proj/src/aluUnit/allstuff/invg.vhd proj/src/aluUnit/allstuff/tb_xorG_N.vhd proj/src/aluUnit/allstuff/fullAdderStructN.vhd proj/src/aluUnit/allstuff/mux32_1.vhd proj/src/aluUnit/allstuff/ALU.vhd proj/src/aluUnit/allstuff/tb_bit_extenders.vhd proj/src/aluUnit/allstuff/tb_andg32b.vhd proj/src/aluUnit/allstuff/orG_N.vhd proj/src/aluUnit/allstuff/mux32b3t1.vhd proj/src/aluUnit/allstuff/orG32b.vhd proj/src/aluUnit/allstuff/fullAdderStruct.vhd proj/src/aluUnit/allstuff/tb_mux8b4t1.vhd proj/src/aluUnit/allstuff/mux2t1.vhd 
-- Loading package STANDARD
-- Loading package TEXTIO
-- Loading package std_logic_1164
-- Compiling package MIPS_types
-- Compiling package body MIPS_types
-- Loading package MIPS_types
-- Loading package std_logic_textio
-- Loading package ENV
-- Compiling entity tb
-- Compiling architecture mixed of tb
** Warning: proj/src/MIPS_types.vhd(15): (vcom-1615) Existing package 'MIPS_types' at line 15 will be overwritten.
-- Compiling package MIPS_types
** Warning: proj/src/MIPS_types.vhd(29): (vcom-1615) Existing package body 'MIPS_types(body)' at line 29 will be overwritten.
-- Compiling package body MIPS_types
-- Loading package MIPS_types
** Warning: proj/src/LogicGates/mux2t1N.vhd(21): (vcom-1615) Existing entity 'mux2t1N' at /home/cfergen/cpre381/CPRE381TermProject/cpre381-toolflow/proj/src/TopLevel/LogicGates/mux2t1N.vhd(21) will be overwritten.
-- Compiling entity mux2t1N
** Warning: proj/src/LogicGates/mux2t1N.vhd(30): (vcom-1615) Existing architecture 'mux2t1N(structural)' at /home/cfergen/cpre381/CPRE381TermProject/cpre381-toolflow/proj/src/TopLevel/LogicGates/mux2t1N.vhd(30) will be overwritten.
-- Compiling architecture structural of mux2t1N
-- Loading package NUMERIC_STD
-- Compiling entity mem
-- Compiling architecture rtl of mem
-- Loading package MIPS_types
-- Compiling entity MIPS_Processor
-- Compiling architecture structure of MIPS_Processor
** Warning: proj/src/TopLevel/loadMemModule/loadMemModule.vhd(17): (vcom-1615) Existing entity 'loadMemModule' at /home/cfergen/cpre381/CPRE381TermProject/cpre381-toolflow/proj/src/loadMemModule/loadMemModule.vhd(17) will be overwritten.
-- Compiling entity loadMemModule
** Warning: proj/src/TopLevel/loadMemModule/loadMemModule.vhd(32): (vcom-1615) Existing architecture 'loadMemModule(structure)' at /home/cfergen/cpre381/CPRE381TermProject/cpre381-toolflow/proj/src/loadMemModule/loadMemModule.vhd(32) will be overwritten.
-- Compiling architecture structure of loadMemModule
** Warning: proj/src/TopLevel/loadMemModule/tb_loadMemModule.vhd(22): (vcom-1615) Existing entity 'tb_loadMemModule' at /home/cfergen/cpre381/CPRE381TermProject/cpre381-toolflow/proj/src/loadMemModule/tb_loadMemModule.vhd(22) will be overwritten.
-- Compiling entity tb_loadMemModule
** Warning: proj/src/TopLevel/loadMemModule/tb_loadMemModule.vhd(28): (vcom-1615) Existing architecture 'tb_loadMemModule(mixed)' at /home/cfergen/cpre381/CPRE381TermProject/cpre381-toolflow/proj/src/loadMemModule/tb_loadMemModule.vhd(28) will be overwritten.
-- Compiling architecture mixed of tb_loadMemModule
** Warning: proj/src/TopLevel/ControlLogic/tb_control_Logic.vhd(20): (vcom-1615) Existing entity 'tb_control_Logic' at /home/cfergen/cpre381/CPRE381TermProject/cpre381-toolflow/proj/src/ControlLogic/tb_control_Logic.vhd(20) will be overwritten.
-- Compiling entity tb_control_Logic
** Warning: proj/src/TopLevel/ControlLogic/tb_control_Logic.vhd(24): (vcom-1615) Existing architecture 'tb_control_Logic(behavior)' at /home/cfergen/cpre381/CPRE381TermProject/cpre381-toolflow/proj/src/ControlLogic/tb_control_Logic.vhd(24) will be overwritten.
-- Compiling architecture behavior of tb_control_Logic
** Warning: proj/src/TopLevel/ControlLogic/control_Logic.vhd(28): (vcom-1615) Existing entity 'control_Logic' at /home/cfergen/cpre381/CPRE381TermProject/cpre381-toolflow/proj/src/ControlLogic/control_Logic.vhd(28) will be overwritten.
-- Compiling entity control_Logic
** Warning: proj/src/TopLevel/ControlLogic/control_Logic.vhd(40): (vcom-1615) Existing architecture 'control_Logic(flow)' at /home/cfergen/cpre381/CPRE381TermProject/cpre381-toolflow/proj/src/ControlLogic/control_Logic.vhd(40) will be overwritten.
-- Compiling architecture flow of control_Logic
** Warning: proj/src/TopLevel/LogicGates/mux2t1N.vhd(21): (vcom-1615) Existing entity 'mux2t1N' at proj/src/LogicGates/mux2t1N.vhd(21) will be overwritten.
-- Compiling entity mux2t1N
** Warning: proj/src/TopLevel/LogicGates/mux2t1N.vhd(30): (vcom-1615) Existing architecture 'mux2t1N(structural)' at proj/src/LogicGates/mux2t1N.vhd(30) will be overwritten.
-- Compiling architecture structural of mux2t1N
** Warning: proj/src/TopLevel/LogicGates/mux2t1.vhd(17): (vcom-1615) Existing entity 'mux2t1' at /home/cfergen/cpre381/CPRE381TermProject/cpre381-toolflow/proj/src/aluUnit/allstuff/mux2t1.vhd(20) will be overwritten.
-- Compiling entity mux2t1
** Warning: proj/src/TopLevel/LogicGates/mux2t1.vhd(25): (vcom-1615) Existing architecture 'mux2t1(structure)' at /home/cfergen/cpre381/CPRE381TermProject/cpre381-toolflow/proj/src/aluUnit/allstuff/mux2t1.vhd(30) will be overwritten.
-- Compiling architecture structure of mux2t1
** Warning: proj/src/TopLevel/aluUnit/lui.vhd(21): (vcom-1615) Existing entity 'lui' at /home/cfergen/cpre381/CPRE381TermProject/cpre381-toolflow/proj/src/aluUnit/allstuff/lui.vhd(21) will be overwritten.
-- Compiling entity lui
** Warning: proj/src/TopLevel/aluUnit/lui.vhd(33): (vcom-1615) Existing architecture 'lui(flow)' at /home/cfergen/cpre381/CPRE381TermProject/cpre381-toolflow/proj/src/aluUnit/allstuff/lui.vhd(33) will be overwritten.
-- Compiling architecture flow of lui
** Warning: proj/src/TopLevel/aluUnit/fullAdderStruct.vhd(17): (vcom-1615) Existing entity 'fullAdderStruct' at /home/cfergen/cpre381/CPRE381TermProject/cpre381-toolflow/proj/src/aluUnit/allstuff/fullAdderStruct.vhd(17) will be overwritten.
-- Compiling entity fullAdderStruct
** Warning: proj/src/TopLevel/aluUnit/fullAdderStruct.vhd(31): (vcom-1615) Existing architecture 'fullAdderStruct(structure)' at /home/cfergen/cpre381/CPRE381TermProject/cpre381-toolflow/proj/src/aluUnit/allstuff/fullAdderStruct.vhd(30) will be overwritten.
-- Compiling architecture structure of fullAdderStruct
** Warning: proj/src/TopLevel/aluUnit/slt.vhd(21): (vcom-1615) Existing entity 'slt' at /home/cfergen/cpre381/CPRE381TermProject/cpre381-toolflow/proj/src/aluUnit/allstuff/slt.vhd(21) will be overwritten.
-- Compiling entity slt
** Warning: proj/src/TopLevel/aluUnit/slt.vhd(33): (vcom-1615) Existing architecture 'slt(behavorial)' at /home/cfergen/cpre381/CPRE381TermProject/cpre381-toolflow/proj/src/aluUnit/allstuff/slt.vhd(33) will be overwritten.
-- Compiling architecture behavorial of slt
** Warning: proj/src/TopLevel/aluUnit/adderSubS.vhd(17): (vcom-1615) Existing entity 'adderSubS' at /home/cfergen/cpre381/CPRE381TermProject/cpre381-toolflow/proj/src/aluUnit/allstuff/adderSubS.vhd(17) will be overwritten.
-- Compiling entity adderSubS
** Warning: proj/src/TopLevel/aluUnit/adderSubS.vhd(32): (vcom-1615) Existing architecture 'adderSubS(structure)' at /home/cfergen/cpre381/CPRE381TermProject/cpre381-toolflow/proj/src/aluUnit/allstuff/adderSubS.vhd(32) will be overwritten.
-- Compiling architecture structure of adderSubS
** Warning: proj/src/TopLevel/aluUnit/onesCompN.vhd(20): (vcom-1615) Existing entity 'onesCompN' at /home/cfergen/cpre381/CPRE381TermProject/cpre381-toolflow/proj/src/aluUnit/allstuff/onesCompN.vhd(20) will be overwritten.
-- Compiling entity onesCompN
** Warning: proj/src/TopLevel/aluUnit/onesCompN.vhd(28): (vcom-1615) Existing architecture 'onesCompN(structural)' at /home/cfergen/cpre381/CPRE381TermProject/cpre381-toolflow/proj/src/aluUnit/allstuff/onesCompN.vhd(28) will be overwritten.
-- Compiling architecture structural of onesCompN
** Warning: proj/src/TopLevel/aluUnit/firstALU.vhd(21): (vcom-1615) Existing entity 'firstALU' at /home/cfergen/cpre381/CPRE381TermProject/cpre381-toolflow/proj/src/aluUnit/allstuff/firstALU.vhd(21) will be overwritten.
-- Compiling entity firstALU
** Warning: proj/src/TopLevel/aluUnit/firstALU.vhd(40): (vcom-1615) Existing architecture 'firstALU(structure)' at /home/cfergen/cpre381/CPRE381TermProject/cpre381-toolflow/proj/src/aluUnit/allstuff/firstALU.vhd(40) will be overwritten.
-- Compiling architecture structure of firstALU
** Warning: proj/src/TopLevel/aluUnit/fullAdderStructN.vhd(21): (vcom-1615) Existing entity 'fullAdderStructN' at /home/cfergen/cpre381/CPRE381TermProject/cpre381-toolflow/proj/src/aluUnit/allstuff/fullAdderStructN.vhd(21) will be overwritten.
-- Compiling entity fullAdderStructN
** Warning: proj/src/TopLevel/aluUnit/fullAdderStructN.vhd(31): (vcom-1615) Existing architecture 'fullAdderStructN(structural)' at /home/cfergen/cpre381/CPRE381TermProject/cpre381-toolflow/proj/src/aluUnit/allstuff/fullAdderStructN.vhd(34) will be overwritten.
-- Compiling architecture structural of fullAdderStructN
** Warning: proj/src/TopLevel/aluUnit/ALU.vhd(26): (vcom-1615) Existing entity 'ALU' at /home/cfergen/cpre381/CPRE381TermProject/cpre381-toolflow/proj/src/aluUnit/allstuff/ALU.vhd(26) will be overwritten.
-- Compiling entity ALU
** Warning: proj/src/TopLevel/aluUnit/ALU.vhd(47): (vcom-1615) Existing architecture 'ALU(structure)' at /home/cfergen/cpre381/CPRE381TermProject/cpre381-toolflow/proj/src/aluUnit/allstuff/ALU.vhd(47) will be overwritten.
-- Compiling architecture structure of ALU
** Warning: proj/src/TopLevel/aluUnit/basicGates/mux8b4t1.vhd(20): (vcom-1615) Existing entity 'mux8b4t1' at /home/cfergen/cpre381/CPRE381TermProject/cpre381-toolflow/proj/src/aluUnit/allstuff/mux8b4t1.vhd(20) will be overwritten.
-- Compiling entity mux8b4t1
** Warning: proj/src/TopLevel/aluUnit/basicGates/mux8b4t1.vhd(27): (vcom-1615) Existing architecture 'mux8b4t1(mux)' at /home/cfergen/cpre381/CPRE381TermProject/cpre381-toolflow/proj/src/aluUnit/allstuff/mux8b4t1.vhd(27) will be overwritten.
-- Compiling architecture mux of mux8b4t1
** Warning: proj/src/TopLevel/aluUnit/basicGates/bit_extenders.vhd(22): (vcom-1615) Existing entity 'bit_extenders' at /home/cfergen/cpre381/CPRE381TermProject/cpre381-toolflow/proj/src/aluUnit/allstuff/bit_extenders.vhd(22) will be overwritten.
-- Compiling entity bit_extenders
** Warning: proj/src/TopLevel/aluUnit/basicGates/bit_extenders.vhd(34): (vcom-1615) Existing architecture 'bit_extenders(flow)' at /home/cfergen/cpre381/CPRE381TermProject/cpre381-toolflow/proj/src/aluUnit/allstuff/bit_extenders.vhd(34) will be overwritten.
-- Compiling architecture flow of bit_extenders
** Warning: proj/src/TopLevel/aluUnit/basicGates/org2.vhd(23): (vcom-1615) Existing entity 'org2' at /home/cfergen/cpre381/CPRE381TermProject/cpre381-toolflow/proj/src/aluUnit/allstuff/org2.vhd(23) will be overwritten.
-- Compiling entity org2
** Warning: proj/src/TopLevel/aluUnit/basicGates/org2.vhd(31): (vcom-1615) Existing architecture 'org2(dataflow)' at /home/cfergen/cpre381/CPRE381TermProject/cpre381-toolflow/proj/src/aluUnit/allstuff/org2.vhd(31) will be overwritten.
-- Compiling architecture dataflow of org2
** Warning: proj/src/TopLevel/aluUnit/basicGates/mux2t1_5b.vhd(21): (vcom-1615) Existing entity 'mux2t1_5b' at /home/cfergen/cpre381/CPRE381TermProject/cpre381-toolflow/proj/src/aluUnit/allstuff/mux2t1_5b.vhd(21) will be overwritten.
-- Compiling entity mux2t1_5b
** Warning: proj/src/TopLevel/aluUnit/basicGates/mux2t1_5b.vhd(30): (vcom-1615) Existing architecture 'mux2t1_5b(structural)' at /home/cfergen/cpre381/CPRE381TermProject/cpre381-toolflow/proj/src/aluUnit/allstuff/mux2t1_5b.vhd(30) will be overwritten.
-- Compiling architecture structural of mux2t1_5b
** Warning: proj/src/TopLevel/aluUnit/basicGates/xorG_N.vhd(21): (vcom-1615) Existing entity 'xorG_N' at /home/cfergen/cpre381/CPRE381TermProject/cpre381-toolflow/proj/src/aluUnit/allstuff/xorG_N.vhd(21) will be overwritten.
-- Compiling entity xorG_N
** Warning: proj/src/TopLevel/aluUnit/basicGates/xorG_N.vhd(29): (vcom-1615) Existing architecture 'xorG_N(structural)' at /home/cfergen/cpre381/CPRE381TermProject/cpre381-toolflow/proj/src/aluUnit/allstuff/xorG_N.vhd(29) will be overwritten.
-- Compiling architecture structural of xorG_N
** Warning: proj/src/TopLevel/aluUnit/basicGates/mux32b3t1.vhd(20): (vcom-1615) Existing entity 'mux32b3t1' at /home/cfergen/cpre381/CPRE381TermProject/cpre381-toolflow/proj/src/aluUnit/allstuff/mux32b3t1.vhd(20) will be overwritten.
-- Compiling entity mux32b3t1
** Warning: proj/src/TopLevel/aluUnit/basicGates/mux32b3t1.vhd(27): (vcom-1615) Existing architecture 'mux32b3t1(mux)' at /home/cfergen/cpre381/CPRE381TermProject/cpre381-toolflow/proj/src/aluUnit/allstuff/mux32b3t1.vhd(27) will be overwritten.
-- Compiling architecture mux of mux32b3t1
** Warning: proj/src/TopLevel/aluUnit/basicGates/xorg2.vhd(23): (vcom-1615) Existing entity 'xorg2' at /home/cfergen/cpre381/CPRE381TermProject/cpre381-toolflow/proj/src/aluUnit/allstuff/xorg2.vhd(23) will be overwritten.
-- Compiling entity xorg2
** Warning: proj/src/TopLevel/aluUnit/basicGates/xorg2.vhd(31): (vcom-1615) Existing architecture 'xorg2(dataflow)' at /home/cfergen/cpre381/CPRE381TermProject/cpre381-toolflow/proj/src/aluUnit/allstuff/xorg2.vhd(31) will be overwritten.
-- Compiling architecture dataflow of xorg2
** Warning: proj/src/TopLevel/aluUnit/basicGates/mux32_1.vhd(20): (vcom-1615) Existing entity 'mux32_1' at /home/cfergen/cpre381/CPRE381TermProject/cpre381-toolflow/proj/src/aluUnit/allstuff/mux32_1.vhd(20) will be overwritten.
-- Compiling entity mux32_1
** Warning: proj/src/TopLevel/aluUnit/basicGates/mux32_1.vhd(29): (vcom-1615) Existing architecture 'mux32_1(mux)' at /home/cfergen/cpre381/CPRE381TermProject/cpre381-toolflow/proj/src/aluUnit/allstuff/mux32_1.vhd(29) will be overwritten.
-- Compiling architecture mux of mux32_1
** Warning: proj/src/TopLevel/aluUnit/basicGates/norG_N.vhd(17): (vcom-1615) Existing entity 'norG_N' at /home/cfergen/cpre381/CPRE381TermProject/cpre381-toolflow/proj/src/aluUnit/allstuff/norG_N.vhd(17) will be overwritten.
-- Compiling entity norG_N
** Warning: proj/src/TopLevel/aluUnit/basicGates/norG_N.vhd(30): (vcom-1615) Existing architecture 'norG_N(structure)' at /home/cfergen/cpre381/CPRE381TermProject/cpre381-toolflow/proj/src/aluUnit/allstuff/norG_N.vhd(30) will be overwritten.
-- Compiling architecture structure of norG_N
** Warning: proj/src/TopLevel/aluUnit/basicGates/orG32b.vhd(24): (vcom-1615) Existing entity 'orG32b' at /home/cfergen/cpre381/CPRE381TermProject/cpre381-toolflow/proj/src/aluUnit/allstuff/orG32b.vhd(24) will be overwritten.
-- Compiling entity orG32b
** Warning: proj/src/TopLevel/aluUnit/basicGates/orG32b.vhd(33): (vcom-1615) Existing architecture 'orG32b(dataflow)' at /home/cfergen/cpre381/CPRE381TermProject/cpre381-toolflow/proj/src/aluUnit/allstuff/orG32b.vhd(33) will be overwritten.
-- Compiling architecture dataflow of orG32b
** Warning: proj/src/TopLevel/aluUnit/basicGates/mux2t1_N.vhd(21): (vcom-1615) Existing entity 'mux2t1_N' at /home/cfergen/cpre381/CPRE381TermProject/cpre381-toolflow/proj/src/aluUnit/allstuff/mux2t1_N.vhd(21) will be overwritten.
-- Compiling entity mux2t1_N
** Warning: proj/src/TopLevel/aluUnit/basicGates/mux2t1_N.vhd(30): (vcom-1615) Existing architecture 'mux2t1_N(structural)' at /home/cfergen/cpre381/CPRE381TermProject/cpre381-toolflow/proj/src/aluUnit/allstuff/mux2t1_N.vhd(30) will be overwritten.
-- Compiling architecture structural of mux2t1_N
** Warning: proj/src/TopLevel/aluUnit/basicGates/andg2.vhd(23): (vcom-1615) Existing entity 'andg2' at /home/cfergen/cpre381/CPRE381TermProject/cpre381-toolflow/proj/src/aluUnit/allstuff/andg2.vhd(23) will be overwritten.
-- Compiling entity andg2
** Warning: proj/src/TopLevel/aluUnit/basicGates/andg2.vhd(31): (vcom-1615) Existing architecture 'andg2(dataflow)' at /home/cfergen/cpre381/CPRE381TermProject/cpre381-toolflow/proj/src/aluUnit/allstuff/andg2.vhd(31) will be overwritten.
-- Compiling architecture dataflow of andg2
** Warning: proj/src/TopLevel/aluUnit/basicGates/mux2t1.vhd(20): (vcom-1615) Existing entity 'mux2t1' at proj/src/TopLevel/LogicGates/mux2t1.vhd(17) will be overwritten.
-- Compiling entity mux2t1
** Warning: proj/src/TopLevel/aluUnit/basicGates/mux2t1.vhd(30): (vcom-1615) Existing architecture 'mux2t1(structure)' at proj/src/TopLevel/LogicGates/mux2t1.vhd(25) will be overwritten.
-- Compiling architecture structure of mux2t1
** Warning: proj/src/TopLevel/aluUnit/basicGates/orG_N.vhd(21): (vcom-1615) Existing entity 'orG_N' at /home/cfergen/cpre381/CPRE381TermProject/cpre381-toolflow/proj/src/aluUnit/allstuff/orG_N.vhd(21) will be overwritten.
-- Compiling entity orG_N
** Warning: proj/src/TopLevel/aluUnit/basicGates/orG_N.vhd(29): (vcom-1615) Existing architecture 'orG_N(structural)' at /home/cfergen/cpre381/CPRE381TermProject/cpre381-toolflow/proj/src/aluUnit/allstuff/orG_N.vhd(29) will be overwritten.
-- Compiling architecture structural of orG_N
** Warning: proj/src/TopLevel/aluUnit/basicGates/mux16_1.vhd(20): (vcom-1615) Existing entity 'mux16_1' at /home/cfergen/cpre381/CPRE381TermProject/cpre381-toolflow/proj/src/aluUnit/allstuff/mux16_1.vhd(20) will be overwritten.
-- Compiling entity mux16_1
** Warning: proj/src/TopLevel/aluUnit/basicGates/mux16_1.vhd(28): (vcom-1615) Existing architecture 'mux16_1(mux)' at /home/cfergen/cpre381/CPRE381TermProject/cpre381-toolflow/proj/src/aluUnit/allstuff/mux16_1.vhd(28) will be overwritten.
-- Compiling architecture mux of mux16_1
** Warning: proj/src/TopLevel/aluUnit/basicGates/mux2t1Flow.vhd(21): (vcom-1615) Existing entity 'mux2t1Flow' at /home/cfergen/cpre381/CPRE381TermProject/cpre381-toolflow/proj/src/aluUnit/allstuff/mux2t1Flow.vhd(21) will be overwritten.
-- Compiling entity mux2t1Flow
** Warning: proj/src/TopLevel/aluUnit/basicGates/mux2t1Flow.vhd(27): (vcom-1615) Existing architecture 'mux2t1Flow(mux2t1F)' at /home/cfergen/cpre381/CPRE381TermProject/cpre381-toolflow/proj/src/aluUnit/allstuff/mux2t1Flow.vhd(27) will be overwritten.
-- Compiling architecture mux2t1F of mux2t1Flow
** Warning: proj/src/TopLevel/aluUnit/basicGates/invg.vhd(23): (vcom-1615) Existing entity 'invg' at /home/cfergen/cpre381/CPRE381TermProject/cpre381-toolflow/proj/src/aluUnit/allstuff/invg.vhd(23) will be overwritten.
-- Compiling entity invg
** Warning: proj/src/TopLevel/aluUnit/basicGates/invg.vhd(30): (vcom-1615) Existing architecture 'invg(dataflow)' at /home/cfergen/cpre381/CPRE381TermProject/cpre381-toolflow/proj/src/aluUnit/allstuff/invg.vhd(30) will be overwritten.
-- Compiling architecture dataflow of invg
** Warning: proj/src/TopLevel/aluUnit/basicGates/andG_N.vhd(21): (vcom-1615) Existing entity 'andG_N' at /home/cfergen/cpre381/CPRE381TermProject/cpre381-toolflow/proj/src/aluUnit/allstuff/andG_N.vhd(21) will be overwritten.
-- Compiling entity andG_N
** Warning: proj/src/TopLevel/aluUnit/basicGates/andG_N.vhd(29): (vcom-1615) Existing architecture 'andG_N(structural)' at /home/cfergen/cpre381/CPRE381TermProject/cpre381-toolflow/proj/src/aluUnit/allstuff/andG_N.vhd(29) will be overwritten.
-- Compiling architecture structural of andG_N
** Warning: proj/src/TopLevel/aluUnit/basicGates/mux16b2t1.vhd(20): (vcom-1615) Existing entity 'mux16b2t1' at /home/cfergen/cpre381/CPRE381TermProject/cpre381-toolflow/proj/src/aluUnit/allstuff/mux16b2t1.vhd(20) will be overwritten.
-- Compiling entity mux16b2t1
** Warning: proj/src/TopLevel/aluUnit/basicGates/mux16b2t1.vhd(27): (vcom-1615) Existing architecture 'mux16b2t1(mux)' at /home/cfergen/cpre381/CPRE381TermProject/cpre381-toolflow/proj/src/aluUnit/allstuff/mux16b2t1.vhd(27) will be overwritten.
-- Compiling architecture mux of mux16b2t1
** Warning: proj/src/TopLevel/aluUnit/basicGates/bit_extenders24b.vhd(22): (vcom-1615) Existing entity 'bit_extenders24b' at /home/cfergen/cpre381/CPRE381TermProject/cpre381-toolflow/proj/src/aluUnit/allstuff/bit_extenders24b.vhd(22) will be overwritten.
-- Compiling entity bit_extenders24b
** Warning: proj/src/TopLevel/aluUnit/basicGates/bit_extenders24b.vhd(34): (vcom-1615) Existing architecture 'bit_extenders24b(flow)' at /home/cfergen/cpre381/CPRE381TermProject/cpre381-toolflow/proj/src/aluUnit/allstuff/bit_extenders24b.vhd(34) will be overwritten.
-- Compiling architecture flow of bit_extenders24b
** Warning: proj/src/TopLevel/aluUnit/basicGates/andG32b.vhd(24): (vcom-1615) Existing entity 'andG32b' at /home/cfergen/cpre381/CPRE381TermProject/cpre381-toolflow/proj/src/aluUnit/allstuff/andG32b.vhd(24) will be overwritten.
-- Compiling entity andG32b
** Warning: proj/src/TopLevel/aluUnit/basicGates/andG32b.vhd(33): (vcom-1615) Existing architecture 'andG32b(dataflow)' at /home/cfergen/cpre381/CPRE381TermProject/cpre381-toolflow/proj/src/aluUnit/allstuff/andG32b.vhd(33) will be overwritten.
-- Compiling architecture dataflow of andG32b
** Warning: proj/src/TopLevel/aluUnit/testBenches/tb_ALU.vhd(22): (vcom-1615) Existing entity 'tb_ALU' at /home/cfergen/cpre381/CPRE381TermProject/cpre381-toolflow/proj/src/aluUnit/allstuff/tb_ALU.vhd(22) will be overwritten.
-- Compiling entity tb_ALU
** Warning: proj/src/TopLevel/aluUnit/testBenches/tb_ALU.vhd(28): (vcom-1615) Existing architecture 'tb_ALU(mixed)' at /home/cfergen/cpre381/CPRE381TermProject/cpre381-toolflow/proj/src/aluUnit/allstuff/tb_ALU.vhd(28) will be overwritten.
-- Compiling architecture mixed of tb_ALU
** Warning: proj/src/TopLevel/aluUnit/testBenches/tb_mux8b4t1.vhd(21): (vcom-1615) Existing entity 'tb_mux8b4t1' at /home/cfergen/cpre381/CPRE381TermProject/cpre381-toolflow/proj/src/aluUnit/allstuff/tb_mux8b4t1.vhd(21) will be overwritten.
-- Compiling entity tb_mux8b4t1
** Warning: proj/src/TopLevel/aluUnit/testBenches/tb_mux8b4t1.vhd(28): (vcom-1615) Existing architecture 'tb_mux8b4t1(mixed)' at /home/cfergen/cpre381/CPRE381TermProject/cpre381-toolflow/proj/src/aluUnit/allstuff/tb_mux8b4t1.vhd(28) will be overwritten.
-- Compiling architecture mixed of tb_mux8b4t1
** Warning: proj/src/TopLevel/aluUnit/testBenches/tb_slt.vhd(21): (vcom-1615) Existing entity 'tb_slt' at /home/cfergen/cpre381/CPRE381TermProject/cpre381-toolflow/proj/src/aluUnit/allstuff/tb_slt.vhd(21) will be overwritten.
-- Compiling entity tb_slt
** Warning: proj/src/TopLevel/aluUnit/testBenches/tb_slt.vhd(28): (vcom-1615) Existing architecture 'tb_slt(mixed)' at /home/cfergen/cpre381/CPRE381TermProject/cpre381-toolflow/proj/src/aluUnit/allstuff/tb_slt.vhd(28) will be overwritten.
-- Compiling architecture mixed of tb_slt
** Warning: proj/src/TopLevel/aluUnit/testBenches/tb_norG_N.vhd(21): (vcom-1615) Existing entity 'tb_norG_N' at /home/cfergen/cpre381/CPRE381TermProject/cpre381-toolflow/proj/src/aluUnit/allstuff/tb_norG_N.vhd(21) will be overwritten.
-- Compiling entity tb_norG_N
** Warning: proj/src/TopLevel/aluUnit/testBenches/tb_norG_N.vhd(28): (vcom-1615) Existing architecture 'tb_norG_N(mixed)' at /home/cfergen/cpre381/CPRE381TermProject/cpre381-toolflow/proj/src/aluUnit/allstuff/tb_norG_N.vhd(28) will be overwritten.
-- Compiling architecture mixed of tb_norG_N
** Warning: proj/src/TopLevel/aluUnit/testBenches/tb_bit_extenders.vhd(25): (vcom-1615) Existing entity 'tb_bit_extenders' at /home/cfergen/cpre381/CPRE381TermProject/cpre381-toolflow/proj/src/aluUnit/allstuff/tb_bit_extenders.vhd(25) will be overwritten.
-- Compiling entity tb_bit_extenders
** Warning: proj/src/TopLevel/aluUnit/testBenches/tb_bit_extenders.vhd(29): (vcom-1615) Existing architecture 'tb_bit_extenders(behavior)' at /home/cfergen/cpre381/CPRE381TermProject/cpre381-toolflow/proj/src/aluUnit/allstuff/tb_bit_extenders.vhd(29) will be overwritten.
-- Compiling architecture behavior of tb_bit_extenders
** Warning: proj/src/TopLevel/aluUnit/testBenches/tb_bit_extenders24b.vhd(25): (vcom-1615) Existing entity 'tb_bit_extenders24b' at /home/cfergen/cpre381/CPRE381TermProject/cpre381-toolflow/proj/src/aluUnit/allstuff/tb_bit_extenders24b.vhd(25) will be overwritten.
-- Compiling entity tb_bit_extenders24b
** Warning: proj/src/TopLevel/aluUnit/testBenches/tb_bit_extenders24b.vhd(29): (vcom-1615) Existing architecture 'tb_bit_extenders24b(behavior)' at /home/cfergen/cpre381/CPRE381TermProject/cpre381-toolflow/proj/src/aluUnit/allstuff/tb_bit_extenders24b.vhd(29) will be overwritten.
-- Compiling architecture behavior of tb_bit_extenders24b
** Warning: proj/src/TopLevel/aluUnit/testBenches/tb_xorG_N.vhd(21): (vcom-1615) Existing entity 'tb_xorG_N' at /home/cfergen/cpre381/CPRE381TermProject/cpre381-toolflow/proj/src/aluUnit/allstuff/tb_xorG_N.vhd(21) will be overwritten.
-- Compiling entity tb_xorG_N
** Warning: proj/src/TopLevel/aluUnit/testBenches/tb_xorG_N.vhd(28): (vcom-1615) Existing architecture 'tb_xorG_N(mixed)' at /home/cfergen/cpre381/CPRE381TermProject/cpre381-toolflow/proj/src/aluUnit/allstuff/tb_xorG_N.vhd(28) will be overwritten.
-- Compiling architecture mixed of tb_xorG_N
** Warning: proj/src/TopLevel/aluUnit/testBenches/tb_orG32b.vhd(21): (vcom-1615) Existing entity 'tb_orG32b' at /home/cfergen/cpre381/CPRE381TermProject/cpre381-toolflow/proj/src/aluUnit/allstuff/tb_orG32b.vhd(21) will be overwritten.
-- Compiling entity tb_orG32b
** Warning: proj/src/TopLevel/aluUnit/testBenches/tb_orG32b.vhd(28): (vcom-1615) Existing architecture 'tb_orG32b(mixed)' at /home/cfergen/cpre381/CPRE381TermProject/cpre381-toolflow/proj/src/aluUnit/allstuff/tb_orG32b.vhd(28) will be overwritten.
-- Compiling architecture mixed of tb_orG32b
** Warning: proj/src/TopLevel/aluUnit/testBenches/tb_orG_N.vhd(21): (vcom-1615) Existing entity 'tb_orG_N' at /home/cfergen/cpre381/CPRE381TermProject/cpre381-toolflow/proj/src/aluUnit/allstuff/tb_orG_N.vhd(21) will be overwritten.
-- Compiling entity tb_orG_N
** Warning: proj/src/TopLevel/aluUnit/testBenches/tb_orG_N.vhd(28): (vcom-1615) Existing architecture 'tb_orG_N(mixed)' at /home/cfergen/cpre381/CPRE381TermProject/cpre381-toolflow/proj/src/aluUnit/allstuff/tb_orG_N.vhd(28) will be overwritten.
-- Compiling architecture mixed of tb_orG_N
** Warning: proj/src/TopLevel/aluUnit/testBenches/tb_mux16b2t1.vhd(21): (vcom-1615) Existing entity 'tb_mux16b2t1' at /home/cfergen/cpre381/CPRE381TermProject/cpre381-toolflow/proj/src/aluUnit/allstuff/tb_mux16b2t1.vhd(21) will be overwritten.
-- Compiling entity tb_mux16b2t1
** Warning: proj/src/TopLevel/aluUnit/testBenches/tb_mux16b2t1.vhd(28): (vcom-1615) Existing architecture 'tb_mux16b2t1(mixed)' at /home/cfergen/cpre381/CPRE381TermProject/cpre381-toolflow/proj/src/aluUnit/allstuff/tb_mux16b2t1.vhd(28) will be overwritten.
-- Compiling architecture mixed of tb_mux16b2t1
** Warning: proj/src/TopLevel/aluUnit/testBenches/tb_onesCompN.vhd(21): (vcom-1615) Existing entity 'tb_onesCompN' at /home/cfergen/cpre381/CPRE381TermProject/cpre381-toolflow/proj/src/aluUnit/allstuff/tb_onesCompN.vhd(21) will be overwritten.
-- Compiling entity tb_onesCompN
** Warning: proj/src/TopLevel/aluUnit/testBenches/tb_onesCompN.vhd(28): (vcom-1615) Existing architecture 'tb_onesCompN(mixed)' at /home/cfergen/cpre381/CPRE381TermProject/cpre381-toolflow/proj/src/aluUnit/allstuff/tb_onesCompN.vhd(28) will be overwritten.
-- Compiling architecture mixed of tb_onesCompN
** Warning: proj/src/TopLevel/aluUnit/testBenches/tb_andg32b.vhd(21): (vcom-1615) Existing entity 'tb_andG32b' at /home/cfergen/cpre381/CPRE381TermProject/cpre381-toolflow/proj/src/aluUnit/allstuff/tb_andg32b.vhd(21) will be overwritten.
-- Compiling entity tb_andG32b
** Warning: proj/src/TopLevel/aluUnit/testBenches/tb_andg32b.vhd(28): (vcom-1615) Existing architecture 'tb_andG32b(mixed)' at /home/cfergen/cpre381/CPRE381TermProject/cpre381-toolflow/proj/src/aluUnit/allstuff/tb_andg32b.vhd(28) will be overwritten.
-- Compiling architecture mixed of tb_andG32b
** Warning: proj/src/TopLevel/aluUnit/testBenches/tb_lui.vhd(21): (vcom-1615) Existing entity 'tb_lui' at /home/cfergen/cpre381/CPRE381TermProject/cpre381-toolflow/proj/src/aluUnit/allstuff/tb_lui.vhd(21) will be overwritten.
-- Compiling entity tb_lui
** Warning: proj/src/TopLevel/aluUnit/testBenches/tb_lui.vhd(28): (vcom-1615) Existing architecture 'tb_lui(mixed)' at /home/cfergen/cpre381/CPRE381TermProject/cpre381-toolflow/proj/src/aluUnit/allstuff/tb_lui.vhd(28) will be overwritten.
-- Compiling architecture mixed of tb_lui
** Warning: proj/src/TopLevel/aluUnit/testBenches/tb_andG_N.vhd(21): (vcom-1615) Existing entity 'tb_andG_N' at /home/cfergen/cpre381/CPRE381TermProject/cpre381-toolflow/proj/src/aluUnit/allstuff/tb_andG_N.vhd(21) will be overwritten.
-- Compiling entity tb_andG_N
** Warning: proj/src/TopLevel/aluUnit/testBenches/tb_andG_N.vhd(28): (vcom-1615) Existing architecture 'tb_andG_N(mixed)' at /home/cfergen/cpre381/CPRE381TermProject/cpre381-toolflow/proj/src/aluUnit/allstuff/tb_andG_N.vhd(28) will be overwritten.
-- Compiling architecture mixed of tb_andG_N
** Warning: proj/src/TopLevel/FetchLogic/fetch_Logic.vhd(23): (vcom-1615) Existing entity 'fetch_Logic' at /home/cfergen/cpre381/CPRE381TermProject/cpre381-toolflow/proj/src/FetchLogic/fetch_Logic.vhd(23) will be overwritten.
-- Compiling entity fetch_Logic
** Warning: proj/src/TopLevel/FetchLogic/fetch_Logic.vhd(41): (vcom-1615) Existing architecture 'fetch_logic(mixed)' at /home/cfergen/cpre381/CPRE381TermProject/cpre381-toolflow/proj/src/FetchLogic/fetch_Logic.vhd(41) will be overwritten.
-- Compiling architecture mixed of fetch_logic
** Warning: proj/src/TopLevel/FetchLogic/tb_fetch_logic.vhd(13): (vcom-1615) Existing entity 'tb_fetch_Logic' at /home/cfergen/cpre381/CPRE381TermProject/cpre381-toolflow/proj/src/FetchLogic/tb_fetch_logic.vhd(13) will be overwritten.
-- Compiling entity tb_fetch_Logic
** Warning: proj/src/TopLevel/FetchLogic/tb_fetch_logic.vhd(16): (vcom-1615) Existing architecture 'tb_fetch_Logic(behavior)' at /home/cfergen/cpre381/CPRE381TermProject/cpre381-toolflow/proj/src/FetchLogic/tb_fetch_logic.vhd(16) will be overwritten.
-- Compiling architecture behavior of tb_fetch_Logic
** Warning: proj/src/TopLevel/FetchLogic/Supporting files/PCReg.vhd(23): (vcom-1615) Existing entity 'PCReg' at /home/cfergen/cpre381/CPRE381TermProject/cpre381-toolflow/proj/src/FetchLogic/Supporting files/PCReg.vhd(23) will be overwritten.
-- Compiling entity PCReg
** Warning: proj/src/TopLevel/FetchLogic/Supporting files/PCReg.vhd(34): (vcom-1615) Existing architecture 'PCReg(structural)' at /home/cfergen/cpre381/CPRE381TermProject/cpre381-toolflow/proj/src/FetchLogic/Supporting files/PCReg.vhd(34) will be overwritten.
-- Compiling architecture structural of PCReg
** Warning: proj/src/TopLevel/FetchLogic/Supporting files/tb_pcreg.vhd(14): (vcom-1615) Existing entity 'tb_PCReg' at /home/cfergen/cpre381/CPRE381TermProject/cpre381-toolflow/proj/src/FetchLogic/Supporting files/tb_pcreg.vhd(14) will be overwritten.
-- Compiling entity tb_PCReg
** Warning: proj/src/TopLevel/FetchLogic/Supporting files/tb_pcreg.vhd(17): (vcom-1615) Existing architecture 'tb_PCReg(behavior)' at /home/cfergen/cpre381/CPRE381TermProject/cpre381-toolflow/proj/src/FetchLogic/Supporting files/tb_pcreg.vhd(17) will be overwritten.
-- Compiling architecture behavior of tb_PCReg
** Warning: proj/src/TopLevel/FetchLogic/Supporting files/tb_shiftleft2N.vhd(15): (vcom-1615) Existing entity 'tb_shiftleft2N' at /home/cfergen/cpre381/CPRE381TermProject/cpre381-toolflow/proj/src/FetchLogic/Supporting files/tb_shiftleft2N.vhd(15) will be overwritten.
-- Compiling entity tb_shiftleft2N
** Warning: proj/src/TopLevel/FetchLogic/Supporting files/tb_shiftleft2N.vhd(18): (vcom-1615) Existing architecture 'tb_shiftleft2N(behavior)' at /home/cfergen/cpre381/CPRE381TermProject/cpre381-toolflow/proj/src/FetchLogic/Supporting files/tb_shiftleft2N.vhd(18) will be overwritten.
-- Compiling architecture behavior of tb_shiftleft2N
** Warning: proj/src/TopLevel/FetchLogic/Supporting files/bit16_extenders.vhd(15): (vcom-1615) Existing entity 'bit16_extender' at /home/cfergen/cpre381/CPRE381TermProject/cpre381-toolflow/proj/src/FetchLogic/Supporting files/bit16_extenders.vhd(15) will be overwritten.
-- Compiling entity bit16_extender
** Warning: proj/src/TopLevel/FetchLogic/Supporting files/bit16_extenders.vhd(24): (vcom-1615) Existing architecture 'bit16_extender(flow)' at /home/cfergen/cpre381/CPRE381TermProject/cpre381-toolflow/proj/src/FetchLogic/Supporting files/bit16_extenders.vhd(24) will be overwritten.
-- Compiling architecture flow of bit16_extender
** Warning: proj/src/TopLevel/FetchLogic/Supporting files/shiftleft2N.vhd(22): (vcom-1615) Existing entity 'shiftleft2N' at /home/cfergen/cpre381/CPRE381TermProject/cpre381-toolflow/proj/src/FetchLogic/Supporting files/shiftleft2N.vhd(22) will be overwritten.
-- Compiling entity shiftleft2N
** Warning: proj/src/TopLevel/FetchLogic/Supporting files/shiftleft2N.vhd(33): (vcom-1615) Existing architecture 'shiftleft2N(Behavioral)' at /home/cfergen/cpre381/CPRE381TermProject/cpre381-toolflow/proj/src/FetchLogic/Supporting files/shiftleft2N.vhd(33) will be overwritten.
-- Compiling architecture Behavioral of shiftleft2N
** Warning: proj/src/TopLevel/FetchLogic/Gates/NbitRegister.vhd(8): (vcom-1615) Existing entity 'nbitregister' at /home/cfergen/cpre381/CPRE381TermProject/cpre381-toolflow/proj/src/FetchLogic/Gates/NbitRegister.vhd(8) will be overwritten.
-- Compiling entity nbitregister
** Warning: proj/src/TopLevel/FetchLogic/Gates/NbitRegister.vhd(19): (vcom-1615) Existing architecture 'nbitregister(structural)' at /home/cfergen/cpre381/CPRE381TermProject/cpre381-toolflow/proj/src/FetchLogic/Gates/NbitRegister.vhd(19) will be overwritten.
-- Compiling architecture structural of nbitregister
** Warning: proj/src/TopLevel/BasicGates/andg2.vhd(23): (vcom-1615) Existing entity 'andg2' at proj/src/TopLevel/aluUnit/basicGates/andg2.vhd(23) will be overwritten.
-- Compiling entity andg2
** Warning: proj/src/TopLevel/BasicGates/andg2.vhd(31): (vcom-1615) Existing architecture 'andg2(dataflow)' at proj/src/TopLevel/aluUnit/basicGates/andg2.vhd(31) will be overwritten.
-- Compiling architecture dataflow of andg2
** Warning: proj/src/TopLevel/BasicGates/org2.vhd(23): (vcom-1615) Existing entity 'org2' at proj/src/TopLevel/aluUnit/basicGates/org2.vhd(23) will be overwritten.
-- Compiling entity org2
** Warning: proj/src/TopLevel/BasicGates/org2.vhd(31): (vcom-1615) Existing architecture 'org2(dataflow)' at proj/src/TopLevel/aluUnit/basicGates/org2.vhd(31) will be overwritten.
-- Compiling architecture dataflow of org2
** Warning: proj/src/TopLevel/BasicGates/dffg.vhd(23): (vcom-1615) Existing entity 'dffg' at /home/cfergen/cpre381/CPRE381TermProject/cpre381-toolflow/proj/src/BasicGates/register/dffg.vhd(23) will be overwritten.
-- Compiling entity dffg
** Warning: proj/src/TopLevel/BasicGates/dffg.vhd(33): (vcom-1615) Existing architecture 'dffg(mixed)' at /home/cfergen/cpre381/CPRE381TermProject/cpre381-toolflow/proj/src/BasicGates/register/dffg.vhd(33) will be overwritten.
-- Compiling architecture mixed of dffg
** Warning: proj/src/TopLevel/BasicGates/invg.vhd(23): (vcom-1615) Existing entity 'invg' at proj/src/TopLevel/aluUnit/basicGates/invg.vhd(23) will be overwritten.
-- Compiling entity invg
** Warning: proj/src/TopLevel/BasicGates/invg.vhd(30): (vcom-1615) Existing architecture 'invg(dataflow)' at proj/src/TopLevel/aluUnit/basicGates/invg.vhd(30) will be overwritten.
-- Compiling architecture dataflow of invg
** Warning: proj/src/TopLevel/BasicGates/xorg2.vhd(23): (vcom-1615) Existing entity 'xorg2' at proj/src/TopLevel/aluUnit/basicGates/xorg2.vhd(23) will be overwritten.
-- Compiling entity xorg2
** Warning: proj/src/TopLevel/BasicGates/xorg2.vhd(31): (vcom-1615) Existing architecture 'xorg2(dataflow)' at proj/src/TopLevel/aluUnit/basicGates/xorg2.vhd(31) will be overwritten.
-- Compiling architecture dataflow of xorg2
** Warning: proj/src/TopLevel/BasicGates/Adder/rippleCarryAdderN.vhd(20): (vcom-1615) Existing entity 'rippleCarryAdderN' at /home/cfergen/cpre381/CPRE381TermProject/cpre381-toolflow/proj/src/BasicGates/Adder/rippleCarryAdderN.vhd(20) will be overwritten.
-- Compiling entity rippleCarryAdderN
** Warning: proj/src/TopLevel/BasicGates/Adder/rippleCarryAdderN.vhd(30): (vcom-1615) Existing architecture 'rippleCarryAdderN(structural)' at /home/cfergen/cpre381/CPRE381TermProject/cpre381-toolflow/proj/src/BasicGates/Adder/rippleCarryAdderN.vhd(30) will be overwritten.
-- Compiling architecture structural of rippleCarryAdderN
** Warning: proj/src/TopLevel/BasicGates/Adder/adder1b.vhd(8): (vcom-1615) Existing entity 'Adder1b' at /home/cfergen/cpre381/CPRE381TermProject/cpre381-toolflow/proj/src/BasicGates/Adder/adder1b.vhd(8) will be overwritten.
-- Compiling entity Adder1b
** Warning: proj/src/TopLevel/BasicGates/Adder/adder1b.vhd(19): (vcom-1615) Existing architecture 'Adder1b(structural)' at /home/cfergen/cpre381/CPRE381TermProject/cpre381-toolflow/proj/src/BasicGates/Adder/adder1b.vhd(19) will be overwritten.
-- Compiling architecture structural of Adder1b
** Warning: proj/src/TopLevel/BasicGates/register/dffg.vhd(23): (vcom-1615) Existing entity 'dffg' at proj/src/TopLevel/BasicGates/dffg.vhd(23) will be overwritten.
-- Compiling entity dffg
** Warning: proj/src/TopLevel/BasicGates/register/dffg.vhd(33): (vcom-1615) Existing architecture 'dffg(mixed)' at proj/src/TopLevel/BasicGates/dffg.vhd(33) will be overwritten.
-- Compiling architecture mixed of dffg
-- Loading package register_package
** Warning: proj/src/TopLevel/BasicGates/register/MIPSregister.vhd(21): (vcom-1615) Existing entity 'MIPSregister' at /home/cfergen/cpre381/CPRE381TermProject/cpre381-toolflow/proj/src/BasicGates/register/MIPSregister.vhd(21) will be overwritten.
-- Compiling entity MIPSregister
** Warning: proj/src/TopLevel/BasicGates/register/MIPSregister.vhd(42): (vcom-1615) Existing architecture 'MIPSregister(structure)' at /home/cfergen/cpre381/CPRE381TermProject/cpre381-toolflow/proj/src/BasicGates/register/MIPSregister.vhd(42) will be overwritten.
-- Compiling architecture structure of MIPSregister
** Warning: proj/src/TopLevel/BasicGates/register/tb_mux32_1.vhd(20): (vcom-1615) Existing entity 'tb_mux32_1' at /home/cfergen/cpre381/CPRE381TermProject/cpre381-toolflow/proj/src/BasicGates/register/tb_mux32_1.vhd(20) will be overwritten.
-- Compiling entity tb_mux32_1
** Warning: proj/src/TopLevel/BasicGates/register/tb_mux32_1.vhd(24): (vcom-1615) Existing architecture 'tb_mux32_1(behavior)' at /home/cfergen/cpre381/CPRE381TermProject/cpre381-toolflow/proj/src/BasicGates/register/tb_mux32_1.vhd(24) will be overwritten.
-- Compiling architecture behavior of tb_mux32_1
** Warning: proj/src/TopLevel/BasicGates/register/decoder5_32.vhd(20): (vcom-1615) Existing entity 'decoder5_32' at /home/cfergen/cpre381/CPRE381TermProject/cpre381-toolflow/proj/src/BasicGates/register/decoder5_32.vhd(20) will be overwritten.
-- Compiling entity decoder5_32
** Warning: proj/src/TopLevel/BasicGates/register/decoder5_32.vhd(26): (vcom-1615) Existing architecture 'decoder5_32(decoder)' at /home/cfergen/cpre381/CPRE381TermProject/cpre381-toolflow/proj/src/BasicGates/register/decoder5_32.vhd(26) will be overwritten.
-- Compiling architecture decoder of decoder5_32
** Warning: proj/src/TopLevel/BasicGates/register/tb_MIPSregister.vhd(21): (vcom-1615) Existing entity 'tb_MIPSregister' at /home/cfergen/cpre381/CPRE381TermProject/cpre381-toolflow/proj/src/BasicGates/register/tb_MIPSregister.vhd(21) will be overwritten.
-- Compiling entity tb_MIPSregister
** Warning: proj/src/TopLevel/BasicGates/register/tb_MIPSregister.vhd(27): (vcom-1615) Existing architecture 'tb_MIPSregister(mixed)' at /home/cfergen/cpre381/CPRE381TermProject/cpre381-toolflow/proj/src/BasicGates/register/tb_MIPSregister.vhd(27) will be overwritten.
-- Compiling architecture mixed of tb_MIPSregister
** Warning: proj/src/TopLevel/BasicGates/register/tb_decoder5_32.vhd(20): (vcom-1615) Existing entity 'tb_decoder5_32' at /home/cfergen/cpre381/CPRE381TermProject/cpre381-toolflow/proj/src/BasicGates/register/tb_decoder5_32.vhd(20) will be overwritten.
-- Compiling entity tb_decoder5_32
** Warning: proj/src/TopLevel/BasicGates/register/tb_decoder5_32.vhd(24): (vcom-1615) Existing architecture 'tb_decoder5_32(behavior)' at /home/cfergen/cpre381/CPRE381TermProject/cpre381-toolflow/proj/src/BasicGates/register/tb_decoder5_32.vhd(24) will be overwritten.
-- Compiling architecture behavior of tb_decoder5_32
** Warning: proj/src/TopLevel/BasicGates/register/tb_dffg.vhd(23): (vcom-1615) Existing entity 'tb_dffg' at /home/cfergen/cpre381/CPRE381TermProject/cpre381-toolflow/proj/src/BasicGates/register/tb_dffg.vhd(23) will be overwritten.
-- Compiling entity tb_dffg
** Warning: proj/src/TopLevel/BasicGates/register/tb_dffg.vhd(27): (vcom-1615) Existing architecture 'tb_dffg(behavior)' at /home/cfergen/cpre381/CPRE381TermProject/cpre381-toolflow/proj/src/BasicGates/register/tb_dffg.vhd(27) will be overwritten.
-- Compiling architecture behavior of tb_dffg
** Warning: proj/src/TopLevel/BasicGates/register/dffgN.vhd(20): (vcom-1615) Existing entity 'dffgN' at /home/cfergen/cpre381/CPRE381TermProject/cpre381-toolflow/proj/src/BasicGates/register/dffgN.vhd(20) will be overwritten.
-- Compiling entity dffgN
** Warning: proj/src/TopLevel/BasicGates/register/dffgN.vhd(30): (vcom-1615) Existing architecture 'dffgN(structural)' at /home/cfergen/cpre381/CPRE381TermProject/cpre381-toolflow/proj/src/BasicGates/register/dffgN.vhd(30) will be overwritten.
-- Compiling architecture structural of dffgN
** Warning: proj/src/TopLevel/BasicGates/register/register_package.vhd(19): (vcom-1615) Existing package 'register_package' at /home/cfergen/cpre381/CPRE381TermProject/cpre381-toolflow/proj/src/BasicGates/register/register_package.vhd(19) will be overwritten.
-- Compiling package register_package
** Warning: proj/src/TopLevel/BasicGates/register/tb_dffgN.vhd(20): (vcom-1615) Existing entity 'tb_dffgN' at /home/cfergen/cpre381/CPRE381TermProject/cpre381-toolflow/proj/src/BasicGates/register/tb_dffgN.vhd(20) will be overwritten.
-- Compiling entity tb_dffgN
** Warning: proj/src/TopLevel/BasicGates/register/tb_dffgN.vhd(24): (vcom-1615) Existing architecture 'tb_dffgN(behavior)' at /home/cfergen/cpre381/CPRE381TermProject/cpre381-toolflow/proj/src/BasicGates/register/tb_dffgN.vhd(24) will be overwritten.
-- Compiling architecture behavior of tb_dffgN
** Warning: proj/src/TopLevel/BasicGates/register/mux32_1.vhd(20): (vcom-1615) Existing entity 'mux32_1' at proj/src/TopLevel/aluUnit/basicGates/mux32_1.vhd(20) will be overwritten.
-- Compiling entity mux32_1
** Warning: proj/src/TopLevel/BasicGates/register/mux32_1.vhd(29): (vcom-1615) Existing architecture 'mux32_1(mux)' at proj/src/TopLevel/aluUnit/basicGates/mux32_1.vhd(29) will be overwritten.
-- Compiling architecture mux of mux32_1
** Warning: proj/src/BasicGates/xorg2.vhd(23): (vcom-1615) Existing entity 'xorg2' at proj/src/TopLevel/BasicGates/xorg2.vhd(23) will be overwritten.
-- Compiling entity xorg2
** Warning: proj/src/BasicGates/xorg2.vhd(31): (vcom-1615) Existing architecture 'xorg2(dataflow)' at proj/src/TopLevel/BasicGates/xorg2.vhd(31) will be overwritten.
-- Compiling architecture dataflow of xorg2
** Warning: proj/src/BasicGates/org2.vhd(23): (vcom-1615) Existing entity 'org2' at proj/src/TopLevel/BasicGates/org2.vhd(23) will be overwritten.
-- Compiling entity org2
** Warning: proj/src/BasicGates/org2.vhd(31): (vcom-1615) Existing architecture 'org2(dataflow)' at proj/src/TopLevel/BasicGates/org2.vhd(31) will be overwritten.
-- Compiling architecture dataflow of org2
** Warning: proj/src/BasicGates/dffg.vhd(23): (vcom-1615) Existing entity 'dffg' at proj/src/TopLevel/BasicGates/register/dffg.vhd(23) will be overwritten.
-- Compiling entity dffg
** Warning: proj/src/BasicGates/dffg.vhd(33): (vcom-1615) Existing architecture 'dffg(mixed)' at proj/src/TopLevel/BasicGates/register/dffg.vhd(33) will be overwritten.
-- Compiling architecture mixed of dffg
** Warning: proj/src/BasicGates/invg.vhd(23): (vcom-1615) Existing entity 'invg' at proj/src/TopLevel/BasicGates/invg.vhd(23) will be overwritten.
-- Compiling entity invg
** Warning: proj/src/BasicGates/invg.vhd(30): (vcom-1615) Existing architecture 'invg(dataflow)' at proj/src/TopLevel/BasicGates/invg.vhd(30) will be overwritten.
-- Compiling architecture dataflow of invg
** Warning: proj/src/BasicGates/andg2.vhd(23): (vcom-1615) Existing entity 'andg2' at proj/src/TopLevel/BasicGates/andg2.vhd(23) will be overwritten.
-- Compiling entity andg2
** Warning: proj/src/BasicGates/andg2.vhd(31): (vcom-1615) Existing architecture 'andg2(dataflow)' at proj/src/TopLevel/BasicGates/andg2.vhd(31) will be overwritten.
-- Compiling architecture dataflow of andg2
** Warning: proj/src/BasicGates/Adder/rippleCarryAdderN.vhd(20): (vcom-1615) Existing entity 'rippleCarryAdderN' at proj/src/TopLevel/BasicGates/Adder/rippleCarryAdderN.vhd(20) will be overwritten.
-- Compiling entity rippleCarryAdderN
** Warning: proj/src/BasicGates/Adder/rippleCarryAdderN.vhd(30): (vcom-1615) Existing architecture 'rippleCarryAdderN(structural)' at proj/src/TopLevel/BasicGates/Adder/rippleCarryAdderN.vhd(30) will be overwritten.
-- Compiling architecture structural of rippleCarryAdderN
** Warning: proj/src/BasicGates/Adder/adder1b.vhd(8): (vcom-1615) Existing entity 'Adder1b' at proj/src/TopLevel/BasicGates/Adder/adder1b.vhd(8) will be overwritten.
-- Compiling entity Adder1b
** Warning: proj/src/BasicGates/Adder/adder1b.vhd(19): (vcom-1615) Existing architecture 'Adder1b(structural)' at proj/src/TopLevel/BasicGates/Adder/adder1b.vhd(19) will be overwritten.
-- Compiling architecture structural of Adder1b
** Warning: proj/src/BasicGates/register/dffg.vhd(23): (vcom-1615) Existing entity 'dffg' at proj/src/BasicGates/dffg.vhd(23) will be overwritten.
-- Compiling entity dffg
** Warning: proj/src/BasicGates/register/dffg.vhd(33): (vcom-1615) Existing architecture 'dffg(mixed)' at proj/src/BasicGates/dffg.vhd(33) will be overwritten.
-- Compiling architecture mixed of dffg
-- Loading package register_package
** Warning: proj/src/BasicGates/register/MIPSregister.vhd(21): (vcom-1615) Existing entity 'MIPSregister' at proj/src/TopLevel/BasicGates/register/MIPSregister.vhd(21) will be overwritten.
-- Compiling entity MIPSregister
** Warning: proj/src/BasicGates/register/MIPSregister.vhd(42): (vcom-1615) Existing architecture 'MIPSregister(structure)' at proj/src/TopLevel/BasicGates/register/MIPSregister.vhd(42) will be overwritten.
-- Compiling architecture structure of MIPSregister
** Warning: proj/src/BasicGates/register/tb_dffgN.vhd(20): (vcom-1615) Existing entity 'tb_dffgN' at proj/src/TopLevel/BasicGates/register/tb_dffgN.vhd(20) will be overwritten.
-- Compiling entity tb_dffgN
** Warning: proj/src/BasicGates/register/tb_dffgN.vhd(24): (vcom-1615) Existing architecture 'tb_dffgN(behavior)' at proj/src/TopLevel/BasicGates/register/tb_dffgN.vhd(24) will be overwritten.
-- Compiling architecture behavior of tb_dffgN
** Warning: proj/src/BasicGates/register/mux32_1.vhd(20): (vcom-1615) Existing entity 'mux32_1' at proj/src/TopLevel/BasicGates/register/mux32_1.vhd(20) will be overwritten.
-- Compiling entity mux32_1
** Warning: proj/src/BasicGates/register/mux32_1.vhd(29): (vcom-1615) Existing architecture 'mux32_1(mux)' at proj/src/TopLevel/BasicGates/register/mux32_1.vhd(29) will be overwritten.
-- Compiling architecture mux of mux32_1
** Warning: proj/src/BasicGates/register/decoder5_32.vhd(20): (vcom-1615) Existing entity 'decoder5_32' at proj/src/TopLevel/BasicGates/register/decoder5_32.vhd(20) will be overwritten.
-- Compiling entity decoder5_32
** Warning: proj/src/BasicGates/register/decoder5_32.vhd(26): (vcom-1615) Existing architecture 'decoder5_32(decoder)' at proj/src/TopLevel/BasicGates/register/decoder5_32.vhd(26) will be overwritten.
-- Compiling architecture decoder of decoder5_32
** Warning: proj/src/BasicGates/register/tb_mux32_1.vhd(20): (vcom-1615) Existing entity 'tb_mux32_1' at proj/src/TopLevel/BasicGates/register/tb_mux32_1.vhd(20) will be overwritten.
-- Compiling entity tb_mux32_1
** Warning: proj/src/BasicGates/register/tb_mux32_1.vhd(24): (vcom-1615) Existing architecture 'tb_mux32_1(behavior)' at proj/src/TopLevel/BasicGates/register/tb_mux32_1.vhd(24) will be overwritten.
-- Compiling architecture behavior of tb_mux32_1
** Warning: proj/src/BasicGates/register/tb_decoder5_32.vhd(20): (vcom-1615) Existing entity 'tb_decoder5_32' at proj/src/TopLevel/BasicGates/register/tb_decoder5_32.vhd(20) will be overwritten.
-- Compiling entity tb_decoder5_32
** Warning: proj/src/BasicGates/register/tb_decoder5_32.vhd(24): (vcom-1615) Existing architecture 'tb_decoder5_32(behavior)' at proj/src/TopLevel/BasicGates/register/tb_decoder5_32.vhd(24) will be overwritten.
-- Compiling architecture behavior of tb_decoder5_32
** Warning: proj/src/BasicGates/register/register_package.vhd(19): (vcom-1615) Existing package 'register_package' at proj/src/TopLevel/BasicGates/register/register_package.vhd(19) will be overwritten.
-- Compiling package register_package
** Warning: proj/src/BasicGates/register/tb_dffg.vhd(23): (vcom-1615) Existing entity 'tb_dffg' at proj/src/TopLevel/BasicGates/register/tb_dffg.vhd(23) will be overwritten.
-- Compiling entity tb_dffg
** Warning: proj/src/BasicGates/register/tb_dffg.vhd(27): (vcom-1615) Existing architecture 'tb_dffg(behavior)' at proj/src/TopLevel/BasicGates/register/tb_dffg.vhd(27) will be overwritten.
-- Compiling architecture behavior of tb_dffg
** Warning: proj/src/BasicGates/register/dffgN.vhd(20): (vcom-1615) Existing entity 'dffgN' at proj/src/TopLevel/BasicGates/register/dffgN.vhd(20) will be overwritten.
-- Compiling entity dffgN
** Warning: proj/src/BasicGates/register/dffgN.vhd(30): (vcom-1615) Existing architecture 'dffgN(structural)' at proj/src/TopLevel/BasicGates/register/dffgN.vhd(30) will be overwritten.
-- Compiling architecture structural of dffgN
** Warning: proj/src/BasicGates/register/tb_MIPSregister.vhd(21): (vcom-1615) Existing entity 'tb_MIPSregister' at proj/src/TopLevel/BasicGates/register/tb_MIPSregister.vhd(21) will be overwritten.
-- Compiling entity tb_MIPSregister
** Warning: proj/src/BasicGates/register/tb_MIPSregister.vhd(27): (vcom-1615) Existing architecture 'tb_MIPSregister(mixed)' at proj/src/TopLevel/BasicGates/register/tb_MIPSregister.vhd(27) will be overwritten.
-- Compiling architecture mixed of tb_MIPSregister
** Warning: proj/src/FetchLogic/fetch_Logic.vhd(23): (vcom-1615) Existing entity 'fetch_Logic' at proj/src/TopLevel/FetchLogic/fetch_Logic.vhd(23) will be overwritten.
-- Compiling entity fetch_Logic
** Warning: proj/src/FetchLogic/fetch_Logic.vhd(41): (vcom-1615) Existing architecture 'fetch_logic(mixed)' at proj/src/TopLevel/FetchLogic/fetch_Logic.vhd(41) will be overwritten.
-- Compiling architecture mixed of fetch_logic
** Warning: proj/src/FetchLogic/tb_fetch_logic.vhd(13): (vcom-1615) Existing entity 'tb_fetch_Logic' at proj/src/TopLevel/FetchLogic/tb_fetch_logic.vhd(13) will be overwritten.
-- Compiling entity tb_fetch_Logic
** Warning: proj/src/FetchLogic/tb_fetch_logic.vhd(16): (vcom-1615) Existing architecture 'tb_fetch_Logic(behavior)' at proj/src/TopLevel/FetchLogic/tb_fetch_logic.vhd(16) will be overwritten.
-- Compiling architecture behavior of tb_fetch_Logic
** Warning: proj/src/FetchLogic/Gates/NbitRegister.vhd(8): (vcom-1615) Existing entity 'nbitregister' at proj/src/TopLevel/FetchLogic/Gates/NbitRegister.vhd(8) will be overwritten.
-- Compiling entity nbitregister
** Warning: proj/src/FetchLogic/Gates/NbitRegister.vhd(19): (vcom-1615) Existing architecture 'nbitregister(structural)' at proj/src/TopLevel/FetchLogic/Gates/NbitRegister.vhd(19) will be overwritten.
-- Compiling architecture structural of nbitregister
** Warning: proj/src/FetchLogic/Supporting files/tb_pcreg.vhd(14): (vcom-1615) Existing entity 'tb_PCReg' at proj/src/TopLevel/FetchLogic/Supporting files/tb_pcreg.vhd(14) will be overwritten.
-- Compiling entity tb_PCReg
** Warning: proj/src/FetchLogic/Supporting files/tb_pcreg.vhd(17): (vcom-1615) Existing architecture 'tb_PCReg(behavior)' at proj/src/TopLevel/FetchLogic/Supporting files/tb_pcreg.vhd(17) will be overwritten.
-- Compiling architecture behavior of tb_PCReg
** Warning: proj/src/FetchLogic/Supporting files/PCReg.vhd(23): (vcom-1615) Existing entity 'PCReg' at proj/src/TopLevel/FetchLogic/Supporting files/PCReg.vhd(23) will be overwritten.
-- Compiling entity PCReg
** Warning: proj/src/FetchLogic/Supporting files/PCReg.vhd(34): (vcom-1615) Existing architecture 'PCReg(structural)' at proj/src/TopLevel/FetchLogic/Supporting files/PCReg.vhd(34) will be overwritten.
-- Compiling architecture structural of PCReg
** Warning: proj/src/FetchLogic/Supporting files/shiftleft2N.vhd(22): (vcom-1615) Existing entity 'shiftleft2N' at proj/src/TopLevel/FetchLogic/Supporting files/shiftleft2N.vhd(22) will be overwritten.
-- Compiling entity shiftleft2N
** Warning: proj/src/FetchLogic/Supporting files/shiftleft2N.vhd(33): (vcom-1615) Existing architecture 'shiftleft2N(Behavioral)' at proj/src/TopLevel/FetchLogic/Supporting files/shiftleft2N.vhd(33) will be overwritten.
-- Compiling architecture Behavioral of shiftleft2N
** Warning: proj/src/FetchLogic/Supporting files/bit16_extenders.vhd(15): (vcom-1615) Existing entity 'bit16_extender' at proj/src/TopLevel/FetchLogic/Supporting files/bit16_extenders.vhd(15) will be overwritten.
-- Compiling entity bit16_extender
** Warning: proj/src/FetchLogic/Supporting files/bit16_extenders.vhd(24): (vcom-1615) Existing architecture 'bit16_extender(flow)' at proj/src/TopLevel/FetchLogic/Supporting files/bit16_extenders.vhd(24) will be overwritten.
-- Compiling architecture flow of bit16_extender
** Warning: proj/src/FetchLogic/Supporting files/tb_shiftleft2N.vhd(15): (vcom-1615) Existing entity 'tb_shiftleft2N' at proj/src/TopLevel/FetchLogic/Supporting files/tb_shiftleft2N.vhd(15) will be overwritten.
-- Compiling entity tb_shiftleft2N
** Warning: proj/src/FetchLogic/Supporting files/tb_shiftleft2N.vhd(18): (vcom-1615) Existing architecture 'tb_shiftleft2N(behavior)' at proj/src/TopLevel/FetchLogic/Supporting files/tb_shiftleft2N.vhd(18) will be overwritten.
-- Compiling architecture behavior of tb_shiftleft2N
** Warning: proj/src/loadMemModule/tb_loadMemModule.vhd(22): (vcom-1615) Existing entity 'tb_loadMemModule' at proj/src/TopLevel/loadMemModule/tb_loadMemModule.vhd(22) will be overwritten.
-- Compiling entity tb_loadMemModule
** Warning: proj/src/loadMemModule/tb_loadMemModule.vhd(28): (vcom-1615) Existing architecture 'tb_loadMemModule(mixed)' at proj/src/TopLevel/loadMemModule/tb_loadMemModule.vhd(28) will be overwritten.
-- Compiling architecture mixed of tb_loadMemModule
** Warning: proj/src/loadMemModule/loadMemModule.vhd(17): (vcom-1615) Existing entity 'loadMemModule' at proj/src/TopLevel/loadMemModule/loadMemModule.vhd(17) will be overwritten.
-- Compiling entity loadMemModule
** Warning: proj/src/loadMemModule/loadMemModule.vhd(32): (vcom-1615) Existing architecture 'loadMemModule(structure)' at proj/src/TopLevel/loadMemModule/loadMemModule.vhd(32) will be overwritten.
-- Compiling architecture structure of loadMemModule
** Warning: proj/src/ControlLogic/tb_control_Logic.vhd(20): (vcom-1615) Existing entity 'tb_control_Logic' at proj/src/TopLevel/ControlLogic/tb_control_Logic.vhd(20) will be overwritten.
-- Compiling entity tb_control_Logic
** Warning: proj/src/ControlLogic/tb_control_Logic.vhd(24): (vcom-1615) Existing architecture 'tb_control_Logic(behavior)' at proj/src/TopLevel/ControlLogic/tb_control_Logic.vhd(24) will be overwritten.
-- Compiling architecture behavior of tb_control_Logic
** Warning: proj/src/ControlLogic/control_Logic.vhd(28): (vcom-1615) Existing entity 'control_Logic' at proj/src/TopLevel/ControlLogic/control_Logic.vhd(28) will be overwritten.
-- Compiling entity control_Logic
** Warning: proj/src/ControlLogic/control_Logic.vhd(40): (vcom-1615) Existing architecture 'control_Logic(flow)' at proj/src/TopLevel/ControlLogic/control_Logic.vhd(40) will be overwritten.
-- Compiling architecture flow of control_Logic
** Warning: proj/src/aluUnit/allstuff/xorG_N.vhd(21): (vcom-1615) Existing entity 'xorG_N' at proj/src/TopLevel/aluUnit/basicGates/xorG_N.vhd(21) will be overwritten.
-- Compiling entity xorG_N
** Warning: proj/src/aluUnit/allstuff/xorG_N.vhd(29): (vcom-1615) Existing architecture 'xorG_N(structural)' at proj/src/TopLevel/aluUnit/basicGates/xorG_N.vhd(29) will be overwritten.
-- Compiling architecture structural of xorG_N
** Warning: proj/src/aluUnit/allstuff/mux16_1.vhd(20): (vcom-1615) Existing entity 'mux16_1' at proj/src/TopLevel/aluUnit/basicGates/mux16_1.vhd(20) will be overwritten.
-- Compiling entity mux16_1
** Warning: proj/src/aluUnit/allstuff/mux16_1.vhd(28): (vcom-1615) Existing architecture 'mux16_1(mux)' at proj/src/TopLevel/aluUnit/basicGates/mux16_1.vhd(28) will be overwritten.
-- Compiling architecture mux of mux16_1
** Warning: proj/src/aluUnit/allstuff/mux8b4t1.vhd(20): (vcom-1615) Existing entity 'mux8b4t1' at proj/src/TopLevel/aluUnit/basicGates/mux8b4t1.vhd(20) will be overwritten.
-- Compiling entity mux8b4t1
** Warning: proj/src/aluUnit/allstuff/mux8b4t1.vhd(27): (vcom-1615) Existing architecture 'mux8b4t1(mux)' at proj/src/TopLevel/aluUnit/basicGates/mux8b4t1.vhd(27) will be overwritten.
-- Compiling architecture mux of mux8b4t1
** Warning: proj/src/aluUnit/allstuff/tb_bit_extenders24b.vhd(25): (vcom-1615) Existing entity 'tb_bit_extenders24b' at proj/src/TopLevel/aluUnit/testBenches/tb_bit_extenders24b.vhd(25) will be overwritten.
-- Compiling entity tb_bit_extenders24b
** Warning: proj/src/aluUnit/allstuff/tb_bit_extenders24b.vhd(29): (vcom-1615) Existing architecture 'tb_bit_extenders24b(behavior)' at proj/src/TopLevel/aluUnit/testBenches/tb_bit_extenders24b.vhd(29) will be overwritten.
-- Compiling architecture behavior of tb_bit_extenders24b
** Warning: proj/src/aluUnit/allstuff/lui.vhd(21): (vcom-1615) Existing entity 'lui' at proj/src/TopLevel/aluUnit/lui.vhd(21) will be overwritten.
-- Compiling entity lui
** Warning: proj/src/aluUnit/allstuff/lui.vhd(33): (vcom-1615) Existing architecture 'lui(flow)' at proj/src/TopLevel/aluUnit/lui.vhd(33) will be overwritten.
-- Compiling architecture flow of lui
** Warning: proj/src/aluUnit/allstuff/tb_orG_N.vhd(21): (vcom-1615) Existing entity 'tb_orG_N' at proj/src/TopLevel/aluUnit/testBenches/tb_orG_N.vhd(21) will be overwritten.
-- Compiling entity tb_orG_N
** Warning: proj/src/aluUnit/allstuff/tb_orG_N.vhd(28): (vcom-1615) Existing architecture 'tb_orG_N(mixed)' at proj/src/TopLevel/aluUnit/testBenches/tb_orG_N.vhd(28) will be overwritten.
-- Compiling architecture mixed of tb_orG_N
** Warning: proj/src/aluUnit/allstuff/norG_N.vhd(17): (vcom-1615) Existing entity 'norG_N' at proj/src/TopLevel/aluUnit/basicGates/norG_N.vhd(17) will be overwritten.
-- Compiling entity norG_N
** Warning: proj/src/aluUnit/allstuff/norG_N.vhd(30): (vcom-1615) Existing architecture 'norG_N(structure)' at proj/src/TopLevel/aluUnit/basicGates/norG_N.vhd(30) will be overwritten.
-- Compiling architecture structure of norG_N
** Warning: proj/src/aluUnit/allstuff/bit_extenders.vhd(22): (vcom-1615) Existing entity 'bit_extenders' at proj/src/TopLevel/aluUnit/basicGates/bit_extenders.vhd(22) will be overwritten.
-- Compiling entity bit_extenders
** Warning: proj/src/aluUnit/allstuff/bit_extenders.vhd(34): (vcom-1615) Existing architecture 'bit_extenders(flow)' at proj/src/TopLevel/aluUnit/basicGates/bit_extenders.vhd(34) will be overwritten.
-- Compiling architecture flow of bit_extenders
** Warning: proj/src/aluUnit/allstuff/tb_andG_N.vhd(21): (vcom-1615) Existing entity 'tb_andG_N' at proj/src/TopLevel/aluUnit/testBenches/tb_andG_N.vhd(21) will be overwritten.
-- Compiling entity tb_andG_N
** Warning: proj/src/aluUnit/allstuff/tb_andG_N.vhd(28): (vcom-1615) Existing architecture 'tb_andG_N(mixed)' at proj/src/TopLevel/aluUnit/testBenches/tb_andG_N.vhd(28) will be overwritten.
-- Compiling architecture mixed of tb_andG_N
** Warning: proj/src/aluUnit/allstuff/tb_slt.vhd(21): (vcom-1615) Existing entity 'tb_slt' at proj/src/TopLevel/aluUnit/testBenches/tb_slt.vhd(21) will be overwritten.
-- Compiling entity tb_slt
** Warning: proj/src/aluUnit/allstuff/tb_slt.vhd(28): (vcom-1615) Existing architecture 'tb_slt(mixed)' at proj/src/TopLevel/aluUnit/testBenches/tb_slt.vhd(28) will be overwritten.
-- Compiling architecture mixed of tb_slt
** Warning: proj/src/aluUnit/allstuff/andG32b.vhd(24): (vcom-1615) Existing entity 'andG32b' at proj/src/TopLevel/aluUnit/basicGates/andG32b.vhd(24) will be overwritten.
-- Compiling entity andG32b
** Warning: proj/src/aluUnit/allstuff/andG32b.vhd(33): (vcom-1615) Existing architecture 'andG32b(dataflow)' at proj/src/TopLevel/aluUnit/basicGates/andG32b.vhd(33) will be overwritten.
-- Compiling architecture dataflow of andG32b
** Warning: proj/src/aluUnit/allstuff/adderSubS.vhd(17): (vcom-1615) Existing entity 'adderSubS' at proj/src/TopLevel/aluUnit/adderSubS.vhd(17) will be overwritten.
-- Compiling entity adderSubS
** Warning: proj/src/aluUnit/allstuff/adderSubS.vhd(32): (vcom-1615) Existing architecture 'adderSubS(structure)' at proj/src/TopLevel/aluUnit/adderSubS.vhd(32) will be overwritten.
-- Compiling architecture structure of adderSubS
** Warning: proj/src/aluUnit/allstuff/mux2t1Flow.vhd(21): (vcom-1615) Existing entity 'mux2t1Flow' at proj/src/TopLevel/aluUnit/basicGates/mux2t1Flow.vhd(21) will be overwritten.
-- Compiling entity mux2t1Flow
** Warning: proj/src/aluUnit/allstuff/mux2t1Flow.vhd(27): (vcom-1615) Existing architecture 'mux2t1Flow(mux2t1F)' at proj/src/TopLevel/aluUnit/basicGates/mux2t1Flow.vhd(27) will be overwritten.
-- Compiling architecture mux2t1F of mux2t1Flow
** Warning: proj/src/aluUnit/allstuff/onesCompN.vhd(20): (vcom-1615) Existing entity 'onesCompN' at proj/src/TopLevel/aluUnit/onesCompN.vhd(20) will be overwritten.
-- Compiling entity onesCompN
** Warning: proj/src/aluUnit/allstuff/onesCompN.vhd(28): (vcom-1615) Existing architecture 'onesCompN(structural)' at proj/src/TopLevel/aluUnit/onesCompN.vhd(28) will be overwritten.
-- Compiling architecture structural of onesCompN
** Warning: proj/src/aluUnit/allstuff/xorg2.vhd(23): (vcom-1615) Existing entity 'xorg2' at proj/src/BasicGates/xorg2.vhd(23) will be overwritten.
-- Compiling entity xorg2
** Warning: proj/src/aluUnit/allstuff/xorg2.vhd(31): (vcom-1615) Existing architecture 'xorg2(dataflow)' at proj/src/BasicGates/xorg2.vhd(31) will be overwritten.
-- Compiling architecture dataflow of xorg2
** Warning: proj/src/aluUnit/allstuff/mux16b2t1.vhd(20): (vcom-1615) Existing entity 'mux16b2t1' at proj/src/TopLevel/aluUnit/basicGates/mux16b2t1.vhd(20) will be overwritten.
-- Compiling entity mux16b2t1
** Warning: proj/src/aluUnit/allstuff/mux16b2t1.vhd(27): (vcom-1615) Existing architecture 'mux16b2t1(mux)' at proj/src/TopLevel/aluUnit/basicGates/mux16b2t1.vhd(27) will be overwritten.
-- Compiling architecture mux of mux16b2t1
** Warning: proj/src/aluUnit/allstuff/tb_orG32b.vhd(21): (vcom-1615) Existing entity 'tb_orG32b' at proj/src/TopLevel/aluUnit/testBenches/tb_orG32b.vhd(21) will be overwritten.
-- Compiling entity tb_orG32b
** Warning: proj/src/aluUnit/allstuff/tb_orG32b.vhd(28): (vcom-1615) Existing architecture 'tb_orG32b(mixed)' at proj/src/TopLevel/aluUnit/testBenches/tb_orG32b.vhd(28) will be overwritten.
-- Compiling architecture mixed of tb_orG32b
** Warning: proj/src/aluUnit/allstuff/tb_mux16b2t1.vhd(21): (vcom-1615) Existing entity 'tb_mux16b2t1' at proj/src/TopLevel/aluUnit/testBenches/tb_mux16b2t1.vhd(21) will be overwritten.
-- Compiling entity tb_mux16b2t1
** Warning: proj/src/aluUnit/allstuff/tb_mux16b2t1.vhd(28): (vcom-1615) Existing architecture 'tb_mux16b2t1(mixed)' at proj/src/TopLevel/aluUnit/testBenches/tb_mux16b2t1.vhd(28) will be overwritten.
-- Compiling architecture mixed of tb_mux16b2t1
** Warning: proj/src/aluUnit/allstuff/tb_ALU.vhd(22): (vcom-1615) Existing entity 'tb_ALU' at proj/src/TopLevel/aluUnit/testBenches/tb_ALU.vhd(22) will be overwritten.
-- Compiling entity tb_ALU
** Warning: proj/src/aluUnit/allstuff/tb_ALU.vhd(28): (vcom-1615) Existing architecture 'tb_ALU(mixed)' at proj/src/TopLevel/aluUnit/testBenches/tb_ALU.vhd(28) will be overwritten.
-- Compiling architecture mixed of tb_ALU
** Warning: proj/src/aluUnit/allstuff/tb_onesCompN.vhd(21): (vcom-1615) Existing entity 'tb_onesCompN' at proj/src/TopLevel/aluUnit/testBenches/tb_onesCompN.vhd(21) will be overwritten.
-- Compiling entity tb_onesCompN
** Warning: proj/src/aluUnit/allstuff/tb_onesCompN.vhd(28): (vcom-1615) Existing architecture 'tb_onesCompN(mixed)' at proj/src/TopLevel/aluUnit/testBenches/tb_onesCompN.vhd(28) will be overwritten.
-- Compiling architecture mixed of tb_onesCompN
** Warning: proj/src/aluUnit/allstuff/org2.vhd(23): (vcom-1615) Existing entity 'org2' at proj/src/BasicGates/org2.vhd(23) will be overwritten.
-- Compiling entity org2
** Warning: proj/src/aluUnit/allstuff/org2.vhd(31): (vcom-1615) Existing architecture 'org2(dataflow)' at proj/src/BasicGates/org2.vhd(31) will be overwritten.
-- Compiling architecture dataflow of org2
** Warning: proj/src/aluUnit/allstuff/andG_N.vhd(21): (vcom-1615) Existing entity 'andG_N' at proj/src/TopLevel/aluUnit/basicGates/andG_N.vhd(21) will be overwritten.
-- Compiling entity andG_N
** Warning: proj/src/aluUnit/allstuff/andG_N.vhd(29): (vcom-1615) Existing architecture 'andG_N(structural)' at proj/src/TopLevel/aluUnit/basicGates/andG_N.vhd(29) will be overwritten.
-- Compiling architecture structural of andG_N
** Warning: proj/src/aluUnit/allstuff/slt.vhd(21): (vcom-1615) Existing entity 'slt' at proj/src/TopLevel/aluUnit/slt.vhd(21) will be overwritten.
-- Compiling entity slt
** Warning: proj/src/aluUnit/allstuff/slt.vhd(33): (vcom-1615) Existing architecture 'slt(behavorial)' at proj/src/TopLevel/aluUnit/slt.vhd(33) will be overwritten.
-- Compiling architecture behavorial of slt
** Warning: proj/src/aluUnit/allstuff/bit_extenders24b.vhd(22): (vcom-1615) Existing entity 'bit_extenders24b' at proj/src/TopLevel/aluUnit/basicGates/bit_extenders24b.vhd(22) will be overwritten.
-- Compiling entity bit_extenders24b
** Warning: proj/src/aluUnit/allstuff/bit_extenders24b.vhd(34): (vcom-1615) Existing architecture 'bit_extenders24b(flow)' at proj/src/TopLevel/aluUnit/basicGates/bit_extenders24b.vhd(34) will be overwritten.
-- Compiling architecture flow of bit_extenders24b
** Warning: proj/src/aluUnit/allstuff/tb_norG_N.vhd(21): (vcom-1615) Existing entity 'tb_norG_N' at proj/src/TopLevel/aluUnit/testBenches/tb_norG_N.vhd(21) will be overwritten.
-- Compiling entity tb_norG_N
** Warning: proj/src/aluUnit/allstuff/tb_norG_N.vhd(28): (vcom-1615) Existing architecture 'tb_norG_N(mixed)' at proj/src/TopLevel/aluUnit/testBenches/tb_norG_N.vhd(28) will be overwritten.
-- Compiling architecture mixed of tb_norG_N
** Warning: proj/src/aluUnit/allstuff/tb_lui.vhd(21): (vcom-1615) Existing entity 'tb_lui' at proj/src/TopLevel/aluUnit/testBenches/tb_lui.vhd(21) will be overwritten.
-- Compiling entity tb_lui
** Warning: proj/src/aluUnit/allstuff/tb_lui.vhd(28): (vcom-1615) Existing architecture 'tb_lui(mixed)' at proj/src/TopLevel/aluUnit/testBenches/tb_lui.vhd(28) will be overwritten.
-- Compiling architecture mixed of tb_lui
** Warning: proj/src/aluUnit/allstuff/firstALU.vhd(21): (vcom-1615) Existing entity 'firstALU' at proj/src/TopLevel/aluUnit/firstALU.vhd(21) will be overwritten.
-- Compiling entity firstALU
** Warning: proj/src/aluUnit/allstuff/firstALU.vhd(40): (vcom-1615) Existing architecture 'firstALU(structure)' at proj/src/TopLevel/aluUnit/firstALU.vhd(40) will be overwritten.
-- Compiling architecture structure of firstALU
** Warning: proj/src/aluUnit/allstuff/mux2t1_5b.vhd(21): (vcom-1615) Existing entity 'mux2t1_5b' at proj/src/TopLevel/aluUnit/basicGates/mux2t1_5b.vhd(21) will be overwritten.
-- Compiling entity mux2t1_5b
** Warning: proj/src/aluUnit/allstuff/mux2t1_5b.vhd(30): (vcom-1615) Existing architecture 'mux2t1_5b(structural)' at proj/src/TopLevel/aluUnit/basicGates/mux2t1_5b.vhd(30) will be overwritten.
-- Compiling architecture structural of mux2t1_5b
** Warning: proj/src/aluUnit/allstuff/andg2.vhd(23): (vcom-1615) Existing entity 'andg2' at proj/src/BasicGates/andg2.vhd(23) will be overwritten.
-- Compiling entity andg2
** Warning: proj/src/aluUnit/allstuff/andg2.vhd(31): (vcom-1615) Existing architecture 'andg2(dataflow)' at proj/src/BasicGates/andg2.vhd(31) will be overwritten.
-- Compiling architecture dataflow of andg2
** Warning: proj/src/aluUnit/allstuff/mux2t1_N.vhd(21): (vcom-1615) Existing entity 'mux2t1_N' at proj/src/TopLevel/aluUnit/basicGates/mux2t1_N.vhd(21) will be overwritten.
-- Compiling entity mux2t1_N
** Warning: proj/src/aluUnit/allstuff/mux2t1_N.vhd(30): (vcom-1615) Existing architecture 'mux2t1_N(structural)' at proj/src/TopLevel/aluUnit/basicGates/mux2t1_N.vhd(30) will be overwritten.
-- Compiling architecture structural of mux2t1_N
** Warning: proj/src/aluUnit/allstuff/invg.vhd(23): (vcom-1615) Existing entity 'invg' at proj/src/BasicGates/invg.vhd(23) will be overwritten.
-- Compiling entity invg
** Warning: proj/src/aluUnit/allstuff/invg.vhd(30): (vcom-1615) Existing architecture 'invg(dataflow)' at proj/src/BasicGates/invg.vhd(30) will be overwritten.
-- Compiling architecture dataflow of invg
** Warning: proj/src/aluUnit/allstuff/tb_xorG_N.vhd(21): (vcom-1615) Existing entity 'tb_xorG_N' at proj/src/TopLevel/aluUnit/testBenches/tb_xorG_N.vhd(21) will be overwritten.
-- Compiling entity tb_xorG_N
** Warning: proj/src/aluUnit/allstuff/tb_xorG_N.vhd(28): (vcom-1615) Existing architecture 'tb_xorG_N(mixed)' at proj/src/TopLevel/aluUnit/testBenches/tb_xorG_N.vhd(28) will be overwritten.
-- Compiling architecture mixed of tb_xorG_N
** Warning: proj/src/aluUnit/allstuff/fullAdderStructN.vhd(21): (vcom-1615) Existing entity 'fullAdderStructN' at proj/src/TopLevel/aluUnit/fullAdderStructN.vhd(21) will be overwritten.
-- Compiling entity fullAdderStructN
** Warning: proj/src/aluUnit/allstuff/fullAdderStructN.vhd(34): (vcom-1615) Existing architecture 'fullAdderStructN(structural)' at proj/src/TopLevel/aluUnit/fullAdderStructN.vhd(31) will be overwritten.
-- Compiling architecture structural of fullAdderStructN
** Warning: proj/src/aluUnit/allstuff/mux32_1.vhd(20): (vcom-1615) Existing entity 'mux32_1' at proj/src/BasicGates/register/mux32_1.vhd(20) will be overwritten.
-- Compiling entity mux32_1
** Warning: proj/src/aluUnit/allstuff/mux32_1.vhd(29): (vcom-1615) Existing architecture 'mux32_1(mux)' at proj/src/BasicGates/register/mux32_1.vhd(29) will be overwritten.
-- Compiling architecture mux of mux32_1
** Warning: proj/src/aluUnit/allstuff/ALU.vhd(26): (vcom-1615) Existing entity 'ALU' at proj/src/TopLevel/aluUnit/ALU.vhd(26) will be overwritten.
-- Compiling entity ALU
** Warning: proj/src/aluUnit/allstuff/ALU.vhd(47): (vcom-1615) Existing architecture 'ALU(structure)' at proj/src/TopLevel/aluUnit/ALU.vhd(47) will be overwritten.
-- Compiling architecture structure of ALU
** Warning: proj/src/aluUnit/allstuff/tb_bit_extenders.vhd(25): (vcom-1615) Existing entity 'tb_bit_extenders' at proj/src/TopLevel/aluUnit/testBenches/tb_bit_extenders.vhd(25) will be overwritten.
-- Compiling entity tb_bit_extenders
** Warning: proj/src/aluUnit/allstuff/tb_bit_extenders.vhd(29): (vcom-1615) Existing architecture 'tb_bit_extenders(behavior)' at proj/src/TopLevel/aluUnit/testBenches/tb_bit_extenders.vhd(29) will be overwritten.
-- Compiling architecture behavior of tb_bit_extenders
** Warning: proj/src/aluUnit/allstuff/tb_andg32b.vhd(21): (vcom-1615) Existing entity 'tb_andG32b' at proj/src/TopLevel/aluUnit/testBenches/tb_andg32b.vhd(21) will be overwritten.
-- Compiling entity tb_andG32b
** Warning: proj/src/aluUnit/allstuff/tb_andg32b.vhd(28): (vcom-1615) Existing architecture 'tb_andG32b(mixed)' at proj/src/TopLevel/aluUnit/testBenches/tb_andg32b.vhd(28) will be overwritten.
-- Compiling architecture mixed of tb_andG32b
** Warning: proj/src/aluUnit/allstuff/orG_N.vhd(21): (vcom-1615) Existing entity 'orG_N' at proj/src/TopLevel/aluUnit/basicGates/orG_N.vhd(21) will be overwritten.
-- Compiling entity orG_N
** Warning: proj/src/aluUnit/allstuff/orG_N.vhd(29): (vcom-1615) Existing architecture 'orG_N(structural)' at proj/src/TopLevel/aluUnit/basicGates/orG_N.vhd(29) will be overwritten.
-- Compiling architecture structural of orG_N
** Warning: proj/src/aluUnit/allstuff/mux32b3t1.vhd(20): (vcom-1615) Existing entity 'mux32b3t1' at proj/src/TopLevel/aluUnit/basicGates/mux32b3t1.vhd(20) will be overwritten.
-- Compiling entity mux32b3t1
** Warning: proj/src/aluUnit/allstuff/mux32b3t1.vhd(27): (vcom-1615) Existing architecture 'mux32b3t1(mux)' at proj/src/TopLevel/aluUnit/basicGates/mux32b3t1.vhd(27) will be overwritten.
-- Compiling architecture mux of mux32b3t1
** Warning: proj/src/aluUnit/allstuff/orG32b.vhd(24): (vcom-1615) Existing entity 'orG32b' at proj/src/TopLevel/aluUnit/basicGates/orG32b.vhd(24) will be overwritten.
-- Compiling entity orG32b
** Warning: proj/src/aluUnit/allstuff/orG32b.vhd(33): (vcom-1615) Existing architecture 'orG32b(dataflow)' at proj/src/TopLevel/aluUnit/basicGates/orG32b.vhd(33) will be overwritten.
-- Compiling architecture dataflow of orG32b
** Warning: proj/src/aluUnit/allstuff/fullAdderStruct.vhd(17): (vcom-1615) Existing entity 'fullAdderStruct' at proj/src/TopLevel/aluUnit/fullAdderStruct.vhd(17) will be overwritten.
-- Compiling entity fullAdderStruct
** Warning: proj/src/aluUnit/allstuff/fullAdderStruct.vhd(30): (vcom-1615) Existing architecture 'fullAdderStruct(structure)' at proj/src/TopLevel/aluUnit/fullAdderStruct.vhd(31) will be overwritten.
-- Compiling architecture structure of fullAdderStruct
** Warning: proj/src/aluUnit/allstuff/tb_mux8b4t1.vhd(21): (vcom-1615) Existing entity 'tb_mux8b4t1' at proj/src/TopLevel/aluUnit/testBenches/tb_mux8b4t1.vhd(21) will be overwritten.
-- Compiling entity tb_mux8b4t1
** Warning: proj/src/aluUnit/allstuff/tb_mux8b4t1.vhd(28): (vcom-1615) Existing architecture 'tb_mux8b4t1(mixed)' at proj/src/TopLevel/aluUnit/testBenches/tb_mux8b4t1.vhd(28) will be overwritten.
-- Compiling architecture mixed of tb_mux8b4t1
** Warning: proj/src/aluUnit/allstuff/mux2t1.vhd(20): (vcom-1615) Existing entity 'mux2t1' at proj/src/TopLevel/aluUnit/basicGates/mux2t1.vhd(20) will be overwritten.
-- Compiling entity mux2t1
** Warning: proj/src/aluUnit/allstuff/mux2t1.vhd(30): (vcom-1615) Existing architecture 'mux2t1(structure)' at proj/src/TopLevel/aluUnit/basicGates/mux2t1.vhd(30) will be overwritten.
-- Compiling architecture structure of mux2t1
End time: 18:22:05 on Mar 24,2024, Elapsed time: 0:00:00
Errors: 0, Warnings: 298
