[inst #1] lui $1,4097
Register Write to Reg: 0x01 Val: 0x10010000
[inst #2] ori $16,$1,0
Register Write to Reg: 0x10 Val: 0x10010000
[inst #3] addiu $8,$0,0
Register Write to Reg: 0x08 Val: 0x00000000
[inst #4] addiu $9,$0,0
Register Write to Reg: 0x09 Val: 0x00000000
[inst #5] addiu $17,$0,11
Register Write to Reg: 0x11 Val: 0x0000000B
[inst #6] addiu $18,$0,11
Register Write to Reg: 0x12 Val: 0x0000000B
[inst #7] add $10,$0,$16
Register Write to Reg: 0x0A Val: 0x10010000
[inst #8] add $11,$0,$16
Register Write to Reg: 0x0B Val: 0x10010000
[inst #9] addi $17,$17,-1
Register Write to Reg: 0x11 Val: 0x0000000A
[inst #10] addiu $9,$0,0
Register Write to Reg: 0x09 Val: 0x00000000
[inst #11] addi $18,$18,-1
Register Write to Reg: 0x12 Val: 0x0000000A
[inst #12] add $11,$0,$16
Register Write to Reg: 0x0B Val: 0x10010000
[inst #13] nop 
[inst #14] nop 
[inst #15] nop 
[inst #16] nop 
[inst #17] lw $19,0($11)
Register Write to Reg: 0x13 Val: 0x0000000A
[inst #18] addi $11,$11,4
Register Write to Reg: 0x0B Val: 0x10010004
[inst #19] nop 
[inst #20] nop 
[inst #21] nop 
[inst #22] nop 
[inst #23] lw $20,0($11)
Register Write to Reg: 0x14 Val: 0x0000003C
[inst #24] addi $9,$9,1
Register Write to Reg: 0x09 Val: 0x00000001
[inst #25] nop 
[inst #26] nop 
[inst #27] slt $12,$19,$20
Register Write to Reg: 0x0C Val: 0x00000001
[inst #28] nop 
[inst #29] nop 
[inst #30] nop 
[inst #31] nop 
[inst #32] bne $12,$0,7
[inst #33] bne $9,$18,-24
[inst #34] lw $19,0($11)
Register Write to Reg: 0x13 Val: 0x0000003C
[inst #35] addi $11,$11,4
Register Write to Reg: 0x0B Val: 0x10010008
[inst #36] nop 
[inst #37] nop 
[inst #38] nop 
[inst #39] nop 
[inst #40] lw $20,0($11)
Register Write to Reg: 0x14 Val: 0x00000028
[inst #41] addi $9,$9,1
Register Write to Reg: 0x09 Val: 0x00000002
[inst #42] nop 
[inst #43] nop 
[inst #44] slt $12,$19,$20
Register Write to Reg: 0x0C Val: 0x00000000
[inst #45] nop 
[inst #46] nop 
[inst #47] nop 
[inst #48] nop 
[inst #49] bne $12,$0,7
[inst #50] sw $19,0($11)
Memory Write to Addr: 0x10010008 Val: 0x0000003C
[inst #51] sw $20,-4($11)
Memory Write to Addr: 0x10010004 Val: 0x00000028
[inst #52] nop 
[inst #53] nop 
[inst #54] nop 
[inst #55] nop 
[inst #56] lw $20,0($11)
Register Write to Reg: 0x14 Val: 0x0000003C
[inst #57] bne $9,$18,-24
[inst #58] lw $19,0($11)
Register Write to Reg: 0x13 Val: 0x0000003C
[inst #59] addi $11,$11,4
Register Write to Reg: 0x0B Val: 0x1001000C
[inst #60] nop 
[inst #61] nop 
[inst #62] nop 
[inst #63] nop 
[inst #64] lw $20,0($11)
Register Write to Reg: 0x14 Val: 0x00000046
[inst #65] addi $9,$9,1
Register Write to Reg: 0x09 Val: 0x00000003
[inst #66] nop 
[inst #67] nop 
[inst #68] slt $12,$19,$20
Register Write to Reg: 0x0C Val: 0x00000001
[inst #69] nop 
[inst #70] nop 
[inst #71] nop 
[inst #72] nop 
[inst #73] bne $12,$0,7
[inst #74] bne $9,$18,-24
[inst #75] lw $19,0($11)
Register Write to Reg: 0x13 Val: 0x00000046
[inst #76] addi $11,$11,4
Register Write to Reg: 0x0B Val: 0x10010010
[inst #77] nop 
[inst #78] nop 
[inst #79] nop 
[inst #80] nop 
[inst #81] lw $20,0($11)
Register Write to Reg: 0x14 Val: 0x00000014
[inst #82] addi $9,$9,1
Register Write to Reg: 0x09 Val: 0x00000004
[inst #83] nop 
[inst #84] nop 
[inst #85] slt $12,$19,$20
Register Write to Reg: 0x0C Val: 0x00000000
[inst #86] nop 
[inst #87] nop 
[inst #88] nop 
[inst #89] nop 
[inst #90] bne $12,$0,7
[inst #91] sw $19,0($11)
Memory Write to Addr: 0x10010010 Val: 0x00000046
[inst #92] sw $20,-4($11)
Memory Write to Addr: 0x1001000C Val: 0x00000014
[inst #93] nop 
[inst #94] nop 
[inst #95] nop 
[inst #96] nop 
[inst #97] lw $20,0($11)
Register Write to Reg: 0x14 Val: 0x00000046
[inst #98] bne $9,$18,-24
[inst #99] lw $19,0($11)
Register Write to Reg: 0x13 Val: 0x00000046
[inst #100] addi $11,$11,4
Register Write to Reg: 0x0B Val: 0x10010014
[inst #101] nop 
[inst #102] nop 
[inst #103] nop 
[inst #104] nop 
[inst #105] lw $20,0($11)
Register Write to Reg: 0x14 Val: 0x0000001E
[inst #106] addi $9,$9,1
Register Write to Reg: 0x09 Val: 0x00000005
[inst #107] nop 
[inst #108] nop 
[inst #109] slt $12,$19,$20
Register Write to Reg: 0x0C Val: 0x00000000
[inst #110] nop 
[inst #111] nop 
[inst #112] nop 
[inst #113] nop 
[inst #114] bne $12,$0,7
[inst #115] sw $19,0($11)
Memory Write to Addr: 0x10010014 Val: 0x00000046
[inst #116] sw $20,-4($11)
Memory Write to Addr: 0x10010010 Val: 0x0000001E
[inst #117] nop 
[inst #118] nop 
[inst #119] nop 
[inst #120] nop 
[inst #121] lw $20,0($11)
Register Write to Reg: 0x14 Val: 0x00000046
[inst #122] bne $9,$18,-24
[inst #123] lw $19,0($11)
Register Write to Reg: 0x13 Val: 0x00000046
[inst #124] addi $11,$11,4
Register Write to Reg: 0x0B Val: 0x10010018
[inst #125] nop 
[inst #126] nop 
[inst #127] nop 
[inst #128] nop 
[inst #129] lw $20,0($11)
Register Write to Reg: 0x14 Val: 0x0000005A
[inst #130] addi $9,$9,1
Register Write to Reg: 0x09 Val: 0x00000006
[inst #131] nop 
[inst #132] nop 
[inst #133] slt $12,$19,$20
Register Write to Reg: 0x0C Val: 0x00000001
[inst #134] nop 
[inst #135] nop 
[inst #136] nop 
[inst #137] nop 
[inst #138] bne $12,$0,7
[inst #139] bne $9,$18,-24
[inst #140] lw $19,0($11)
Register Write to Reg: 0x13 Val: 0x0000005A
[inst #141] addi $11,$11,4
Register Write to Reg: 0x0B Val: 0x1001001C
[inst #142] nop 
[inst #143] nop 
[inst #144] nop 
[inst #145] nop 
[inst #146] lw $20,0($11)
Register Write to Reg: 0x14 Val: 0x00000064
[inst #147] addi $9,$9,1
Register Write to Reg: 0x09 Val: 0x00000007
[inst #148] nop 
[inst #149] nop 
[inst #150] slt $12,$19,$20
Register Write to Reg: 0x0C Val: 0x00000001
[inst #151] nop 
[inst #152] nop 
[inst #153] nop 
[inst #154] nop 
[inst #155] bne $12,$0,7
[inst #156] bne $9,$18,-24
[inst #157] lw $19,0($11)
Register Write to Reg: 0x13 Val: 0x00000064
[inst #158] addi $11,$11,4
Register Write to Reg: 0x0B Val: 0x10010020
[inst #159] nop 
[inst #160] nop 
[inst #161] nop 
[inst #162] nop 
[inst #163] lw $20,0($11)
Register Write to Reg: 0x14 Val: 0x00000000
[inst #164] addi $9,$9,1
Register Write to Reg: 0x09 Val: 0x00000008
[inst #165] nop 
[inst #166] nop 
[inst #167] slt $12,$19,$20
Register Write to Reg: 0x0C Val: 0x00000000
[inst #168] nop 
[inst #169] nop 
[inst #170] nop 
[inst #171] nop 
[inst #172] bne $12,$0,7
[inst #173] sw $19,0($11)
Memory Write to Addr: 0x10010020 Val: 0x00000064
[inst #174] sw $20,-4($11)
Memory Write to Addr: 0x1001001C Val: 0x00000000
[inst #175] nop 
[inst #176] nop 
[inst #177] nop 
[inst #178] nop 
[inst #179] lw $20,0($11)
Register Write to Reg: 0x14 Val: 0x00000064
[inst #180] bne $9,$18,-24
[inst #181] lw $19,0($11)
Register Write to Reg: 0x13 Val: 0x00000064
[inst #182] addi $11,$11,4
Register Write to Reg: 0x0B Val: 0x10010024
[inst #183] nop 
[inst #184] nop 
[inst #185] nop 
[inst #186] nop 
[inst #187] lw $20,0($11)
Register Write to Reg: 0x14 Val: 0x00000050
[inst #188] addi $9,$9,1
Register Write to Reg: 0x09 Val: 0x00000009
[inst #189] nop 
[inst #190] nop 
[inst #191] slt $12,$19,$20
Register Write to Reg: 0x0C Val: 0x00000000
[inst #192] nop 
[inst #193] nop 
[inst #194] nop 
[inst #195] nop 
[inst #196] bne $12,$0,7
[inst #197] sw $19,0($11)
Memory Write to Addr: 0x10010024 Val: 0x00000064
[inst #198] sw $20,-4($11)
Memory Write to Addr: 0x10010020 Val: 0x00000050
[inst #199] nop 
[inst #200] nop 
[inst #201] nop 
[inst #202] nop 
[inst #203] lw $20,0($11)
Register Write to Reg: 0x14 Val: 0x00000064
[inst #204] bne $9,$18,-24
[inst #205] lw $19,0($11)
Register Write to Reg: 0x13 Val: 0x00000064
[inst #206] addi $11,$11,4
Register Write to Reg: 0x0B Val: 0x10010028
[inst #207] nop 
[inst #208] nop 
[inst #209] nop 
[inst #210] nop 
[inst #211] lw $20,0($11)
Register Write to Reg: 0x14 Val: 0x00000032
[inst #212] addi $9,$9,1
Register Write to Reg: 0x09 Val: 0x0000000A
[inst #213] nop 
[inst #214] nop 
[inst #215] slt $12,$19,$20
Register Write to Reg: 0x0C Val: 0x00000000
[inst #216] nop 
[inst #217] nop 
[inst #218] nop 
[inst #219] nop 
[inst #220] bne $12,$0,7
[inst #221] sw $19,0($11)
Memory Write to Addr: 0x10010028 Val: 0x00000064
[inst #222] sw $20,-4($11)
Memory Write to Addr: 0x10010024 Val: 0x00000032
[inst #223] nop 
[inst #224] nop 
[inst #225] nop 
[inst #226] nop 
[inst #227] lw $20,0($11)
Register Write to Reg: 0x14 Val: 0x00000064
[inst #228] bne $9,$18,-24
[inst #229] addi $8,$8,1
Register Write to Reg: 0x08 Val: 0x00000001
[inst #230] nop 
[inst #231] nop 
[inst #232] nop 
[inst #233] nop 
[inst #234] bne $8,$17,-37
[inst #235] addiu $9,$0,0
Register Write to Reg: 0x09 Val: 0x00000000
[inst #236] addi $18,$18,-1
Register Write to Reg: 0x12 Val: 0x00000009
[inst #237] add $11,$0,$16
Register Write to Reg: 0x0B Val: 0x10010000
[inst #238] nop 
[inst #239] nop 
[inst #240] nop 
[inst #241] nop 
[inst #242] lw $19,0($11)
Register Write to Reg: 0x13 Val: 0x0000000A
[inst #243] addi $11,$11,4
Register Write to Reg: 0x0B Val: 0x10010004
[inst #244] nop 
[inst #245] nop 
[inst #246] nop 
[inst #247] nop 
[inst #248] lw $20,0($11)
Register Write to Reg: 0x14 Val: 0x00000028
[inst #249] addi $9,$9,1
Register Write to Reg: 0x09 Val: 0x00000001
[inst #250] nop 
[inst #251] nop 
[inst #252] slt $12,$19,$20
Register Write to Reg: 0x0C Val: 0x00000001
[inst #253] nop 
[inst #254] nop 
[inst #255] nop 
[inst #256] nop 
[inst #257] bne $12,$0,7
[inst #258] bne $9,$18,-24
[inst #259] lw $19,0($11)
Register Write to Reg: 0x13 Val: 0x00000028
[inst #260] addi $11,$11,4
Register Write to Reg: 0x0B Val: 0x10010008
[inst #261] nop 
[inst #262] nop 
[inst #263] nop 
[inst #264] nop 
[inst #265] lw $20,0($11)
Register Write to Reg: 0x14 Val: 0x0000003C
[inst #266] addi $9,$9,1
Register Write to Reg: 0x09 Val: 0x00000002
[inst #267] nop 
[inst #268] nop 
[inst #269] slt $12,$19,$20
Register Write to Reg: 0x0C Val: 0x00000001
[inst #270] nop 
[inst #271] nop 
[inst #272] nop 
[inst #273] nop 
[inst #274] bne $12,$0,7
[inst #275] bne $9,$18,-24
[inst #276] lw $19,0($11)
Register Write to Reg: 0x13 Val: 0x0000003C
[inst #277] addi $11,$11,4
Register Write to Reg: 0x0B Val: 0x1001000C
[inst #278] nop 
[inst #279] nop 
[inst #280] nop 
[inst #281] nop 
[inst #282] lw $20,0($11)
Register Write to Reg: 0x14 Val: 0x00000014
[inst #283] addi $9,$9,1
Register Write to Reg: 0x09 Val: 0x00000003
[inst #284] nop 
[inst #285] nop 
[inst #286] slt $12,$19,$20
Register Write to Reg: 0x0C Val: 0x00000000
[inst #287] nop 
[inst #288] nop 
[inst #289] nop 
[inst #290] nop 
[inst #291] bne $12,$0,7
[inst #292] sw $19,0($11)
Memory Write to Addr: 0x1001000C Val: 0x0000003C
[inst #293] sw $20,-4($11)
Memory Write to Addr: 0x10010008 Val: 0x00000014
[inst #294] nop 
[inst #295] nop 
[inst #296] nop 
[inst #297] nop 
[inst #298] lw $20,0($11)
Register Write to Reg: 0x14 Val: 0x0000003C
[inst #299] bne $9,$18,-24
[inst #300] lw $19,0($11)
Register Write to Reg: 0x13 Val: 0x0000003C
[inst #301] addi $11,$11,4
Register Write to Reg: 0x0B Val: 0x10010010
[inst #302] nop 
[inst #303] nop 
[inst #304] nop 
[inst #305] nop 
[inst #306] lw $20,0($11)
Register Write to Reg: 0x14 Val: 0x0000001E
[inst #307] addi $9,$9,1
Register Write to Reg: 0x09 Val: 0x00000004
[inst #308] nop 
[inst #309] nop 
[inst #310] slt $12,$19,$20
Register Write to Reg: 0x0C Val: 0x00000000
[inst #311] nop 
[inst #312] nop 
[inst #313] nop 
[inst #314] nop 
[inst #315] bne $12,$0,7
[inst #316] sw $19,0($11)
Memory Write to Addr: 0x10010010 Val: 0x0000003C
[inst #317] sw $20,-4($11)
Memory Write to Addr: 0x1001000C Val: 0x0000001E
[inst #318] nop 
[inst #319] nop 
[inst #320] nop 
[inst #321] nop 
[inst #322] lw $20,0($11)
Register Write to Reg: 0x14 Val: 0x0000003C
[inst #323] bne $9,$18,-24
[inst #324] lw $19,0($11)
Register Write to Reg: 0x13 Val: 0x0000003C
[inst #325] addi $11,$11,4
Register Write to Reg: 0x0B Val: 0x10010014
[inst #326] nop 
[inst #327] nop 
[inst #328] nop 
[inst #329] nop 
[inst #330] lw $20,0($11)
Register Write to Reg: 0x14 Val: 0x00000046
[inst #331] addi $9,$9,1
Register Write to Reg: 0x09 Val: 0x00000005
[inst #332] nop 
[inst #333] nop 
[inst #334] slt $12,$19,$20
Register Write to Reg: 0x0C Val: 0x00000001
[inst #335] nop 
[inst #336] nop 
[inst #337] nop 
[inst #338] nop 
[inst #339] bne $12,$0,7
[inst #340] bne $9,$18,-24
[inst #341] lw $19,0($11)
Register Write to Reg: 0x13 Val: 0x00000046
[inst #342] addi $11,$11,4
Register Write to Reg: 0x0B Val: 0x10010018
[inst #343] nop 
[inst #344] nop 
[inst #345] nop 
[inst #346] nop 
[inst #347] lw $20,0($11)
Register Write to Reg: 0x14 Val: 0x0000005A
[inst #348] addi $9,$9,1
Register Write to Reg: 0x09 Val: 0x00000006
[inst #349] nop 
[inst #350] nop 
[inst #351] slt $12,$19,$20
Register Write to Reg: 0x0C Val: 0x00000001
[inst #352] nop 
[inst #353] nop 
[inst #354] nop 
[inst #355] nop 
[inst #356] bne $12,$0,7
[inst #357] bne $9,$18,-24
[inst #358] lw $19,0($11)
Register Write to Reg: 0x13 Val: 0x0000005A
[inst #359] addi $11,$11,4
Register Write to Reg: 0x0B Val: 0x1001001C
[inst #360] nop 
[inst #361] nop 
[inst #362] nop 
[inst #363] nop 
[inst #364] lw $20,0($11)
Register Write to Reg: 0x14 Val: 0x00000000
[inst #365] addi $9,$9,1
Register Write to Reg: 0x09 Val: 0x00000007
[inst #366] nop 
[inst #367] nop 
[inst #368] slt $12,$19,$20
Register Write to Reg: 0x0C Val: 0x00000000
[inst #369] nop 
[inst #370] nop 
[inst #371] nop 
[inst #372] nop 
[inst #373] bne $12,$0,7
[inst #374] sw $19,0($11)
Memory Write to Addr: 0x1001001C Val: 0x0000005A
[inst #375] sw $20,-4($11)
Memory Write to Addr: 0x10010018 Val: 0x00000000
[inst #376] nop 
[inst #377] nop 
[inst #378] nop 
[inst #379] nop 
[inst #380] lw $20,0($11)
Register Write to Reg: 0x14 Val: 0x0000005A
[inst #381] bne $9,$18,-24
[inst #382] lw $19,0($11)
Register Write to Reg: 0x13 Val: 0x0000005A
[inst #383] addi $11,$11,4
Register Write to Reg: 0x0B Val: 0x10010020
[inst #384] nop 
[inst #385] nop 
[inst #386] nop 
[inst #387] nop 
[inst #388] lw $20,0($11)
Register Write to Reg: 0x14 Val: 0x00000050
[inst #389] addi $9,$9,1
Register Write to Reg: 0x09 Val: 0x00000008
[inst #390] nop 
[inst #391] nop 
[inst #392] slt $12,$19,$20
Register Write to Reg: 0x0C Val: 0x00000000
[inst #393] nop 
[inst #394] nop 
[inst #395] nop 
[inst #396] nop 
[inst #397] bne $12,$0,7
[inst #398] sw $19,0($11)
Memory Write to Addr: 0x10010020 Val: 0x0000005A
[inst #399] sw $20,-4($11)
Memory Write to Addr: 0x1001001C Val: 0x00000050
[inst #400] nop 
[inst #401] nop 
[inst #402] nop 
[inst #403] nop 
[inst #404] lw $20,0($11)
Register Write to Reg: 0x14 Val: 0x0000005A
[inst #405] bne $9,$18,-24
[inst #406] lw $19,0($11)
Register Write to Reg: 0x13 Val: 0x0000005A
[inst #407] addi $11,$11,4
Register Write to Reg: 0x0B Val: 0x10010024
[inst #408] nop 
[inst #409] nop 
[inst #410] nop 
[inst #411] nop 
[inst #412] lw $20,0($11)
Register Write to Reg: 0x14 Val: 0x00000032
[inst #413] addi $9,$9,1
Register Write to Reg: 0x09 Val: 0x00000009
[inst #414] nop 
[inst #415] nop 
[inst #416] slt $12,$19,$20
Register Write to Reg: 0x0C Val: 0x00000000
[inst #417] nop 
[inst #418] nop 
[inst #419] nop 
[inst #420] nop 
[inst #421] bne $12,$0,7
[inst #422] sw $19,0($11)
Memory Write to Addr: 0x10010024 Val: 0x0000005A
[inst #423] sw $20,-4($11)
Memory Write to Addr: 0x10010020 Val: 0x00000032
[inst #424] nop 
[inst #425] nop 
[inst #426] nop 
[inst #427] nop 
[inst #428] lw $20,0($11)
Register Write to Reg: 0x14 Val: 0x0000005A
[inst #429] bne $9,$18,-24
[inst #430] addi $8,$8,1
Register Write to Reg: 0x08 Val: 0x00000002
[inst #431] nop 
[inst #432] nop 
[inst #433] nop 
[inst #434] nop 
[inst #435] bne $8,$17,-37
[inst #436] addiu $9,$0,0
Register Write to Reg: 0x09 Val: 0x00000000
[inst #437] addi $18,$18,-1
Register Write to Reg: 0x12 Val: 0x00000008
[inst #438] add $11,$0,$16
Register Write to Reg: 0x0B Val: 0x10010000
[inst #439] nop 
[inst #440] nop 
[inst #441] nop 
[inst #442] nop 
[inst #443] lw $19,0($11)
Register Write to Reg: 0x13 Val: 0x0000000A
[inst #444] addi $11,$11,4
Register Write to Reg: 0x0B Val: 0x10010004
[inst #445] nop 
[inst #446] nop 
[inst #447] nop 
[inst #448] nop 
[inst #449] lw $20,0($11)
Register Write to Reg: 0x14 Val: 0x00000028
[inst #450] addi $9,$9,1
Register Write to Reg: 0x09 Val: 0x00000001
[inst #451] nop 
[inst #452] nop 
[inst #453] slt $12,$19,$20
Register Write to Reg: 0x0C Val: 0x00000001
[inst #454] nop 
[inst #455] nop 
[inst #456] nop 
[inst #457] nop 
[inst #458] bne $12,$0,7
[inst #459] bne $9,$18,-24
[inst #460] lw $19,0($11)
Register Write to Reg: 0x13 Val: 0x00000028
[inst #461] addi $11,$11,4
Register Write to Reg: 0x0B Val: 0x10010008
[inst #462] nop 
[inst #463] nop 
[inst #464] nop 
[inst #465] nop 
[inst #466] lw $20,0($11)
Register Write to Reg: 0x14 Val: 0x00000014
[inst #467] addi $9,$9,1
Register Write to Reg: 0x09 Val: 0x00000002
[inst #468] nop 
[inst #469] nop 
[inst #470] slt $12,$19,$20
Register Write to Reg: 0x0C Val: 0x00000000
[inst #471] nop 
[inst #472] nop 
[inst #473] nop 
[inst #474] nop 
[inst #475] bne $12,$0,7
[inst #476] sw $19,0($11)
Memory Write to Addr: 0x10010008 Val: 0x00000028
[inst #477] sw $20,-4($11)
Memory Write to Addr: 0x10010004 Val: 0x00000014
[inst #478] nop 
[inst #479] nop 
[inst #480] nop 
[inst #481] nop 
[inst #482] lw $20,0($11)
Register Write to Reg: 0x14 Val: 0x00000028
[inst #483] bne $9,$18,-24
[inst #484] lw $19,0($11)
Register Write to Reg: 0x13 Val: 0x00000028
[inst #485] addi $11,$11,4
Register Write to Reg: 0x0B Val: 0x1001000C
[inst #486] nop 
[inst #487] nop 
[inst #488] nop 
[inst #489] nop 
[inst #490] lw $20,0($11)
Register Write to Reg: 0x14 Val: 0x0000001E
[inst #491] addi $9,$9,1
Register Write to Reg: 0x09 Val: 0x00000003
[inst #492] nop 
[inst #493] nop 
[inst #494] slt $12,$19,$20
Register Write to Reg: 0x0C Val: 0x00000000
[inst #495] nop 
[inst #496] nop 
[inst #497] nop 
[inst #498] nop 
[inst #499] bne $12,$0,7
[inst #500] sw $19,0($11)
Memory Write to Addr: 0x1001000C Val: 0x00000028
[inst #501] sw $20,-4($11)
Memory Write to Addr: 0x10010008 Val: 0x0000001E
[inst #502] nop 
[inst #503] nop 
[inst #504] nop 
[inst #505] nop 
[inst #506] lw $20,0($11)
Register Write to Reg: 0x14 Val: 0x00000028
[inst #507] bne $9,$18,-24
[inst #508] lw $19,0($11)
Register Write to Reg: 0x13 Val: 0x00000028
[inst #509] addi $11,$11,4
Register Write to Reg: 0x0B Val: 0x10010010
[inst #510] nop 
[inst #511] nop 
[inst #512] nop 
[inst #513] nop 
[inst #514] lw $20,0($11)
Register Write to Reg: 0x14 Val: 0x0000003C
[inst #515] addi $9,$9,1
Register Write to Reg: 0x09 Val: 0x00000004
[inst #516] nop 
[inst #517] nop 
[inst #518] slt $12,$19,$20
Register Write to Reg: 0x0C Val: 0x00000001
[inst #519] nop 
[inst #520] nop 
[inst #521] nop 
[inst #522] nop 
[inst #523] bne $12,$0,7
[inst #524] bne $9,$18,-24
[inst #525] lw $19,0($11)
Register Write to Reg: 0x13 Val: 0x0000003C
[inst #526] addi $11,$11,4
Register Write to Reg: 0x0B Val: 0x10010014
[inst #527] nop 
[inst #528] nop 
[inst #529] nop 
[inst #530] nop 
[inst #531] lw $20,0($11)
Register Write to Reg: 0x14 Val: 0x00000046
[inst #532] addi $9,$9,1
Register Write to Reg: 0x09 Val: 0x00000005
[inst #533] nop 
[inst #534] nop 
[inst #535] slt $12,$19,$20
Register Write to Reg: 0x0C Val: 0x00000001
[inst #536] nop 
[inst #537] nop 
[inst #538] nop 
[inst #539] nop 
[inst #540] bne $12,$0,7
[inst #541] bne $9,$18,-24
[inst #542] lw $19,0($11)
Register Write to Reg: 0x13 Val: 0x00000046
[inst #543] addi $11,$11,4
Register Write to Reg: 0x0B Val: 0x10010018
[inst #544] nop 
[inst #545] nop 
[inst #546] nop 
[inst #547] nop 
[inst #548] lw $20,0($11)
Register Write to Reg: 0x14 Val: 0x00000000
[inst #549] addi $9,$9,1
Register Write to Reg: 0x09 Val: 0x00000006
[inst #550] nop 
[inst #551] nop 
[inst #552] slt $12,$19,$20
Register Write to Reg: 0x0C Val: 0x00000000
[inst #553] nop 
[inst #554] nop 
[inst #555] nop 
[inst #556] nop 
[inst #557] bne $12,$0,7
[inst #558] sw $19,0($11)
Memory Write to Addr: 0x10010018 Val: 0x00000046
[inst #559] sw $20,-4($11)
Memory Write to Addr: 0x10010014 Val: 0x00000000
[inst #560] nop 
[inst #561] nop 
[inst #562] nop 
[inst #563] nop 
[inst #564] lw $20,0($11)
Register Write to Reg: 0x14 Val: 0x00000046
[inst #565] bne $9,$18,-24
[inst #566] lw $19,0($11)
Register Write to Reg: 0x13 Val: 0x00000046
[inst #567] addi $11,$11,4
Register Write to Reg: 0x0B Val: 0x1001001C
[inst #568] nop 
[inst #569] nop 
[inst #570] nop 
[inst #571] nop 
[inst #572] lw $20,0($11)
Register Write to Reg: 0x14 Val: 0x00000050
[inst #573] addi $9,$9,1
Register Write to Reg: 0x09 Val: 0x00000007
[inst #574] nop 
[inst #575] nop 
[inst #576] slt $12,$19,$20
Register Write to Reg: 0x0C Val: 0x00000001
[inst #577] nop 
[inst #578] nop 
[inst #579] nop 
[inst #580] nop 
[inst #581] bne $12,$0,7
[inst #582] bne $9,$18,-24
[inst #583] lw $19,0($11)
Register Write to Reg: 0x13 Val: 0x00000050
[inst #584] addi $11,$11,4
Register Write to Reg: 0x0B Val: 0x10010020
[inst #585] nop 
[inst #586] nop 
[inst #587] nop 
[inst #588] nop 
[inst #589] lw $20,0($11)
Register Write to Reg: 0x14 Val: 0x00000032
[inst #590] addi $9,$9,1
Register Write to Reg: 0x09 Val: 0x00000008
[inst #591] nop 
[inst #592] nop 
[inst #593] slt $12,$19,$20
Register Write to Reg: 0x0C Val: 0x00000000
[inst #594] nop 
[inst #595] nop 
[inst #596] nop 
[inst #597] nop 
[inst #598] bne $12,$0,7
[inst #599] sw $19,0($11)
Memory Write to Addr: 0x10010020 Val: 0x00000050
[inst #600] sw $20,-4($11)
Memory Write to Addr: 0x1001001C Val: 0x00000032
[inst #601] nop 
[inst #602] nop 
[inst #603] nop 
[inst #604] nop 
[inst #605] lw $20,0($11)
Register Write to Reg: 0x14 Val: 0x00000050
[inst #606] bne $9,$18,-24
[inst #607] addi $8,$8,1
Register Write to Reg: 0x08 Val: 0x00000003
[inst #608] nop 
[inst #609] nop 
[inst #610] nop 
[inst #611] nop 
[inst #612] bne $8,$17,-37
[inst #613] addiu $9,$0,0
Register Write to Reg: 0x09 Val: 0x00000000
[inst #614] addi $18,$18,-1
Register Write to Reg: 0x12 Val: 0x00000007
[inst #615] add $11,$0,$16
Register Write to Reg: 0x0B Val: 0x10010000
[inst #616] nop 
[inst #617] nop 
[inst #618] nop 
[inst #619] nop 
[inst #620] lw $19,0($11)
Register Write to Reg: 0x13 Val: 0x0000000A
[inst #621] addi $11,$11,4
Register Write to Reg: 0x0B Val: 0x10010004
[inst #622] nop 
[inst #623] nop 
[inst #624] nop 
[inst #625] nop 
[inst #626] lw $20,0($11)
Register Write to Reg: 0x14 Val: 0x00000014
[inst #627] addi $9,$9,1
Register Write to Reg: 0x09 Val: 0x00000001
[inst #628] nop 
[inst #629] nop 
[inst #630] slt $12,$19,$20
Register Write to Reg: 0x0C Val: 0x00000001
[inst #631] nop 
[inst #632] nop 
[inst #633] nop 
[inst #634] nop 
[inst #635] bne $12,$0,7
[inst #636] bne $9,$18,-24
[inst #637] lw $19,0($11)
Register Write to Reg: 0x13 Val: 0x00000014
[inst #638] addi $11,$11,4
Register Write to Reg: 0x0B Val: 0x10010008
[inst #639] nop 
[inst #640] nop 
[inst #641] nop 
[inst #642] nop 
[inst #643] lw $20,0($11)
Register Write to Reg: 0x14 Val: 0x0000001E
[inst #644] addi $9,$9,1
Register Write to Reg: 0x09 Val: 0x00000002
[inst #645] nop 
[inst #646] nop 
[inst #647] slt $12,$19,$20
Register Write to Reg: 0x0C Val: 0x00000001
[inst #648] nop 
[inst #649] nop 
[inst #650] nop 
[inst #651] nop 
[inst #652] bne $12,$0,7
[inst #653] bne $9,$18,-24
[inst #654] lw $19,0($11)
Register Write to Reg: 0x13 Val: 0x0000001E
[inst #655] addi $11,$11,4
Register Write to Reg: 0x0B Val: 0x1001000C
[inst #656] nop 
[inst #657] nop 
[inst #658] nop 
[inst #659] nop 
[inst #660] lw $20,0($11)
Register Write to Reg: 0x14 Val: 0x00000028
[inst #661] addi $9,$9,1
Register Write to Reg: 0x09 Val: 0x00000003
[inst #662] nop 
[inst #663] nop 
[inst #664] slt $12,$19,$20
Register Write to Reg: 0x0C Val: 0x00000001
[inst #665] nop 
[inst #666] nop 
[inst #667] nop 
[inst #668] nop 
[inst #669] bne $12,$0,7
[inst #670] bne $9,$18,-24
[inst #671] lw $19,0($11)
Register Write to Reg: 0x13 Val: 0x00000028
[inst #672] addi $11,$11,4
Register Write to Reg: 0x0B Val: 0x10010010
[inst #673] nop 
[inst #674] nop 
[inst #675] nop 
[inst #676] nop 
[inst #677] lw $20,0($11)
Register Write to Reg: 0x14 Val: 0x0000003C
[inst #678] addi $9,$9,1
Register Write to Reg: 0x09 Val: 0x00000004
[inst #679] nop 
[inst #680] nop 
[inst #681] slt $12,$19,$20
Register Write to Reg: 0x0C Val: 0x00000001
[inst #682] nop 
[inst #683] nop 
[inst #684] nop 
[inst #685] nop 
[inst #686] bne $12,$0,7
[inst #687] bne $9,$18,-24
[inst #688] lw $19,0($11)
Register Write to Reg: 0x13 Val: 0x0000003C
[inst #689] addi $11,$11,4
Register Write to Reg: 0x0B Val: 0x10010014
[inst #690] nop 
[inst #691] nop 
[inst #692] nop 
[inst #693] nop 
[inst #694] lw $20,0($11)
Register Write to Reg: 0x14 Val: 0x00000000
[inst #695] addi $9,$9,1
Register Write to Reg: 0x09 Val: 0x00000005
[inst #696] nop 
[inst #697] nop 
[inst #698] slt $12,$19,$20
Register Write to Reg: 0x0C Val: 0x00000000
[inst #699] nop 
[inst #700] nop 
[inst #701] nop 
[inst #702] nop 
[inst #703] bne $12,$0,7
[inst #704] sw $19,0($11)
Memory Write to Addr: 0x10010014 Val: 0x0000003C
[inst #705] sw $20,-4($11)
Memory Write to Addr: 0x10010010 Val: 0x00000000
[inst #706] nop 
[inst #707] nop 
[inst #708] nop 
[inst #709] nop 
[inst #710] lw $20,0($11)
Register Write to Reg: 0x14 Val: 0x0000003C
[inst #711] bne $9,$18,-24
[inst #712] lw $19,0($11)
Register Write to Reg: 0x13 Val: 0x0000003C
[inst #713] addi $11,$11,4
Register Write to Reg: 0x0B Val: 0x10010018
[inst #714] nop 
[inst #715] nop 
[inst #716] nop 
[inst #717] nop 
[inst #718] lw $20,0($11)
Register Write to Reg: 0x14 Val: 0x00000046
[inst #719] addi $9,$9,1
Register Write to Reg: 0x09 Val: 0x00000006
[inst #720] nop 
[inst #721] nop 
[inst #722] slt $12,$19,$20
Register Write to Reg: 0x0C Val: 0x00000001
[inst #723] nop 
[inst #724] nop 
[inst #725] nop 
[inst #726] nop 
[inst #727] bne $12,$0,7
[inst #728] bne $9,$18,-24
[inst #729] lw $19,0($11)
Register Write to Reg: 0x13 Val: 0x00000046
[inst #730] addi $11,$11,4
Register Write to Reg: 0x0B Val: 0x1001001C
[inst #731] nop 
[inst #732] nop 
[inst #733] nop 
[inst #734] nop 
[inst #735] lw $20,0($11)
Register Write to Reg: 0x14 Val: 0x00000032
[inst #736] addi $9,$9,1
Register Write to Reg: 0x09 Val: 0x00000007
[inst #737] nop 
[inst #738] nop 
[inst #739] slt $12,$19,$20
Register Write to Reg: 0x0C Val: 0x00000000
[inst #740] nop 
[inst #741] nop 
[inst #742] nop 
[inst #743] nop 
[inst #744] bne $12,$0,7
[inst #745] sw $19,0($11)
Memory Write to Addr: 0x1001001C Val: 0x00000046
[inst #746] sw $20,-4($11)
Memory Write to Addr: 0x10010018 Val: 0x00000032
[inst #747] nop 
[inst #748] nop 
[inst #749] nop 
[inst #750] nop 
[inst #751] lw $20,0($11)
Register Write to Reg: 0x14 Val: 0x00000046
[inst #752] bne $9,$18,-24
[inst #753] addi $8,$8,1
Register Write to Reg: 0x08 Val: 0x00000004
[inst #754] nop 
[inst #755] nop 
[inst #756] nop 
[inst #757] nop 
[inst #758] bne $8,$17,-37
[inst #759] addiu $9,$0,0
Register Write to Reg: 0x09 Val: 0x00000000
[inst #760] addi $18,$18,-1
Register Write to Reg: 0x12 Val: 0x00000006
[inst #761] add $11,$0,$16
Register Write to Reg: 0x0B Val: 0x10010000
[inst #762] nop 
[inst #763] nop 
[inst #764] nop 
[inst #765] nop 
[inst #766] lw $19,0($11)
Register Write to Reg: 0x13 Val: 0x0000000A
[inst #767] addi $11,$11,4
Register Write to Reg: 0x0B Val: 0x10010004
[inst #768] nop 
[inst #769] nop 
[inst #770] nop 
[inst #771] nop 
[inst #772] lw $20,0($11)
Register Write to Reg: 0x14 Val: 0x00000014
[inst #773] addi $9,$9,1
Register Write to Reg: 0x09 Val: 0x00000001
[inst #774] nop 
[inst #775] nop 
[inst #776] slt $12,$19,$20
Register Write to Reg: 0x0C Val: 0x00000001
[inst #777] nop 
[inst #778] nop 
[inst #779] nop 
[inst #780] nop 
[inst #781] bne $12,$0,7
[inst #782] bne $9,$18,-24
[inst #783] lw $19,0($11)
Register Write to Reg: 0x13 Val: 0x00000014
[inst #784] addi $11,$11,4
Register Write to Reg: 0x0B Val: 0x10010008
[inst #785] nop 
[inst #786] nop 
[inst #787] nop 
[inst #788] nop 
[inst #789] lw $20,0($11)
Register Write to Reg: 0x14 Val: 0x0000001E
[inst #790] addi $9,$9,1
Register Write to Reg: 0x09 Val: 0x00000002
[inst #791] nop 
[inst #792] nop 
[inst #793] slt $12,$19,$20
Register Write to Reg: 0x0C Val: 0x00000001
[inst #794] nop 
[inst #795] nop 
[inst #796] nop 
[inst #797] nop 
[inst #798] bne $12,$0,7
[inst #799] bne $9,$18,-24
[inst #800] lw $19,0($11)
Register Write to Reg: 0x13 Val: 0x0000001E
[inst #801] addi $11,$11,4
Register Write to Reg: 0x0B Val: 0x1001000C
[inst #802] nop 
[inst #803] nop 
[inst #804] nop 
[inst #805] nop 
[inst #806] lw $20,0($11)
Register Write to Reg: 0x14 Val: 0x00000028
[inst #807] addi $9,$9,1
Register Write to Reg: 0x09 Val: 0x00000003
[inst #808] nop 
[inst #809] nop 
[inst #810] slt $12,$19,$20
Register Write to Reg: 0x0C Val: 0x00000001
[inst #811] nop 
[inst #812] nop 
[inst #813] nop 
[inst #814] nop 
[inst #815] bne $12,$0,7
[inst #816] bne $9,$18,-24
[inst #817] lw $19,0($11)
Register Write to Reg: 0x13 Val: 0x00000028
[inst #818] addi $11,$11,4
Register Write to Reg: 0x0B Val: 0x10010010
[inst #819] nop 
[inst #820] nop 
[inst #821] nop 
[inst #822] nop 
[inst #823] lw $20,0($11)
Register Write to Reg: 0x14 Val: 0x00000000
[inst #824] addi $9,$9,1
Register Write to Reg: 0x09 Val: 0x00000004
[inst #825] nop 
[inst #826] nop 
[inst #827] slt $12,$19,$20
Register Write to Reg: 0x0C Val: 0x00000000
[inst #828] nop 
[inst #829] nop 
[inst #830] nop 
[inst #831] nop 
[inst #832] bne $12,$0,7
[inst #833] sw $19,0($11)
Memory Write to Addr: 0x10010010 Val: 0x00000028
[inst #834] sw $20,-4($11)
Memory Write to Addr: 0x1001000C Val: 0x00000000
[inst #835] nop 
[inst #836] nop 
[inst #837] nop 
[inst #838] nop 
[inst #839] lw $20,0($11)
Register Write to Reg: 0x14 Val: 0x00000028
[inst #840] bne $9,$18,-24
[inst #841] lw $19,0($11)
Register Write to Reg: 0x13 Val: 0x00000028
[inst #842] addi $11,$11,4
Register Write to Reg: 0x0B Val: 0x10010014
[inst #843] nop 
[inst #844] nop 
[inst #845] nop 
[inst #846] nop 
[inst #847] lw $20,0($11)
Register Write to Reg: 0x14 Val: 0x0000003C
[inst #848] addi $9,$9,1
Register Write to Reg: 0x09 Val: 0x00000005
[inst #849] nop 
[inst #850] nop 
[inst #851] slt $12,$19,$20
Register Write to Reg: 0x0C Val: 0x00000001
[inst #852] nop 
[inst #853] nop 
[inst #854] nop 
[inst #855] nop 
[inst #856] bne $12,$0,7
[inst #857] bne $9,$18,-24
[inst #858] lw $19,0($11)
Register Write to Reg: 0x13 Val: 0x0000003C
[inst #859] addi $11,$11,4
Register Write to Reg: 0x0B Val: 0x10010018
[inst #860] nop 
[inst #861] nop 
[inst #862] nop 
[inst #863] nop 
[inst #864] lw $20,0($11)
Register Write to Reg: 0x14 Val: 0x00000032
[inst #865] addi $9,$9,1
Register Write to Reg: 0x09 Val: 0x00000006
[inst #866] nop 
[inst #867] nop 
[inst #868] slt $12,$19,$20
Register Write to Reg: 0x0C Val: 0x00000000
[inst #869] nop 
[inst #870] nop 
[inst #871] nop 
[inst #872] nop 
[inst #873] bne $12,$0,7
[inst #874] sw $19,0($11)
Memory Write to Addr: 0x10010018 Val: 0x0000003C
[inst #875] sw $20,-4($11)
Memory Write to Addr: 0x10010014 Val: 0x00000032
[inst #876] nop 
[inst #877] nop 
[inst #878] nop 
[inst #879] nop 
[inst #880] lw $20,0($11)
Register Write to Reg: 0x14 Val: 0x0000003C
[inst #881] bne $9,$18,-24
[inst #882] addi $8,$8,1
Register Write to Reg: 0x08 Val: 0x00000005
[inst #883] nop 
[inst #884] nop 
[inst #885] nop 
[inst #886] nop 
[inst #887] bne $8,$17,-37
[inst #888] addiu $9,$0,0
Register Write to Reg: 0x09 Val: 0x00000000
[inst #889] addi $18,$18,-1
Register Write to Reg: 0x12 Val: 0x00000005
[inst #890] add $11,$0,$16
Register Write to Reg: 0x0B Val: 0x10010000
[inst #891] nop 
[inst #892] nop 
[inst #893] nop 
[inst #894] nop 
[inst #895] lw $19,0($11)
Register Write to Reg: 0x13 Val: 0x0000000A
[inst #896] addi $11,$11,4
Register Write to Reg: 0x0B Val: 0x10010004
[inst #897] nop 
[inst #898] nop 
[inst #899] nop 
[inst #900] nop 
[inst #901] lw $20,0($11)
Register Write to Reg: 0x14 Val: 0x00000014
[inst #902] addi $9,$9,1
Register Write to Reg: 0x09 Val: 0x00000001
[inst #903] nop 
[inst #904] nop 
[inst #905] slt $12,$19,$20
Register Write to Reg: 0x0C Val: 0x00000001
[inst #906] nop 
[inst #907] nop 
[inst #908] nop 
[inst #909] nop 
[inst #910] bne $12,$0,7
[inst #911] bne $9,$18,-24
[inst #912] lw $19,0($11)
Register Write to Reg: 0x13 Val: 0x00000014
[inst #913] addi $11,$11,4
Register Write to Reg: 0x0B Val: 0x10010008
[inst #914] nop 
[inst #915] nop 
[inst #916] nop 
[inst #917] nop 
[inst #918] lw $20,0($11)
Register Write to Reg: 0x14 Val: 0x0000001E
[inst #919] addi $9,$9,1
Register Write to Reg: 0x09 Val: 0x00000002
[inst #920] nop 
[inst #921] nop 
[inst #922] slt $12,$19,$20
Register Write to Reg: 0x0C Val: 0x00000001
[inst #923] nop 
[inst #924] nop 
[inst #925] nop 
[inst #926] nop 
[inst #927] bne $12,$0,7
[inst #928] bne $9,$18,-24
[inst #929] lw $19,0($11)
Register Write to Reg: 0x13 Val: 0x0000001E
[inst #930] addi $11,$11,4
Register Write to Reg: 0x0B Val: 0x1001000C
[inst #931] nop 
[inst #932] nop 
[inst #933] nop 
[inst #934] nop 
[inst #935] lw $20,0($11)
Register Write to Reg: 0x14 Val: 0x00000000
[inst #936] addi $9,$9,1
Register Write to Reg: 0x09 Val: 0x00000003
[inst #937] nop 
[inst #938] nop 
[inst #939] slt $12,$19,$20
Register Write to Reg: 0x0C Val: 0x00000000
[inst #940] nop 
[inst #941] nop 
[inst #942] nop 
[inst #943] nop 
[inst #944] bne $12,$0,7
[inst #945] sw $19,0($11)
Memory Write to Addr: 0x1001000C Val: 0x0000001E
[inst #946] sw $20,-4($11)
Memory Write to Addr: 0x10010008 Val: 0x00000000
[inst #947] nop 
[inst #948] nop 
[inst #949] nop 
[inst #950] nop 
[inst #951] lw $20,0($11)
Register Write to Reg: 0x14 Val: 0x0000001E
[inst #952] bne $9,$18,-24
[inst #953] lw $19,0($11)
Register Write to Reg: 0x13 Val: 0x0000001E
[inst #954] addi $11,$11,4
Register Write to Reg: 0x0B Val: 0x10010010
[inst #955] nop 
[inst #956] nop 
[inst #957] nop 
[inst #958] nop 
[inst #959] lw $20,0($11)
Register Write to Reg: 0x14 Val: 0x00000028
[inst #960] addi $9,$9,1
Register Write to Reg: 0x09 Val: 0x00000004
[inst #961] nop 
[inst #962] nop 
[inst #963] slt $12,$19,$20
Register Write to Reg: 0x0C Val: 0x00000001
[inst #964] nop 
[inst #965] nop 
[inst #966] nop 
[inst #967] nop 
[inst #968] bne $12,$0,7
[inst #969] bne $9,$18,-24
[inst #970] lw $19,0($11)
Register Write to Reg: 0x13 Val: 0x00000028
[inst #971] addi $11,$11,4
Register Write to Reg: 0x0B Val: 0x10010014
[inst #972] nop 
[inst #973] nop 
[inst #974] nop 
[inst #975] nop 
[inst #976] lw $20,0($11)
Register Write to Reg: 0x14 Val: 0x00000032
[inst #977] addi $9,$9,1
Register Write to Reg: 0x09 Val: 0x00000005
[inst #978] nop 
[inst #979] nop 
[inst #980] slt $12,$19,$20
Register Write to Reg: 0x0C Val: 0x00000001
[inst #981] nop 
[inst #982] nop 
[inst #983] nop 
[inst #984] nop 
[inst #985] bne $12,$0,7
[inst #986] bne $9,$18,-24
[inst #987] addi $8,$8,1
Register Write to Reg: 0x08 Val: 0x00000006
[inst #988] nop 
[inst #989] nop 
[inst #990] nop 
[inst #991] nop 
[inst #992] bne $8,$17,-37
[inst #993] addiu $9,$0,0
Register Write to Reg: 0x09 Val: 0x00000000
[inst #994] addi $18,$18,-1
Register Write to Reg: 0x12 Val: 0x00000004
[inst #995] add $11,$0,$16
Register Write to Reg: 0x0B Val: 0x10010000
[inst #996] nop 
[inst #997] nop 
[inst #998] nop 
[inst #999] nop 
[inst #1000] lw $19,0($11)
Register Write to Reg: 0x13 Val: 0x0000000A
[inst #1001] addi $11,$11,4
Register Write to Reg: 0x0B Val: 0x10010004
[inst #1002] nop 
[inst #1003] nop 
[inst #1004] nop 
[inst #1005] nop 
[inst #1006] lw $20,0($11)
Register Write to Reg: 0x14 Val: 0x00000014
[inst #1007] addi $9,$9,1
Register Write to Reg: 0x09 Val: 0x00000001
[inst #1008] nop 
[inst #1009] nop 
[inst #1010] slt $12,$19,$20
Register Write to Reg: 0x0C Val: 0x00000001
[inst #1011] nop 
[inst #1012] nop 
[inst #1013] nop 
[inst #1014] nop 
[inst #1015] bne $12,$0,7
[inst #1016] bne $9,$18,-24
[inst #1017] lw $19,0($11)
Register Write to Reg: 0x13 Val: 0x00000014
[inst #1018] addi $11,$11,4
Register Write to Reg: 0x0B Val: 0x10010008
[inst #1019] nop 
[inst #1020] nop 
[inst #1021] nop 
[inst #1022] nop 
[inst #1023] lw $20,0($11)
Register Write to Reg: 0x14 Val: 0x00000000
[inst #1024] addi $9,$9,1
Register Write to Reg: 0x09 Val: 0x00000002
[inst #1025] nop 
[inst #1026] nop 
[inst #1027] slt $12,$19,$20
Register Write to Reg: 0x0C Val: 0x00000000
[inst #1028] nop 
[inst #1029] nop 
[inst #1030] nop 
[inst #1031] nop 
[inst #1032] bne $12,$0,7
[inst #1033] sw $19,0($11)
Memory Write to Addr: 0x10010008 Val: 0x00000014
[inst #1034] sw $20,-4($11)
Memory Write to Addr: 0x10010004 Val: 0x00000000
[inst #1035] nop 
[inst #1036] nop 
[inst #1037] nop 
[inst #1038] nop 
[inst #1039] lw $20,0($11)
Register Write to Reg: 0x14 Val: 0x00000014
[inst #1040] bne $9,$18,-24
[inst #1041] lw $19,0($11)
Register Write to Reg: 0x13 Val: 0x00000014
[inst #1042] addi $11,$11,4
Register Write to Reg: 0x0B Val: 0x1001000C
[inst #1043] nop 
[inst #1044] nop 
[inst #1045] nop 
[inst #1046] nop 
[inst #1047] lw $20,0($11)
Register Write to Reg: 0x14 Val: 0x0000001E
[inst #1048] addi $9,$9,1
Register Write to Reg: 0x09 Val: 0x00000003
[inst #1049] nop 
[inst #1050] nop 
[inst #1051] slt $12,$19,$20
Register Write to Reg: 0x0C Val: 0x00000001
[inst #1052] nop 
[inst #1053] nop 
[inst #1054] nop 
[inst #1055] nop 
[inst #1056] bne $12,$0,7
[inst #1057] bne $9,$18,-24
[inst #1058] lw $19,0($11)
Register Write to Reg: 0x13 Val: 0x0000001E
[inst #1059] addi $11,$11,4
Register Write to Reg: 0x0B Val: 0x10010010
[inst #1060] nop 
[inst #1061] nop 
[inst #1062] nop 
[inst #1063] nop 
[inst #1064] lw $20,0($11)
Register Write to Reg: 0x14 Val: 0x00000028
[inst #1065] addi $9,$9,1
Register Write to Reg: 0x09 Val: 0x00000004
[inst #1066] nop 
[inst #1067] nop 
[inst #1068] slt $12,$19,$20
Register Write to Reg: 0x0C Val: 0x00000001
[inst #1069] nop 
[inst #1070] nop 
[inst #1071] nop 
[inst #1072] nop 
[inst #1073] bne $12,$0,7
[inst #1074] bne $9,$18,-24
[inst #1075] addi $8,$8,1
Register Write to Reg: 0x08 Val: 0x00000007
[inst #1076] nop 
[inst #1077] nop 
[inst #1078] nop 
[inst #1079] nop 
[inst #1080] bne $8,$17,-37
[inst #1081] addiu $9,$0,0
Register Write to Reg: 0x09 Val: 0x00000000
[inst #1082] addi $18,$18,-1
Register Write to Reg: 0x12 Val: 0x00000003
[inst #1083] add $11,$0,$16
Register Write to Reg: 0x0B Val: 0x10010000
[inst #1084] nop 
[inst #1085] nop 
[inst #1086] nop 
[inst #1087] nop 
[inst #1088] lw $19,0($11)
Register Write to Reg: 0x13 Val: 0x0000000A
[inst #1089] addi $11,$11,4
Register Write to Reg: 0x0B Val: 0x10010004
[inst #1090] nop 
[inst #1091] nop 
[inst #1092] nop 
[inst #1093] nop 
[inst #1094] lw $20,0($11)
Register Write to Reg: 0x14 Val: 0x00000000
[inst #1095] addi $9,$9,1
Register Write to Reg: 0x09 Val: 0x00000001
[inst #1096] nop 
[inst #1097] nop 
[inst #1098] slt $12,$19,$20
Register Write to Reg: 0x0C Val: 0x00000000
[inst #1099] nop 
[inst #1100] nop 
[inst #1101] nop 
[inst #1102] nop 
[inst #1103] bne $12,$0,7
[inst #1104] sw $19,0($11)
Memory Write to Addr: 0x10010004 Val: 0x0000000A
[inst #1105] sw $20,-4($11)
Memory Write to Addr: 0x10010000 Val: 0x00000000
[inst #1106] nop 
[inst #1107] nop 
[inst #1108] nop 
[inst #1109] nop 
[inst #1110] lw $20,0($11)
Register Write to Reg: 0x14 Val: 0x0000000A
[inst #1111] bne $9,$18,-24
[inst #1112] lw $19,0($11)
Register Write to Reg: 0x13 Val: 0x0000000A
[inst #1113] addi $11,$11,4
Register Write to Reg: 0x0B Val: 0x10010008
[inst #1114] nop 
[inst #1115] nop 
[inst #1116] nop 
[inst #1117] nop 
[inst #1118] lw $20,0($11)
Register Write to Reg: 0x14 Val: 0x00000014
[inst #1119] addi $9,$9,1
Register Write to Reg: 0x09 Val: 0x00000002
[inst #1120] nop 
[inst #1121] nop 
[inst #1122] slt $12,$19,$20
Register Write to Reg: 0x0C Val: 0x00000001
[inst #1123] nop 
[inst #1124] nop 
[inst #1125] nop 
[inst #1126] nop 
[inst #1127] bne $12,$0,7
[inst #1128] bne $9,$18,-24
[inst #1129] lw $19,0($11)
Register Write to Reg: 0x13 Val: 0x00000014
[inst #1130] addi $11,$11,4
Register Write to Reg: 0x0B Val: 0x1001000C
[inst #1131] nop 
[inst #1132] nop 
[inst #1133] nop 
[inst #1134] nop 
[inst #1135] lw $20,0($11)
Register Write to Reg: 0x14 Val: 0x0000001E
[inst #1136] addi $9,$9,1
Register Write to Reg: 0x09 Val: 0x00000003
[inst #1137] nop 
[inst #1138] nop 
[inst #1139] slt $12,$19,$20
Register Write to Reg: 0x0C Val: 0x00000001
[inst #1140] nop 
[inst #1141] nop 
[inst #1142] nop 
[inst #1143] nop 
[inst #1144] bne $12,$0,7
[inst #1145] bne $9,$18,-24
[inst #1146] addi $8,$8,1
Register Write to Reg: 0x08 Val: 0x00000008
[inst #1147] nop 
[inst #1148] nop 
[inst #1149] nop 
[inst #1150] nop 
[inst #1151] bne $8,$17,-37
[inst #1152] addiu $9,$0,0
Register Write to Reg: 0x09 Val: 0x00000000
[inst #1153] addi $18,$18,-1
Register Write to Reg: 0x12 Val: 0x00000002
[inst #1154] add $11,$0,$16
Register Write to Reg: 0x0B Val: 0x10010000
[inst #1155] nop 
[inst #1156] nop 
[inst #1157] nop 
[inst #1158] nop 
[inst #1159] lw $19,0($11)
Register Write to Reg: 0x13 Val: 0x00000000
[inst #1160] addi $11,$11,4
Register Write to Reg: 0x0B Val: 0x10010004
[inst #1161] nop 
[inst #1162] nop 
[inst #1163] nop 
[inst #1164] nop 
[inst #1165] lw $20,0($11)
Register Write to Reg: 0x14 Val: 0x0000000A
[inst #1166] addi $9,$9,1
Register Write to Reg: 0x09 Val: 0x00000001
[inst #1167] nop 
[inst #1168] nop 
[inst #1169] slt $12,$19,$20
Register Write to Reg: 0x0C Val: 0x00000001
[inst #1170] nop 
[inst #1171] nop 
[inst #1172] nop 
[inst #1173] nop 
[inst #1174] bne $12,$0,7
[inst #1175] bne $9,$18,-24
[inst #1176] lw $19,0($11)
Register Write to Reg: 0x13 Val: 0x0000000A
[inst #1177] addi $11,$11,4
Register Write to Reg: 0x0B Val: 0x10010008
[inst #1178] nop 
[inst #1179] nop 
[inst #1180] nop 
[inst #1181] nop 
[inst #1182] lw $20,0($11)
Register Write to Reg: 0x14 Val: 0x00000014
[inst #1183] addi $9,$9,1
Register Write to Reg: 0x09 Val: 0x00000002
[inst #1184] nop 
[inst #1185] nop 
[inst #1186] slt $12,$19,$20
Register Write to Reg: 0x0C Val: 0x00000001
[inst #1187] nop 
[inst #1188] nop 
[inst #1189] nop 
[inst #1190] nop 
[inst #1191] bne $12,$0,7
[inst #1192] bne $9,$18,-24
[inst #1193] addi $8,$8,1
Register Write to Reg: 0x08 Val: 0x00000009
[inst #1194] nop 
[inst #1195] nop 
[inst #1196] nop 
[inst #1197] nop 
[inst #1198] bne $8,$17,-37
[inst #1199] addiu $9,$0,0
Register Write to Reg: 0x09 Val: 0x00000000
[inst #1200] addi $18,$18,-1
Register Write to Reg: 0x12 Val: 0x00000001
[inst #1201] add $11,$0,$16
Register Write to Reg: 0x0B Val: 0x10010000
[inst #1202] nop 
[inst #1203] nop 
[inst #1204] nop 
[inst #1205] nop 
[inst #1206] lw $19,0($11)
Register Write to Reg: 0x13 Val: 0x00000000
[inst #1207] addi $11,$11,4
Register Write to Reg: 0x0B Val: 0x10010004
[inst #1208] nop 
[inst #1209] nop 
[inst #1210] nop 
[inst #1211] nop 
[inst #1212] lw $20,0($11)
Register Write to Reg: 0x14 Val: 0x0000000A
[inst #1213] addi $9,$9,1
Register Write to Reg: 0x09 Val: 0x00000001
[inst #1214] nop 
[inst #1215] nop 
[inst #1216] slt $12,$19,$20
Register Write to Reg: 0x0C Val: 0x00000001
[inst #1217] nop 
[inst #1218] nop 
[inst #1219] nop 
[inst #1220] nop 
[inst #1221] bne $12,$0,7
[inst #1222] bne $9,$18,-24
[inst #1223] addi $8,$8,1
Register Write to Reg: 0x08 Val: 0x0000000A
[inst #1224] nop 
[inst #1225] nop 
[inst #1226] nop 
[inst #1227] nop 
[inst #1228] bne $8,$17,-37
[inst #1229] nop 
[inst #1230] nop 
[inst #1231] nop 
[inst #1232] nop 
[inst #1233] addiu $8,$0,1
Register Write to Reg: 0x08 Val: 0x00000001
[inst #1234] addiu $2,$0,1
Register Write to Reg: 0x02 Val: 0x00000001
[inst #1235] lw $4,0($10)
Register Write to Reg: 0x04 Val: 0x00000000
[inst #1236] syscall 
0[inst #1237] addiu $2,$0,4
Register Write to Reg: 0x02 Val: 0x00000004
[inst #1238] lui $1,4097
Register Write to Reg: 0x01 Val: 0x10010000
[inst #1239] ori $4,$1,44
Register Write to Reg: 0x04 Val: 0x1001002C
[inst #1240] syscall 
 [inst #1241] addi $10,$10,4
Register Write to Reg: 0x0A Val: 0x10010004
[inst #1242] addi $8,$8,1
Register Write to Reg: 0x08 Val: 0x00000002
[inst #1243] bne $8,$17,-10
[inst #1244] addiu $2,$0,1
Register Write to Reg: 0x02 Val: 0x00000001
[inst #1245] lw $4,0($10)
Register Write to Reg: 0x04 Val: 0x0000000A
[inst #1246] syscall 
10[inst #1247] addiu $2,$0,4
Register Write to Reg: 0x02 Val: 0x00000004
[inst #1248] lui $1,4097
Register Write to Reg: 0x01 Val: 0x10010000
[inst #1249] ori $4,$1,44
Register Write to Reg: 0x04 Val: 0x1001002C
[inst #1250] syscall 
 [inst #1251] addi $10,$10,4
Register Write to Reg: 0x0A Val: 0x10010008
[inst #1252] addi $8,$8,1
Register Write to Reg: 0x08 Val: 0x00000003
[inst #1253] bne $8,$17,-10
[inst #1254] addiu $2,$0,1
Register Write to Reg: 0x02 Val: 0x00000001
[inst #1255] lw $4,0($10)
Register Write to Reg: 0x04 Val: 0x00000014
[inst #1256] syscall 
20[inst #1257] addiu $2,$0,4
Register Write to Reg: 0x02 Val: 0x00000004
[inst #1258] lui $1,4097
Register Write to Reg: 0x01 Val: 0x10010000
[inst #1259] ori $4,$1,44
Register Write to Reg: 0x04 Val: 0x1001002C
[inst #1260] syscall 
 [inst #1261] addi $10,$10,4
Register Write to Reg: 0x0A Val: 0x1001000C
[inst #1262] addi $8,$8,1
Register Write to Reg: 0x08 Val: 0x00000004
[inst #1263] bne $8,$17,-10
[inst #1264] addiu $2,$0,1
Register Write to Reg: 0x02 Val: 0x00000001
[inst #1265] lw $4,0($10)
Register Write to Reg: 0x04 Val: 0x0000001E
[inst #1266] syscall 
30[inst #1267] addiu $2,$0,4
Register Write to Reg: 0x02 Val: 0x00000004
[inst #1268] lui $1,4097
Register Write to Reg: 0x01 Val: 0x10010000
[inst #1269] ori $4,$1,44
Register Write to Reg: 0x04 Val: 0x1001002C
[inst #1270] syscall 
 [inst #1271] addi $10,$10,4
Register Write to Reg: 0x0A Val: 0x10010010
[inst #1272] addi $8,$8,1
Register Write to Reg: 0x08 Val: 0x00000005
[inst #1273] bne $8,$17,-10
[inst #1274] addiu $2,$0,1
Register Write to Reg: 0x02 Val: 0x00000001
[inst #1275] lw $4,0($10)
Register Write to Reg: 0x04 Val: 0x00000028
[inst #1276] syscall 
40[inst #1277] addiu $2,$0,4
Register Write to Reg: 0x02 Val: 0x00000004
[inst #1278] lui $1,4097
Register Write to Reg: 0x01 Val: 0x10010000
[inst #1279] ori $4,$1,44
Register Write to Reg: 0x04 Val: 0x1001002C
[inst #1280] syscall 
 [inst #1281] addi $10,$10,4
Register Write to Reg: 0x0A Val: 0x10010014
[inst #1282] addi $8,$8,1
Register Write to Reg: 0x08 Val: 0x00000006
[inst #1283] bne $8,$17,-10
[inst #1284] addiu $2,$0,1
Register Write to Reg: 0x02 Val: 0x00000001
[inst #1285] lw $4,0($10)
Register Write to Reg: 0x04 Val: 0x00000032
[inst #1286] syscall 
50[inst #1287] addiu $2,$0,4
Register Write to Reg: 0x02 Val: 0x00000004
[inst #1288] lui $1,4097
Register Write to Reg: 0x01 Val: 0x10010000
[inst #1289] ori $4,$1,44
Register Write to Reg: 0x04 Val: 0x1001002C
[inst #1290] syscall 
 [inst #1291] addi $10,$10,4
Register Write to Reg: 0x0A Val: 0x10010018
[inst #1292] addi $8,$8,1
Register Write to Reg: 0x08 Val: 0x00000007
[inst #1293] bne $8,$17,-10
[inst #1294] addiu $2,$0,1
Register Write to Reg: 0x02 Val: 0x00000001
[inst #1295] lw $4,0($10)
Register Write to Reg: 0x04 Val: 0x0000003C
[inst #1296] syscall 
60[inst #1297] addiu $2,$0,4
Register Write to Reg: 0x02 Val: 0x00000004
[inst #1298] lui $1,4097
Register Write to Reg: 0x01 Val: 0x10010000
[inst #1299] ori $4,$1,44
Register Write to Reg: 0x04 Val: 0x1001002C
[inst #1300] syscall 
 [inst #1301] addi $10,$10,4
Register Write to Reg: 0x0A Val: 0x1001001C
[inst #1302] addi $8,$8,1
Register Write to Reg: 0x08 Val: 0x00000008
[inst #1303] bne $8,$17,-10
[inst #1304] addiu $2,$0,1
Register Write to Reg: 0x02 Val: 0x00000001
[inst #1305] lw $4,0($10)
Register Write to Reg: 0x04 Val: 0x00000046
[inst #1306] syscall 
70[inst #1307] addiu $2,$0,4
Register Write to Reg: 0x02 Val: 0x00000004
[inst #1308] lui $1,4097
Register Write to Reg: 0x01 Val: 0x10010000
[inst #1309] ori $4,$1,44
Register Write to Reg: 0x04 Val: 0x1001002C
[inst #1310] syscall 
 [inst #1311] addi $10,$10,4
Register Write to Reg: 0x0A Val: 0x10010020
[inst #1312] addi $8,$8,1
Register Write to Reg: 0x08 Val: 0x00000009
[inst #1313] bne $8,$17,-10
[inst #1314] addiu $2,$0,1
Register Write to Reg: 0x02 Val: 0x00000001
[inst #1315] lw $4,0($10)
Register Write to Reg: 0x04 Val: 0x00000050
[inst #1316] syscall 
80[inst #1317] addiu $2,$0,4
Register Write to Reg: 0x02 Val: 0x00000004
[inst #1318] lui $1,4097
Register Write to Reg: 0x01 Val: 0x10010000
[inst #1319] ori $4,$1,44
Register Write to Reg: 0x04 Val: 0x1001002C
[inst #1320] syscall 
 [inst #1321] addi $10,$10,4
Register Write to Reg: 0x0A Val: 0x10010024
[inst #1322] addi $8,$8,1
Register Write to Reg: 0x08 Val: 0x0000000A
[inst #1323] bne $8,$17,-10
[inst #1324] halt 

