Reading pref.tcl

# 2023.2_2

# vsim -postsimdataflow -debugdb -c -voptargs=""+acc"" tb -do "modelsim_framework.do" -gOUTPUT_TRACE=ms.trace 
# Start time: 12:38:11 on Mar 26,2024
# ** Note: (vsim-3812) Design is being optimized...
# ** Note: (vsim-8611) Generating debug db.
# ** Warning: (vopt-10587) Some optimizations are turned off because the +acc switch is in effect. This will cause your simulation to run slowly. Please use -access/-debug to maintain needed visibility.
# ** Error (suppressible): ../../proj/src/TopLevel/LogicGates/mux2t1N.vhd(43): (vopt-1270) Bad default binding for component instance "MUXi: mux2t1".
#  (Component port "o_O" is not on the entity.)
# ** Error (suppressible): ../../proj/src/TopLevel/LogicGates/mux2t1N.vhd(43): (vopt-1270) Bad default binding for component instance "MUXi: mux2t1".
#  (Component port "o_O" is not on the entity.)
# ** Error (suppressible): ../../proj/src/TopLevel/LogicGates/mux2t1N.vhd(43): (vopt-1270) Bad default binding for component instance "MUXi: mux2t1".
#  (Component port "o_O" is not on the entity.)
# ** Error (suppressible): ../../proj/src/TopLevel/LogicGates/mux2t1N.vhd(43): (vopt-1270) Bad default binding for component instance "MUXi: mux2t1".
#  (Component port "o_O" is not on the entity.)
# ** Error (suppressible): ../../proj/src/TopLevel/LogicGates/mux2t1N.vhd(43): (vopt-1270) Bad default binding for component instance "MUXi: mux2t1".
#  (Component port "o_O" is not on the entity.)
# ** Error (suppressible): ../../proj/src/TopLevel/LogicGates/mux2t1N.vhd(43): (vopt-1270) Bad default binding for component instance "MUXi: mux2t1".
#  (Component port "o_O" is not on the entity.)
# ** Error (suppressible): ../../proj/src/TopLevel/LogicGates/mux2t1N.vhd(43): (vopt-1270) Bad default binding for component instance "MUXi: mux2t1".
#  (Component port "o_O" is not on the entity.)
# ** Error (suppressible): ../../proj/src/TopLevel/LogicGates/mux2t1N.vhd(43): (vopt-1270) Bad default binding for component instance "MUXi: mux2t1".
#  (Component port "o_O" is not on the entity.)
# ** Error (suppressible): ../../proj/src/TopLevel/LogicGates/mux2t1N.vhd(43): (vopt-1270) Bad default binding for component instance "MUXi: mux2t1".
#  (Component port "o_O" is not on the entity.)
# ** Error (suppressible): ../../proj/src/TopLevel/LogicGates/mux2t1N.vhd(43): (vopt-1270) Bad default binding for component instance "MUXi: mux2t1".
#  (Component port "o_O" is not on the entity.)
# ** Error (suppressible): ../../proj/src/TopLevel/LogicGates/mux2t1N.vhd(43): (vopt-1270) Bad default binding for component instance "MUXi: mux2t1".
#  (Component port "o_O" is not on the entity.)
# ** Error (suppressible): ../../proj/src/TopLevel/LogicGates/mux2t1N.vhd(43): (vopt-1270) Bad default binding for component instance "MUXi: mux2t1".
#  (Component port "o_O" is not on the entity.)
# ** Error (suppressible): ../../proj/src/TopLevel/LogicGates/mux2t1N.vhd(43): (vopt-1270) Bad default binding for component instance "MUXi: mux2t1".
#  (Component port "o_O" is not on the entity.)
# ** Error (suppressible): ../../proj/src/TopLevel/LogicGates/mux2t1N.vhd(43): (vopt-1270) Bad default binding for component instance "MUXi: mux2t1".
#  (Component port "o_O" is not on the entity.)
# ** Error (suppressible): ../../proj/src/TopLevel/LogicGates/mux2t1N.vhd(43): (vopt-1270) Bad default binding for component instance "MUXi: mux2t1".
#  (Component port "o_O" is not on the entity.)
# ** Error (suppressible): ../../proj/src/TopLevel/LogicGates/mux2t1N.vhd(43): (vopt-1270) Bad default binding for component instance "MUXi: mux2t1".
#  (Component port "o_O" is not on the entity.)
# ** Error (suppressible): ../../proj/src/TopLevel/LogicGates/mux2t1N.vhd(43): (vopt-1270) Bad default binding for component instance "MUXi: mux2t1".
#  (Component port "o_O" is not on the entity.)
# ** Error (suppressible): ../../proj/src/TopLevel/LogicGates/mux2t1N.vhd(43): (vopt-1270) Bad default binding for component instance "MUXi: mux2t1".
#  (Component port "o_O" is not on the entity.)
# ** Error (suppressible): ../../proj/src/TopLevel/LogicGates/mux2t1N.vhd(43): (vopt-1270) Bad default binding for component instance "MUXi: mux2t1".
#  (Component port "o_O" is not on the entity.)
# ** Error (suppressible): ../../proj/src/TopLevel/LogicGates/mux2t1N.vhd(43): (vopt-1270) Bad default binding for component instance "MUXi: mux2t1".
#  (Component port "o_O" is not on the entity.)
# ** Error (suppressible): ../../proj/src/TopLevel/LogicGates/mux2t1N.vhd(43): (vopt-1270) Bad default binding for component instance "MUXi: mux2t1".
#  (Component port "o_O" is not on the entity.)
# ** Error (suppressible): ../../proj/src/TopLevel/LogicGates/mux2t1N.vhd(43): (vopt-1270) Bad default binding for component instance "MUXi: mux2t1".
#  (Component port "o_O" is not on the entity.)
# ** Error (suppressible): ../../proj/src/TopLevel/LogicGates/mux2t1N.vhd(43): (vopt-1270) Bad default binding for component instance "MUXi: mux2t1".
#  (Component port "o_O" is not on the entity.)
# ** Error (suppressible): ../../proj/src/TopLevel/LogicGates/mux2t1N.vhd(43): (vopt-1270) Bad default binding for component instance "MUXi: mux2t1".
#  (Component port "o_O" is not on the entity.)
# ** Error (suppressible): ../../proj/src/TopLevel/LogicGates/mux2t1N.vhd(43): (vopt-1270) Bad default binding for component instance "MUXi: mux2t1".
#  (Component port "o_O" is not on the entity.)
# ** Error (suppressible): ../../proj/src/TopLevel/LogicGates/mux2t1N.vhd(43): (vopt-1270) Bad default binding for component instance "MUXi: mux2t1".
#  (Component port "o_O" is not on the entity.)
# ** Error (suppressible): ../../proj/src/TopLevel/LogicGates/mux2t1N.vhd(43): (vopt-1270) Bad default binding for component instance "MUXi: mux2t1".
#  (Component port "o_O" is not on the entity.)
# ** Error (suppressible): ../../proj/src/TopLevel/LogicGates/mux2t1N.vhd(43): (vopt-1270) Bad default binding for component instance "MUXi: mux2t1".
#  (Component port "o_O" is not on the entity.)
# ** Error (suppressible): ../../proj/src/TopLevel/LogicGates/mux2t1N.vhd(43): (vopt-1270) Bad default binding for component instance "MUXi: mux2t1".
#  (Component port "o_O" is not on the entity.)
# ** Error (suppressible): ../../proj/src/TopLevel/LogicGates/mux2t1N.vhd(43): (vopt-1270) Bad default binding for component instance "MUXi: mux2t1".
#  (Component port "o_O" is not on the entity.)
# ** Error (suppressible): ../../proj/src/TopLevel/LogicGates/mux2t1N.vhd(43): (vopt-1270) Bad default binding for component instance "MUXi: mux2t1".
#  (Component port "o_O" is not on the entity.)
# ** Error (suppressible): ../../proj/src/TopLevel/LogicGates/mux2t1N.vhd(43): (vopt-1270) Bad default binding for component instance "MUXi: mux2t1".
#  (Component port "o_O" is not on the entity.)
# ** Error (suppressible): ../../proj/src/TopLevel/aluUnit/basicGates/mux2t1_5b.vhd(43): (vopt-1270) Bad default binding for component instance "MUXI: mux2t1".
#  (Component port "o_O" is not on the entity.)
# ** Error (suppressible): ../../proj/src/TopLevel/aluUnit/basicGates/mux2t1_5b.vhd(43): (vopt-1270) Bad default binding for component instance "MUXI: mux2t1".
#  (Component port "o_O" is not on the entity.)
# ** Error (suppressible): ../../proj/src/TopLevel/aluUnit/basicGates/mux2t1_5b.vhd(43): (vopt-1270) Bad default binding for component instance "MUXI: mux2t1".
#  (Component port "o_O" is not on the entity.)
# ** Error (suppressible): ../../proj/src/TopLevel/aluUnit/basicGates/mux2t1_5b.vhd(43): (vopt-1270) Bad default binding for component instance "MUXI: mux2t1".
#  (Component port "o_O" is not on the entity.)
# ** Error (suppressible): ../../proj/src/TopLevel/aluUnit/basicGates/mux2t1_5b.vhd(43): (vopt-1270) Bad default binding for component instance "MUXI: mux2t1".
#  (Component port "o_O" is not on the entity.)
# ** Error (suppressible): ../../proj/src/TopLevel/aluUnit/basicGates/mux2t1_N.vhd(43): (vopt-1270) Bad default binding for component instance "MUXI: mux2t1".
#  (Component port "o_O" is not on the entity.)
# ** Error (suppressible): ../../proj/src/TopLevel/aluUnit/basicGates/mux2t1_N.vhd(43): (vopt-1270) Bad default binding for component instance "MUXI: mux2t1".
#  (Component port "o_O" is not on the entity.)
# ** Error (suppressible): ../../proj/src/TopLevel/aluUnit/basicGates/mux2t1_N.vhd(43): (vopt-1270) Bad default binding for component instance "MUXI: mux2t1".
#  (Component port "o_O" is not on the entity.)
# ** Error (suppressible): ../../proj/src/TopLevel/aluUnit/basicGates/mux2t1_N.vhd(43): (vopt-1270) Bad default binding for component instance "MUXI: mux2t1".
#  (Component port "o_O" is not on the entity.)
# ** Error (suppressible): ../../proj/src/TopLevel/aluUnit/basicGates/mux2t1_N.vhd(43): (vopt-1270) Bad default binding for component instance "MUXI: mux2t1".
#  (Component port "o_O" is not on the entity.)
# ** Error (suppressible): ../../proj/src/TopLevel/aluUnit/basicGates/mux2t1_N.vhd(43): (vopt-1270) Bad default binding for component instance "MUXI: mux2t1".
#  (Component port "o_O" is not on the entity.)
# ** Error (suppressible): ../../proj/src/TopLevel/aluUnit/basicGates/mux2t1_N.vhd(43): (vopt-1270) Bad default binding for component instance "MUXI: mux2t1".
#  (Component port "o_O" is not on the entity.)
# ** Error (suppressible): ../../proj/src/TopLevel/aluUnit/basicGates/mux2t1_N.vhd(43): (vopt-1270) Bad default binding for component instance "MUXI: mux2t1".
#  (Component port "o_O" is not on the entity.)
# ** Error (suppressible): ../../proj/src/TopLevel/aluUnit/basicGates/mux2t1_N.vhd(43): (vopt-1270) Bad default binding for component instance "MUXI: mux2t1".
#  (Component port "o_O" is not on the entity.)
# ** Error (suppressible): ../../proj/src/TopLevel/aluUnit/basicGates/mux2t1_N.vhd(43): (vopt-1270) Bad default binding for component instance "MUXI: mux2t1".
#  (Component port "o_O" is not on the entity.)
# ** Error (suppressible): ../../proj/src/TopLevel/aluUnit/basicGates/mux2t1_N.vhd(43): (vopt-1270) Bad default binding for component instance "MUXI: mux2t1".
#  (Component port "o_O" is not on the entity.)
# ** Error (suppressible): ../../proj/src/TopLevel/aluUnit/basicGates/mux2t1_N.vhd(43): (vopt-1270) Bad default binding for component instance "MUXI: mux2t1".
#  (Component port "o_O" is not on the entity.)
# ** Error (suppressible): ../../proj/src/TopLevel/aluUnit/basicGates/mux2t1_N.vhd(43): (vopt-1270) Bad default binding for component instance "MUXI: mux2t1".
#  (Component port "o_O" is not on the entity.)
# ** Error (suppressible): ../../proj/src/TopLevel/aluUnit/basicGates/mux2t1_N.vhd(43): (vopt-1270) Bad default binding for component instance "MUXI: mux2t1".
#  (Component port "o_O" is not on the entity.)
# ** Error (suppressible): ../../proj/src/TopLevel/aluUnit/basicGates/mux2t1_N.vhd(43): (vopt-1270) Bad default binding for component instance "MUXI: mux2t1".
#  (Component port "o_O" is not on the entity.)
# ** Error (suppressible): ../../proj/src/TopLevel/aluUnit/basicGates/mux2t1_N.vhd(43): (vopt-1270) Bad default binding for component instance "MUXI: mux2t1".
#  (Component port "o_O" is not on the entity.)
# ** Error (suppressible): ../../proj/src/TopLevel/aluUnit/basicGates/mux2t1_N.vhd(43): (vopt-1270) Bad default binding for component instance "MUXI: mux2t1".
#  (Component port "o_O" is not on the entity.)
# ** Error (suppressible): ../../proj/src/TopLevel/aluUnit/basicGates/mux2t1_N.vhd(43): (vopt-1270) Bad default binding for component instance "MUXI: mux2t1".
#  (Component port "o_O" is not on the entity.)
# ** Error (suppressible): ../../proj/src/TopLevel/aluUnit/basicGates/mux2t1_N.vhd(43): (vopt-1270) Bad default binding for component instance "MUXI: mux2t1".
#  (Component port "o_O" is not on the entity.)
# ** Error (suppressible): ../../proj/src/TopLevel/aluUnit/basicGates/mux2t1_N.vhd(43): (vopt-1270) Bad default binding for component instance "MUXI: mux2t1".
#  (Component port "o_O" is not on the entity.)
# ** Error (suppressible): ../../proj/src/TopLevel/aluUnit/basicGates/mux2t1_N.vhd(43): (vopt-1270) Bad default binding for component instance "MUXI: mux2t1".
#  (Component port "o_O" is not on the entity.)
# ** Error (suppressible): ../../proj/src/TopLevel/aluUnit/basicGates/mux2t1_N.vhd(43): (vopt-1270) Bad default binding for component instance "MUXI: mux2t1".
#  (Component port "o_O" is not on the entity.)
# ** Error (suppressible): ../../proj/src/TopLevel/aluUnit/basicGates/mux2t1_N.vhd(43): (vopt-1270) Bad default binding for component instance "MUXI: mux2t1".
#  (Component port "o_O" is not on the entity.)
# ** Error (suppressible): ../../proj/src/TopLevel/aluUnit/basicGates/mux2t1_N.vhd(43): (vopt-1270) Bad default binding for component instance "MUXI: mux2t1".
#  (Component port "o_O" is not on the entity.)
# ** Error (suppressible): ../../proj/src/TopLevel/aluUnit/basicGates/mux2t1_N.vhd(43): (vopt-1270) Bad default binding for component instance "MUXI: mux2t1".
#  (Component port "o_O" is not on the entity.)
# ** Error (suppressible): ../../proj/src/TopLevel/aluUnit/basicGates/mux2t1_N.vhd(43): (vopt-1270) Bad default binding for component instance "MUXI: mux2t1".
#  (Component port "o_O" is not on the entity.)
# ** Error (suppressible): ../../proj/src/TopLevel/aluUnit/basicGates/mux2t1_N.vhd(43): (vopt-1270) Bad default binding for component instance "MUXI: mux2t1".
#  (Component port "o_O" is not on the entity.)
# ** Error (suppressible): ../../proj/src/TopLevel/aluUnit/basicGates/mux2t1_N.vhd(43): (vopt-1270) Bad default binding for component instance "MUXI: mux2t1".
#  (Component port "o_O" is not on the entity.)
# ** Error (suppressible): ../../proj/src/TopLevel/aluUnit/basicGates/mux2t1_N.vhd(43): (vopt-1270) Bad default binding for component instance "MUXI: mux2t1".
#  (Component port "o_O" is not on the entity.)
# ** Error (suppressible): ../../proj/src/TopLevel/aluUnit/basicGates/mux2t1_N.vhd(43): (vopt-1270) Bad default binding for component instance "MUXI: mux2t1".
#  (Component port "o_O" is not on the entity.)
# ** Error (suppressible): ../../proj/src/TopLevel/aluUnit/basicGates/mux2t1_N.vhd(43): (vopt-1270) Bad default binding for component instance "MUXI: mux2t1".
#  (Component port "o_O" is not on the entity.)
# ** Error (suppressible): ../../proj/src/TopLevel/aluUnit/basicGates/mux2t1_N.vhd(43): (vopt-1270) Bad default binding for component instance "MUXI: mux2t1".
#  (Component port "o_O" is not on the entity.)
# Optimization failed
# ** Note: (vsim-12126) Error and warning message counts have been restored: Errors=69, Warnings=1.
# Error loading design
Error loading design
# End time: 12:38:12 on Mar 26,2024, Elapsed time: 0:00:01
# Errors: 69, Warnings: 1
