[inst #1] lui $1,4097
Register Write to Reg: 0x01 Val: 0x10010000
[inst #2] ori $16,$1,0
Register Write to Reg: 0x10 Val: 0x10010000
[inst #3] addiu $8,$0,0
Register Write to Reg: 0x08 Val: 0x00000000
[inst #4] addiu $9,$0,0
Register Write to Reg: 0x09 Val: 0x00000000
[inst #5] addiu $17,$0,11
Register Write to Reg: 0x11 Val: 0x0000000B
[inst #6] addiu $18,$0,11
Register Write to Reg: 0x12 Val: 0x0000000B
[inst #7] add $10,$0,$16
Register Write to Reg: 0x0A Val: 0x10010000
[inst #8] add $11,$0,$16
Register Write to Reg: 0x0B Val: 0x10010000
[inst #9] addi $17,$17,-1
Register Write to Reg: 0x11 Val: 0x0000000A
[inst #10] addiu $9,$0,0
Register Write to Reg: 0x09 Val: 0x00000000
[inst #11] addi $18,$18,-1
Register Write to Reg: 0x12 Val: 0x0000000A
[inst #12] add $11,$0,$16
Register Write to Reg: 0x0B Val: 0x10010000
[inst #13] lw $19,0($11)
Register Write to Reg: 0x13 Val: 0x0000000A
[inst #14] addi $11,$11,4
Register Write to Reg: 0x0B Val: 0x10010004
[inst #15] lw $20,0($11)
Register Write to Reg: 0x14 Val: 0x0000003C
[inst #16] addi $9,$9,1
Register Write to Reg: 0x09 Val: 0x00000001
[inst #17] slt $12,$19,$20
Register Write to Reg: 0x0C Val: 0x00000001
[inst #18] bne $12,$0,3
[inst #19] bne $9,$18,-10
[inst #20] lw $19,0($11)
Register Write to Reg: 0x13 Val: 0x0000003C
[inst #21] addi $11,$11,4
Register Write to Reg: 0x0B Val: 0x10010008
[inst #22] lw $20,0($11)
Register Write to Reg: 0x14 Val: 0x00000028
[inst #23] addi $9,$9,1
Register Write to Reg: 0x09 Val: 0x00000002
[inst #24] slt $12,$19,$20
Register Write to Reg: 0x0C Val: 0x00000000
[inst #25] bne $12,$0,3
[inst #26] sw $19,0($11)
Memory Write to Addr: 0x10010008 Val: 0x0000003C
[inst #27] sw $20,-4($11)
Memory Write to Addr: 0x10010004 Val: 0x00000028
[inst #28] lw $20,0($11)
Register Write to Reg: 0x14 Val: 0x0000003C
[inst #29] bne $9,$18,-10
[inst #30] lw $19,0($11)
Register Write to Reg: 0x13 Val: 0x0000003C
[inst #31] addi $11,$11,4
Register Write to Reg: 0x0B Val: 0x1001000C
[inst #32] lw $20,0($11)
Register Write to Reg: 0x14 Val: 0x00000046
[inst #33] addi $9,$9,1
Register Write to Reg: 0x09 Val: 0x00000003
[inst #34] slt $12,$19,$20
Register Write to Reg: 0x0C Val: 0x00000001
[inst #35] bne $12,$0,3
[inst #36] bne $9,$18,-10
[inst #37] lw $19,0($11)
Register Write to Reg: 0x13 Val: 0x00000046
[inst #38] addi $11,$11,4
Register Write to Reg: 0x0B Val: 0x10010010
[inst #39] lw $20,0($11)
Register Write to Reg: 0x14 Val: 0x00000014
[inst #40] addi $9,$9,1
Register Write to Reg: 0x09 Val: 0x00000004
[inst #41] slt $12,$19,$20
Register Write to Reg: 0x0C Val: 0x00000000
[inst #42] bne $12,$0,3
[inst #43] sw $19,0($11)
Memory Write to Addr: 0x10010010 Val: 0x00000046
[inst #44] sw $20,-4($11)
Memory Write to Addr: 0x1001000C Val: 0x00000014
[inst #45] lw $20,0($11)
Register Write to Reg: 0x14 Val: 0x00000046
[inst #46] bne $9,$18,-10
[inst #47] lw $19,0($11)
Register Write to Reg: 0x13 Val: 0x00000046
[inst #48] addi $11,$11,4
Register Write to Reg: 0x0B Val: 0x10010014
[inst #49] lw $20,0($11)
Register Write to Reg: 0x14 Val: 0x0000001E
[inst #50] addi $9,$9,1
Register Write to Reg: 0x09 Val: 0x00000005
[inst #51] slt $12,$19,$20
Register Write to Reg: 0x0C Val: 0x00000000
[inst #52] bne $12,$0,3
[inst #53] sw $19,0($11)
Memory Write to Addr: 0x10010014 Val: 0x00000046
[inst #54] sw $20,-4($11)
Memory Write to Addr: 0x10010010 Val: 0x0000001E
[inst #55] lw $20,0($11)
Register Write to Reg: 0x14 Val: 0x00000046
[inst #56] bne $9,$18,-10
[inst #57] lw $19,0($11)
Register Write to Reg: 0x13 Val: 0x00000046
[inst #58] addi $11,$11,4
Register Write to Reg: 0x0B Val: 0x10010018
[inst #59] lw $20,0($11)
Register Write to Reg: 0x14 Val: 0x0000005A
[inst #60] addi $9,$9,1
Register Write to Reg: 0x09 Val: 0x00000006
[inst #61] slt $12,$19,$20
Register Write to Reg: 0x0C Val: 0x00000001
[inst #62] bne $12,$0,3
[inst #63] bne $9,$18,-10
[inst #64] lw $19,0($11)
Register Write to Reg: 0x13 Val: 0x0000005A
[inst #65] addi $11,$11,4
Register Write to Reg: 0x0B Val: 0x1001001C
[inst #66] lw $20,0($11)
Register Write to Reg: 0x14 Val: 0x00000064
[inst #67] addi $9,$9,1
Register Write to Reg: 0x09 Val: 0x00000007
[inst #68] slt $12,$19,$20
Register Write to Reg: 0x0C Val: 0x00000001
[inst #69] bne $12,$0,3
[inst #70] bne $9,$18,-10
[inst #71] lw $19,0($11)
Register Write to Reg: 0x13 Val: 0x00000064
[inst #72] addi $11,$11,4
Register Write to Reg: 0x0B Val: 0x10010020
[inst #73] lw $20,0($11)
Register Write to Reg: 0x14 Val: 0x00000000
[inst #74] addi $9,$9,1
Register Write to Reg: 0x09 Val: 0x00000008
[inst #75] slt $12,$19,$20
Register Write to Reg: 0x0C Val: 0x00000000
[inst #76] bne $12,$0,3
[inst #77] sw $19,0($11)
Memory Write to Addr: 0x10010020 Val: 0x00000064
[inst #78] sw $20,-4($11)
Memory Write to Addr: 0x1001001C Val: 0x00000000
[inst #79] lw $20,0($11)
Register Write to Reg: 0x14 Val: 0x00000064
[inst #80] bne $9,$18,-10
[inst #81] lw $19,0($11)
Register Write to Reg: 0x13 Val: 0x00000064
[inst #82] addi $11,$11,4
Register Write to Reg: 0x0B Val: 0x10010024
[inst #83] lw $20,0($11)
Register Write to Reg: 0x14 Val: 0x00000050
[inst #84] addi $9,$9,1
Register Write to Reg: 0x09 Val: 0x00000009
[inst #85] slt $12,$19,$20
Register Write to Reg: 0x0C Val: 0x00000000
[inst #86] bne $12,$0,3
[inst #87] sw $19,0($11)
Memory Write to Addr: 0x10010024 Val: 0x00000064
[inst #88] sw $20,-4($11)
Memory Write to Addr: 0x10010020 Val: 0x00000050
[inst #89] lw $20,0($11)
Register Write to Reg: 0x14 Val: 0x00000064
[inst #90] bne $9,$18,-10
[inst #91] lw $19,0($11)
Register Write to Reg: 0x13 Val: 0x00000064
[inst #92] addi $11,$11,4
Register Write to Reg: 0x0B Val: 0x10010028
[inst #93] lw $20,0($11)
Register Write to Reg: 0x14 Val: 0x00000032
[inst #94] addi $9,$9,1
Register Write to Reg: 0x09 Val: 0x0000000A
[inst #95] slt $12,$19,$20
Register Write to Reg: 0x0C Val: 0x00000000
[inst #96] bne $12,$0,3
[inst #97] sw $19,0($11)
Memory Write to Addr: 0x10010028 Val: 0x00000064
[inst #98] sw $20,-4($11)
Memory Write to Addr: 0x10010024 Val: 0x00000032
[inst #99] lw $20,0($11)
Register Write to Reg: 0x14 Val: 0x00000064
[inst #100] bne $9,$18,-10
[inst #101] addi $8,$8,1
Register Write to Reg: 0x08 Val: 0x00000001
[inst #102] bne $8,$17,-15
[inst #103] addiu $9,$0,0
Register Write to Reg: 0x09 Val: 0x00000000
[inst #104] addi $18,$18,-1
Register Write to Reg: 0x12 Val: 0x00000009
[inst #105] add $11,$0,$16
Register Write to Reg: 0x0B Val: 0x10010000
[inst #106] lw $19,0($11)
Register Write to Reg: 0x13 Val: 0x0000000A
[inst #107] addi $11,$11,4
Register Write to Reg: 0x0B Val: 0x10010004
[inst #108] lw $20,0($11)
Register Write to Reg: 0x14 Val: 0x00000028
[inst #109] addi $9,$9,1
Register Write to Reg: 0x09 Val: 0x00000001
[inst #110] slt $12,$19,$20
Register Write to Reg: 0x0C Val: 0x00000001
[inst #111] bne $12,$0,3
[inst #112] bne $9,$18,-10
[inst #113] lw $19,0($11)
Register Write to Reg: 0x13 Val: 0x00000028
[inst #114] addi $11,$11,4
Register Write to Reg: 0x0B Val: 0x10010008
[inst #115] lw $20,0($11)
Register Write to Reg: 0x14 Val: 0x0000003C
[inst #116] addi $9,$9,1
Register Write to Reg: 0x09 Val: 0x00000002
[inst #117] slt $12,$19,$20
Register Write to Reg: 0x0C Val: 0x00000001
[inst #118] bne $12,$0,3
[inst #119] bne $9,$18,-10
[inst #120] lw $19,0($11)
Register Write to Reg: 0x13 Val: 0x0000003C
[inst #121] addi $11,$11,4
Register Write to Reg: 0x0B Val: 0x1001000C
[inst #122] lw $20,0($11)
Register Write to Reg: 0x14 Val: 0x00000014
[inst #123] addi $9,$9,1
Register Write to Reg: 0x09 Val: 0x00000003
[inst #124] slt $12,$19,$20
Register Write to Reg: 0x0C Val: 0x00000000
[inst #125] bne $12,$0,3
[inst #126] sw $19,0($11)
Memory Write to Addr: 0x1001000C Val: 0x0000003C
[inst #127] sw $20,-4($11)
Memory Write to Addr: 0x10010008 Val: 0x00000014
[inst #128] lw $20,0($11)
Register Write to Reg: 0x14 Val: 0x0000003C
[inst #129] bne $9,$18,-10
[inst #130] lw $19,0($11)
Register Write to Reg: 0x13 Val: 0x0000003C
[inst #131] addi $11,$11,4
Register Write to Reg: 0x0B Val: 0x10010010
[inst #132] lw $20,0($11)
Register Write to Reg: 0x14 Val: 0x0000001E
[inst #133] addi $9,$9,1
Register Write to Reg: 0x09 Val: 0x00000004
[inst #134] slt $12,$19,$20
Register Write to Reg: 0x0C Val: 0x00000000
[inst #135] bne $12,$0,3
[inst #136] sw $19,0($11)
Memory Write to Addr: 0x10010010 Val: 0x0000003C
[inst #137] sw $20,-4($11)
Memory Write to Addr: 0x1001000C Val: 0x0000001E
[inst #138] lw $20,0($11)
Register Write to Reg: 0x14 Val: 0x0000003C
[inst #139] bne $9,$18,-10
[inst #140] lw $19,0($11)
Register Write to Reg: 0x13 Val: 0x0000003C
[inst #141] addi $11,$11,4
Register Write to Reg: 0x0B Val: 0x10010014
[inst #142] lw $20,0($11)
Register Write to Reg: 0x14 Val: 0x00000046
[inst #143] addi $9,$9,1
Register Write to Reg: 0x09 Val: 0x00000005
[inst #144] slt $12,$19,$20
Register Write to Reg: 0x0C Val: 0x00000001
[inst #145] bne $12,$0,3
[inst #146] bne $9,$18,-10
[inst #147] lw $19,0($11)
Register Write to Reg: 0x13 Val: 0x00000046
[inst #148] addi $11,$11,4
Register Write to Reg: 0x0B Val: 0x10010018
[inst #149] lw $20,0($11)
Register Write to Reg: 0x14 Val: 0x0000005A
[inst #150] addi $9,$9,1
Register Write to Reg: 0x09 Val: 0x00000006
[inst #151] slt $12,$19,$20
Register Write to Reg: 0x0C Val: 0x00000001
[inst #152] bne $12,$0,3
[inst #153] bne $9,$18,-10
[inst #154] lw $19,0($11)
Register Write to Reg: 0x13 Val: 0x0000005A
[inst #155] addi $11,$11,4
Register Write to Reg: 0x0B Val: 0x1001001C
[inst #156] lw $20,0($11)
Register Write to Reg: 0x14 Val: 0x00000000
[inst #157] addi $9,$9,1
Register Write to Reg: 0x09 Val: 0x00000007
[inst #158] slt $12,$19,$20
Register Write to Reg: 0x0C Val: 0x00000000
[inst #159] bne $12,$0,3
[inst #160] sw $19,0($11)
Memory Write to Addr: 0x1001001C Val: 0x0000005A
[inst #161] sw $20,-4($11)
Memory Write to Addr: 0x10010018 Val: 0x00000000
[inst #162] lw $20,0($11)
Register Write to Reg: 0x14 Val: 0x0000005A
[inst #163] bne $9,$18,-10
[inst #164] lw $19,0($11)
Register Write to Reg: 0x13 Val: 0x0000005A
[inst #165] addi $11,$11,4
Register Write to Reg: 0x0B Val: 0x10010020
[inst #166] lw $20,0($11)
Register Write to Reg: 0x14 Val: 0x00000050
[inst #167] addi $9,$9,1
Register Write to Reg: 0x09 Val: 0x00000008
[inst #168] slt $12,$19,$20
Register Write to Reg: 0x0C Val: 0x00000000
[inst #169] bne $12,$0,3
[inst #170] sw $19,0($11)
Memory Write to Addr: 0x10010020 Val: 0x0000005A
[inst #171] sw $20,-4($11)
Memory Write to Addr: 0x1001001C Val: 0x00000050
[inst #172] lw $20,0($11)
Register Write to Reg: 0x14 Val: 0x0000005A
[inst #173] bne $9,$18,-10
[inst #174] lw $19,0($11)
Register Write to Reg: 0x13 Val: 0x0000005A
[inst #175] addi $11,$11,4
Register Write to Reg: 0x0B Val: 0x10010024
[inst #176] lw $20,0($11)
Register Write to Reg: 0x14 Val: 0x00000032
[inst #177] addi $9,$9,1
Register Write to Reg: 0x09 Val: 0x00000009
[inst #178] slt $12,$19,$20
Register Write to Reg: 0x0C Val: 0x00000000
[inst #179] bne $12,$0,3
[inst #180] sw $19,0($11)
Memory Write to Addr: 0x10010024 Val: 0x0000005A
[inst #181] sw $20,-4($11)
Memory Write to Addr: 0x10010020 Val: 0x00000032
[inst #182] lw $20,0($11)
Register Write to Reg: 0x14 Val: 0x0000005A
[inst #183] bne $9,$18,-10
[inst #184] addi $8,$8,1
Register Write to Reg: 0x08 Val: 0x00000002
[inst #185] bne $8,$17,-15
[inst #186] addiu $9,$0,0
Register Write to Reg: 0x09 Val: 0x00000000
[inst #187] addi $18,$18,-1
Register Write to Reg: 0x12 Val: 0x00000008
[inst #188] add $11,$0,$16
Register Write to Reg: 0x0B Val: 0x10010000
[inst #189] lw $19,0($11)
Register Write to Reg: 0x13 Val: 0x0000000A
[inst #190] addi $11,$11,4
Register Write to Reg: 0x0B Val: 0x10010004
[inst #191] lw $20,0($11)
Register Write to Reg: 0x14 Val: 0x00000028
[inst #192] addi $9,$9,1
Register Write to Reg: 0x09 Val: 0x00000001
[inst #193] slt $12,$19,$20
Register Write to Reg: 0x0C Val: 0x00000001
[inst #194] bne $12,$0,3
[inst #195] bne $9,$18,-10
[inst #196] lw $19,0($11)
Register Write to Reg: 0x13 Val: 0x00000028
[inst #197] addi $11,$11,4
Register Write to Reg: 0x0B Val: 0x10010008
[inst #198] lw $20,0($11)
Register Write to Reg: 0x14 Val: 0x00000014
[inst #199] addi $9,$9,1
Register Write to Reg: 0x09 Val: 0x00000002
[inst #200] slt $12,$19,$20
Register Write to Reg: 0x0C Val: 0x00000000
[inst #201] bne $12,$0,3
[inst #202] sw $19,0($11)
Memory Write to Addr: 0x10010008 Val: 0x00000028
[inst #203] sw $20,-4($11)
Memory Write to Addr: 0x10010004 Val: 0x00000014
[inst #204] lw $20,0($11)
Register Write to Reg: 0x14 Val: 0x00000028
[inst #205] bne $9,$18,-10
[inst #206] lw $19,0($11)
Register Write to Reg: 0x13 Val: 0x00000028
[inst #207] addi $11,$11,4
Register Write to Reg: 0x0B Val: 0x1001000C
[inst #208] lw $20,0($11)
Register Write to Reg: 0x14 Val: 0x0000001E
[inst #209] addi $9,$9,1
Register Write to Reg: 0x09 Val: 0x00000003
[inst #210] slt $12,$19,$20
Register Write to Reg: 0x0C Val: 0x00000000
[inst #211] bne $12,$0,3
[inst #212] sw $19,0($11)
Memory Write to Addr: 0x1001000C Val: 0x00000028
[inst #213] sw $20,-4($11)
Memory Write to Addr: 0x10010008 Val: 0x0000001E
[inst #214] lw $20,0($11)
Register Write to Reg: 0x14 Val: 0x00000028
[inst #215] bne $9,$18,-10
[inst #216] lw $19,0($11)
Register Write to Reg: 0x13 Val: 0x00000028
[inst #217] addi $11,$11,4
Register Write to Reg: 0x0B Val: 0x10010010
[inst #218] lw $20,0($11)
Register Write to Reg: 0x14 Val: 0x0000003C
[inst #219] addi $9,$9,1
Register Write to Reg: 0x09 Val: 0x00000004
[inst #220] slt $12,$19,$20
Register Write to Reg: 0x0C Val: 0x00000001
[inst #221] bne $12,$0,3
[inst #222] bne $9,$18,-10
[inst #223] lw $19,0($11)
Register Write to Reg: 0x13 Val: 0x0000003C
[inst #224] addi $11,$11,4
Register Write to Reg: 0x0B Val: 0x10010014
[inst #225] lw $20,0($11)
Register Write to Reg: 0x14 Val: 0x00000046
[inst #226] addi $9,$9,1
Register Write to Reg: 0x09 Val: 0x00000005
[inst #227] slt $12,$19,$20
Register Write to Reg: 0x0C Val: 0x00000001
[inst #228] bne $12,$0,3
[inst #229] bne $9,$18,-10
[inst #230] lw $19,0($11)
Register Write to Reg: 0x13 Val: 0x00000046
[inst #231] addi $11,$11,4
Register Write to Reg: 0x0B Val: 0x10010018
[inst #232] lw $20,0($11)
Register Write to Reg: 0x14 Val: 0x00000000
[inst #233] addi $9,$9,1
Register Write to Reg: 0x09 Val: 0x00000006
[inst #234] slt $12,$19,$20
Register Write to Reg: 0x0C Val: 0x00000000
[inst #235] bne $12,$0,3
[inst #236] sw $19,0($11)
Memory Write to Addr: 0x10010018 Val: 0x00000046
[inst #237] sw $20,-4($11)
Memory Write to Addr: 0x10010014 Val: 0x00000000
[inst #238] lw $20,0($11)
Register Write to Reg: 0x14 Val: 0x00000046
[inst #239] bne $9,$18,-10
[inst #240] lw $19,0($11)
Register Write to Reg: 0x13 Val: 0x00000046
[inst #241] addi $11,$11,4
Register Write to Reg: 0x0B Val: 0x1001001C
[inst #242] lw $20,0($11)
Register Write to Reg: 0x14 Val: 0x00000050
[inst #243] addi $9,$9,1
Register Write to Reg: 0x09 Val: 0x00000007
[inst #244] slt $12,$19,$20
Register Write to Reg: 0x0C Val: 0x00000001
[inst #245] bne $12,$0,3
[inst #246] bne $9,$18,-10
[inst #247] lw $19,0($11)
Register Write to Reg: 0x13 Val: 0x00000050
[inst #248] addi $11,$11,4
Register Write to Reg: 0x0B Val: 0x10010020
[inst #249] lw $20,0($11)
Register Write to Reg: 0x14 Val: 0x00000032
[inst #250] addi $9,$9,1
Register Write to Reg: 0x09 Val: 0x00000008
[inst #251] slt $12,$19,$20
Register Write to Reg: 0x0C Val: 0x00000000
[inst #252] bne $12,$0,3
[inst #253] sw $19,0($11)
Memory Write to Addr: 0x10010020 Val: 0x00000050
[inst #254] sw $20,-4($11)
Memory Write to Addr: 0x1001001C Val: 0x00000032
[inst #255] lw $20,0($11)
Register Write to Reg: 0x14 Val: 0x00000050
[inst #256] bne $9,$18,-10
[inst #257] addi $8,$8,1
Register Write to Reg: 0x08 Val: 0x00000003
[inst #258] bne $8,$17,-15
[inst #259] addiu $9,$0,0
Register Write to Reg: 0x09 Val: 0x00000000
[inst #260] addi $18,$18,-1
Register Write to Reg: 0x12 Val: 0x00000007
[inst #261] add $11,$0,$16
Register Write to Reg: 0x0B Val: 0x10010000
[inst #262] lw $19,0($11)
Register Write to Reg: 0x13 Val: 0x0000000A
[inst #263] addi $11,$11,4
Register Write to Reg: 0x0B Val: 0x10010004
[inst #264] lw $20,0($11)
Register Write to Reg: 0x14 Val: 0x00000014
[inst #265] addi $9,$9,1
Register Write to Reg: 0x09 Val: 0x00000001
[inst #266] slt $12,$19,$20
Register Write to Reg: 0x0C Val: 0x00000001
[inst #267] bne $12,$0,3
[inst #268] bne $9,$18,-10
[inst #269] lw $19,0($11)
Register Write to Reg: 0x13 Val: 0x00000014
[inst #270] addi $11,$11,4
Register Write to Reg: 0x0B Val: 0x10010008
[inst #271] lw $20,0($11)
Register Write to Reg: 0x14 Val: 0x0000001E
[inst #272] addi $9,$9,1
Register Write to Reg: 0x09 Val: 0x00000002
[inst #273] slt $12,$19,$20
Register Write to Reg: 0x0C Val: 0x00000001
[inst #274] bne $12,$0,3
[inst #275] bne $9,$18,-10
[inst #276] lw $19,0($11)
Register Write to Reg: 0x13 Val: 0x0000001E
[inst #277] addi $11,$11,4
Register Write to Reg: 0x0B Val: 0x1001000C
[inst #278] lw $20,0($11)
Register Write to Reg: 0x14 Val: 0x00000028
[inst #279] addi $9,$9,1
Register Write to Reg: 0x09 Val: 0x00000003
[inst #280] slt $12,$19,$20
Register Write to Reg: 0x0C Val: 0x00000001
[inst #281] bne $12,$0,3
[inst #282] bne $9,$18,-10
[inst #283] lw $19,0($11)
Register Write to Reg: 0x13 Val: 0x00000028
[inst #284] addi $11,$11,4
Register Write to Reg: 0x0B Val: 0x10010010
[inst #285] lw $20,0($11)
Register Write to Reg: 0x14 Val: 0x0000003C
[inst #286] addi $9,$9,1
Register Write to Reg: 0x09 Val: 0x00000004
[inst #287] slt $12,$19,$20
Register Write to Reg: 0x0C Val: 0x00000001
[inst #288] bne $12,$0,3
[inst #289] bne $9,$18,-10
[inst #290] lw $19,0($11)
Register Write to Reg: 0x13 Val: 0x0000003C
[inst #291] addi $11,$11,4
Register Write to Reg: 0x0B Val: 0x10010014
[inst #292] lw $20,0($11)
Register Write to Reg: 0x14 Val: 0x00000000
[inst #293] addi $9,$9,1
Register Write to Reg: 0x09 Val: 0x00000005
[inst #294] slt $12,$19,$20
Register Write to Reg: 0x0C Val: 0x00000000
[inst #295] bne $12,$0,3
[inst #296] sw $19,0($11)
Memory Write to Addr: 0x10010014 Val: 0x0000003C
[inst #297] sw $20,-4($11)
Memory Write to Addr: 0x10010010 Val: 0x00000000
[inst #298] lw $20,0($11)
Register Write to Reg: 0x14 Val: 0x0000003C
[inst #299] bne $9,$18,-10
[inst #300] lw $19,0($11)
Register Write to Reg: 0x13 Val: 0x0000003C
[inst #301] addi $11,$11,4
Register Write to Reg: 0x0B Val: 0x10010018
[inst #302] lw $20,0($11)
Register Write to Reg: 0x14 Val: 0x00000046
[inst #303] addi $9,$9,1
Register Write to Reg: 0x09 Val: 0x00000006
[inst #304] slt $12,$19,$20
Register Write to Reg: 0x0C Val: 0x00000001
[inst #305] bne $12,$0,3
[inst #306] bne $9,$18,-10
[inst #307] lw $19,0($11)
Register Write to Reg: 0x13 Val: 0x00000046
[inst #308] addi $11,$11,4
Register Write to Reg: 0x0B Val: 0x1001001C
[inst #309] lw $20,0($11)
Register Write to Reg: 0x14 Val: 0x00000032
[inst #310] addi $9,$9,1
Register Write to Reg: 0x09 Val: 0x00000007
[inst #311] slt $12,$19,$20
Register Write to Reg: 0x0C Val: 0x00000000
[inst #312] bne $12,$0,3
[inst #313] sw $19,0($11)
Memory Write to Addr: 0x1001001C Val: 0x00000046
[inst #314] sw $20,-4($11)
Memory Write to Addr: 0x10010018 Val: 0x00000032
[inst #315] lw $20,0($11)
Register Write to Reg: 0x14 Val: 0x00000046
[inst #316] bne $9,$18,-10
[inst #317] addi $8,$8,1
Register Write to Reg: 0x08 Val: 0x00000004
[inst #318] bne $8,$17,-15
[inst #319] addiu $9,$0,0
Register Write to Reg: 0x09 Val: 0x00000000
[inst #320] addi $18,$18,-1
Register Write to Reg: 0x12 Val: 0x00000006
[inst #321] add $11,$0,$16
Register Write to Reg: 0x0B Val: 0x10010000
[inst #322] lw $19,0($11)
Register Write to Reg: 0x13 Val: 0x0000000A
[inst #323] addi $11,$11,4
Register Write to Reg: 0x0B Val: 0x10010004
[inst #324] lw $20,0($11)
Register Write to Reg: 0x14 Val: 0x00000014
[inst #325] addi $9,$9,1
Register Write to Reg: 0x09 Val: 0x00000001
[inst #326] slt $12,$19,$20
Register Write to Reg: 0x0C Val: 0x00000001
[inst #327] bne $12,$0,3
[inst #328] bne $9,$18,-10
[inst #329] lw $19,0($11)
Register Write to Reg: 0x13 Val: 0x00000014
[inst #330] addi $11,$11,4
Register Write to Reg: 0x0B Val: 0x10010008
[inst #331] lw $20,0($11)
Register Write to Reg: 0x14 Val: 0x0000001E
[inst #332] addi $9,$9,1
Register Write to Reg: 0x09 Val: 0x00000002
[inst #333] slt $12,$19,$20
Register Write to Reg: 0x0C Val: 0x00000001
[inst #334] bne $12,$0,3
[inst #335] bne $9,$18,-10
[inst #336] lw $19,0($11)
Register Write to Reg: 0x13 Val: 0x0000001E
[inst #337] addi $11,$11,4
Register Write to Reg: 0x0B Val: 0x1001000C
[inst #338] lw $20,0($11)
Register Write to Reg: 0x14 Val: 0x00000028
[inst #339] addi $9,$9,1
Register Write to Reg: 0x09 Val: 0x00000003
[inst #340] slt $12,$19,$20
Register Write to Reg: 0x0C Val: 0x00000001
[inst #341] bne $12,$0,3
[inst #342] bne $9,$18,-10
[inst #343] lw $19,0($11)
Register Write to Reg: 0x13 Val: 0x00000028
[inst #344] addi $11,$11,4
Register Write to Reg: 0x0B Val: 0x10010010
[inst #345] lw $20,0($11)
Register Write to Reg: 0x14 Val: 0x00000000
[inst #346] addi $9,$9,1
Register Write to Reg: 0x09 Val: 0x00000004
[inst #347] slt $12,$19,$20
Register Write to Reg: 0x0C Val: 0x00000000
[inst #348] bne $12,$0,3
[inst #349] sw $19,0($11)
Memory Write to Addr: 0x10010010 Val: 0x00000028
[inst #350] sw $20,-4($11)
Memory Write to Addr: 0x1001000C Val: 0x00000000
[inst #351] lw $20,0($11)
Register Write to Reg: 0x14 Val: 0x00000028
[inst #352] bne $9,$18,-10
[inst #353] lw $19,0($11)
Register Write to Reg: 0x13 Val: 0x00000028
[inst #354] addi $11,$11,4
Register Write to Reg: 0x0B Val: 0x10010014
[inst #355] lw $20,0($11)
Register Write to Reg: 0x14 Val: 0x0000003C
[inst #356] addi $9,$9,1
Register Write to Reg: 0x09 Val: 0x00000005
[inst #357] slt $12,$19,$20
Register Write to Reg: 0x0C Val: 0x00000001
[inst #358] bne $12,$0,3
[inst #359] bne $9,$18,-10
[inst #360] lw $19,0($11)
Register Write to Reg: 0x13 Val: 0x0000003C
[inst #361] addi $11,$11,4
Register Write to Reg: 0x0B Val: 0x10010018
[inst #362] lw $20,0($11)
Register Write to Reg: 0x14 Val: 0x00000032
[inst #363] addi $9,$9,1
Register Write to Reg: 0x09 Val: 0x00000006
[inst #364] slt $12,$19,$20
Register Write to Reg: 0x0C Val: 0x00000000
[inst #365] bne $12,$0,3
[inst #366] sw $19,0($11)
Memory Write to Addr: 0x10010018 Val: 0x0000003C
[inst #367] sw $20,-4($11)
Memory Write to Addr: 0x10010014 Val: 0x00000032
[inst #368] lw $20,0($11)
Register Write to Reg: 0x14 Val: 0x0000003C
[inst #369] bne $9,$18,-10
[inst #370] addi $8,$8,1
Register Write to Reg: 0x08 Val: 0x00000005
[inst #371] bne $8,$17,-15
[inst #372] addiu $9,$0,0
Register Write to Reg: 0x09 Val: 0x00000000
[inst #373] addi $18,$18,-1
Register Write to Reg: 0x12 Val: 0x00000005
[inst #374] add $11,$0,$16
Register Write to Reg: 0x0B Val: 0x10010000
[inst #375] lw $19,0($11)
Register Write to Reg: 0x13 Val: 0x0000000A
[inst #376] addi $11,$11,4
Register Write to Reg: 0x0B Val: 0x10010004
[inst #377] lw $20,0($11)
Register Write to Reg: 0x14 Val: 0x00000014
[inst #378] addi $9,$9,1
Register Write to Reg: 0x09 Val: 0x00000001
[inst #379] slt $12,$19,$20
Register Write to Reg: 0x0C Val: 0x00000001
[inst #380] bne $12,$0,3
[inst #381] bne $9,$18,-10
[inst #382] lw $19,0($11)
Register Write to Reg: 0x13 Val: 0x00000014
[inst #383] addi $11,$11,4
Register Write to Reg: 0x0B Val: 0x10010008
[inst #384] lw $20,0($11)
Register Write to Reg: 0x14 Val: 0x0000001E
[inst #385] addi $9,$9,1
Register Write to Reg: 0x09 Val: 0x00000002
[inst #386] slt $12,$19,$20
Register Write to Reg: 0x0C Val: 0x00000001
[inst #387] bne $12,$0,3
[inst #388] bne $9,$18,-10
[inst #389] lw $19,0($11)
Register Write to Reg: 0x13 Val: 0x0000001E
[inst #390] addi $11,$11,4
Register Write to Reg: 0x0B Val: 0x1001000C
[inst #391] lw $20,0($11)
Register Write to Reg: 0x14 Val: 0x00000000
[inst #392] addi $9,$9,1
Register Write to Reg: 0x09 Val: 0x00000003
[inst #393] slt $12,$19,$20
Register Write to Reg: 0x0C Val: 0x00000000
[inst #394] bne $12,$0,3
[inst #395] sw $19,0($11)
Memory Write to Addr: 0x1001000C Val: 0x0000001E
[inst #396] sw $20,-4($11)
Memory Write to Addr: 0x10010008 Val: 0x00000000
[inst #397] lw $20,0($11)
Register Write to Reg: 0x14 Val: 0x0000001E
[inst #398] bne $9,$18,-10
[inst #399] lw $19,0($11)
Register Write to Reg: 0x13 Val: 0x0000001E
[inst #400] addi $11,$11,4
Register Write to Reg: 0x0B Val: 0x10010010
[inst #401] lw $20,0($11)
Register Write to Reg: 0x14 Val: 0x00000028
[inst #402] addi $9,$9,1
Register Write to Reg: 0x09 Val: 0x00000004
[inst #403] slt $12,$19,$20
Register Write to Reg: 0x0C Val: 0x00000001
[inst #404] bne $12,$0,3
[inst #405] bne $9,$18,-10
[inst #406] lw $19,0($11)
Register Write to Reg: 0x13 Val: 0x00000028
[inst #407] addi $11,$11,4
Register Write to Reg: 0x0B Val: 0x10010014
[inst #408] lw $20,0($11)
Register Write to Reg: 0x14 Val: 0x00000032
[inst #409] addi $9,$9,1
Register Write to Reg: 0x09 Val: 0x00000005
[inst #410] slt $12,$19,$20
Register Write to Reg: 0x0C Val: 0x00000001
[inst #411] bne $12,$0,3
[inst #412] bne $9,$18,-10
[inst #413] addi $8,$8,1
Register Write to Reg: 0x08 Val: 0x00000006
[inst #414] bne $8,$17,-15
[inst #415] addiu $9,$0,0
Register Write to Reg: 0x09 Val: 0x00000000
[inst #416] addi $18,$18,-1
Register Write to Reg: 0x12 Val: 0x00000004
[inst #417] add $11,$0,$16
Register Write to Reg: 0x0B Val: 0x10010000
[inst #418] lw $19,0($11)
Register Write to Reg: 0x13 Val: 0x0000000A
[inst #419] addi $11,$11,4
Register Write to Reg: 0x0B Val: 0x10010004
[inst #420] lw $20,0($11)
Register Write to Reg: 0x14 Val: 0x00000014
[inst #421] addi $9,$9,1
Register Write to Reg: 0x09 Val: 0x00000001
[inst #422] slt $12,$19,$20
Register Write to Reg: 0x0C Val: 0x00000001
[inst #423] bne $12,$0,3
[inst #424] bne $9,$18,-10
[inst #425] lw $19,0($11)
Register Write to Reg: 0x13 Val: 0x00000014
[inst #426] addi $11,$11,4
Register Write to Reg: 0x0B Val: 0x10010008
[inst #427] lw $20,0($11)
Register Write to Reg: 0x14 Val: 0x00000000
[inst #428] addi $9,$9,1
Register Write to Reg: 0x09 Val: 0x00000002
[inst #429] slt $12,$19,$20
Register Write to Reg: 0x0C Val: 0x00000000
[inst #430] bne $12,$0,3
[inst #431] sw $19,0($11)
Memory Write to Addr: 0x10010008 Val: 0x00000014
[inst #432] sw $20,-4($11)
Memory Write to Addr: 0x10010004 Val: 0x00000000
[inst #433] lw $20,0($11)
Register Write to Reg: 0x14 Val: 0x00000014
[inst #434] bne $9,$18,-10
[inst #435] lw $19,0($11)
Register Write to Reg: 0x13 Val: 0x00000014
[inst #436] addi $11,$11,4
Register Write to Reg: 0x0B Val: 0x1001000C
[inst #437] lw $20,0($11)
Register Write to Reg: 0x14 Val: 0x0000001E
[inst #438] addi $9,$9,1
Register Write to Reg: 0x09 Val: 0x00000003
[inst #439] slt $12,$19,$20
Register Write to Reg: 0x0C Val: 0x00000001
[inst #440] bne $12,$0,3
[inst #441] bne $9,$18,-10
[inst #442] lw $19,0($11)
Register Write to Reg: 0x13 Val: 0x0000001E
[inst #443] addi $11,$11,4
Register Write to Reg: 0x0B Val: 0x10010010
[inst #444] lw $20,0($11)
Register Write to Reg: 0x14 Val: 0x00000028
[inst #445] addi $9,$9,1
Register Write to Reg: 0x09 Val: 0x00000004
[inst #446] slt $12,$19,$20
Register Write to Reg: 0x0C Val: 0x00000001
[inst #447] bne $12,$0,3
[inst #448] bne $9,$18,-10
[inst #449] addi $8,$8,1
Register Write to Reg: 0x08 Val: 0x00000007
[inst #450] bne $8,$17,-15
[inst #451] addiu $9,$0,0
Register Write to Reg: 0x09 Val: 0x00000000
[inst #452] addi $18,$18,-1
Register Write to Reg: 0x12 Val: 0x00000003
[inst #453] add $11,$0,$16
Register Write to Reg: 0x0B Val: 0x10010000
[inst #454] lw $19,0($11)
Register Write to Reg: 0x13 Val: 0x0000000A
[inst #455] addi $11,$11,4
Register Write to Reg: 0x0B Val: 0x10010004
[inst #456] lw $20,0($11)
Register Write to Reg: 0x14 Val: 0x00000000
[inst #457] addi $9,$9,1
Register Write to Reg: 0x09 Val: 0x00000001
[inst #458] slt $12,$19,$20
Register Write to Reg: 0x0C Val: 0x00000000
[inst #459] bne $12,$0,3
[inst #460] sw $19,0($11)
Memory Write to Addr: 0x10010004 Val: 0x0000000A
[inst #461] sw $20,-4($11)
Memory Write to Addr: 0x10010000 Val: 0x00000000
[inst #462] lw $20,0($11)
Register Write to Reg: 0x14 Val: 0x0000000A
[inst #463] bne $9,$18,-10
[inst #464] lw $19,0($11)
Register Write to Reg: 0x13 Val: 0x0000000A
[inst #465] addi $11,$11,4
Register Write to Reg: 0x0B Val: 0x10010008
[inst #466] lw $20,0($11)
Register Write to Reg: 0x14 Val: 0x00000014
[inst #467] addi $9,$9,1
Register Write to Reg: 0x09 Val: 0x00000002
[inst #468] slt $12,$19,$20
Register Write to Reg: 0x0C Val: 0x00000001
[inst #469] bne $12,$0,3
[inst #470] bne $9,$18,-10
[inst #471] lw $19,0($11)
Register Write to Reg: 0x13 Val: 0x00000014
[inst #472] addi $11,$11,4
Register Write to Reg: 0x0B Val: 0x1001000C
[inst #473] lw $20,0($11)
Register Write to Reg: 0x14 Val: 0x0000001E
[inst #474] addi $9,$9,1
Register Write to Reg: 0x09 Val: 0x00000003
[inst #475] slt $12,$19,$20
Register Write to Reg: 0x0C Val: 0x00000001
[inst #476] bne $12,$0,3
[inst #477] bne $9,$18,-10
[inst #478] addi $8,$8,1
Register Write to Reg: 0x08 Val: 0x00000008
[inst #479] bne $8,$17,-15
[inst #480] addiu $9,$0,0
Register Write to Reg: 0x09 Val: 0x00000000
[inst #481] addi $18,$18,-1
Register Write to Reg: 0x12 Val: 0x00000002
[inst #482] add $11,$0,$16
Register Write to Reg: 0x0B Val: 0x10010000
[inst #483] lw $19,0($11)
Register Write to Reg: 0x13 Val: 0x00000000
[inst #484] addi $11,$11,4
Register Write to Reg: 0x0B Val: 0x10010004
[inst #485] lw $20,0($11)
Register Write to Reg: 0x14 Val: 0x0000000A
[inst #486] addi $9,$9,1
Register Write to Reg: 0x09 Val: 0x00000001
[inst #487] slt $12,$19,$20
Register Write to Reg: 0x0C Val: 0x00000001
[inst #488] bne $12,$0,3
[inst #489] bne $9,$18,-10
[inst #490] lw $19,0($11)
Register Write to Reg: 0x13 Val: 0x0000000A
[inst #491] addi $11,$11,4
Register Write to Reg: 0x0B Val: 0x10010008
[inst #492] lw $20,0($11)
Register Write to Reg: 0x14 Val: 0x00000014
[inst #493] addi $9,$9,1
Register Write to Reg: 0x09 Val: 0x00000002
[inst #494] slt $12,$19,$20
Register Write to Reg: 0x0C Val: 0x00000001
[inst #495] bne $12,$0,3
[inst #496] bne $9,$18,-10
[inst #497] addi $8,$8,1
Register Write to Reg: 0x08 Val: 0x00000009
[inst #498] bne $8,$17,-15
[inst #499] addiu $9,$0,0
Register Write to Reg: 0x09 Val: 0x00000000
[inst #500] addi $18,$18,-1
Register Write to Reg: 0x12 Val: 0x00000001
[inst #501] add $11,$0,$16
Register Write to Reg: 0x0B Val: 0x10010000
[inst #502] lw $19,0($11)
Register Write to Reg: 0x13 Val: 0x00000000
[inst #503] addi $11,$11,4
Register Write to Reg: 0x0B Val: 0x10010004
[inst #504] lw $20,0($11)
Register Write to Reg: 0x14 Val: 0x0000000A
[inst #505] addi $9,$9,1
Register Write to Reg: 0x09 Val: 0x00000001
[inst #506] slt $12,$19,$20
Register Write to Reg: 0x0C Val: 0x00000001
[inst #507] bne $12,$0,3
[inst #508] bne $9,$18,-10
[inst #509] addi $8,$8,1
Register Write to Reg: 0x08 Val: 0x0000000A
[inst #510] bne $8,$17,-15
[inst #511] addiu $8,$0,1
Register Write to Reg: 0x08 Val: 0x00000001
[inst #512] addiu $2,$0,1
Register Write to Reg: 0x02 Val: 0x00000001
[inst #513] lw $4,0($10)
Register Write to Reg: 0x04 Val: 0x00000000
[inst #514] syscall 
0[inst #515] addiu $2,$0,4
Register Write to Reg: 0x02 Val: 0x00000004
[inst #516] lui $1,4097
Register Write to Reg: 0x01 Val: 0x10010000
[inst #517] ori $4,$1,44
Register Write to Reg: 0x04 Val: 0x1001002C
[inst #518] syscall 
 [inst #519] addi $10,$10,4
Register Write to Reg: 0x0A Val: 0x10010004
[inst #520] addi $8,$8,1
Register Write to Reg: 0x08 Val: 0x00000002
[inst #521] bne $8,$17,-10
[inst #522] addiu $2,$0,1
Register Write to Reg: 0x02 Val: 0x00000001
[inst #523] lw $4,0($10)
Register Write to Reg: 0x04 Val: 0x0000000A
[inst #524] syscall 
10[inst #525] addiu $2,$0,4
Register Write to Reg: 0x02 Val: 0x00000004
[inst #526] lui $1,4097
Register Write to Reg: 0x01 Val: 0x10010000
[inst #527] ori $4,$1,44
Register Write to Reg: 0x04 Val: 0x1001002C
[inst #528] syscall 
 [inst #529] addi $10,$10,4
Register Write to Reg: 0x0A Val: 0x10010008
[inst #530] addi $8,$8,1
Register Write to Reg: 0x08 Val: 0x00000003
[inst #531] bne $8,$17,-10
[inst #532] addiu $2,$0,1
Register Write to Reg: 0x02 Val: 0x00000001
[inst #533] lw $4,0($10)
Register Write to Reg: 0x04 Val: 0x00000014
[inst #534] syscall 
20[inst #535] addiu $2,$0,4
Register Write to Reg: 0x02 Val: 0x00000004
[inst #536] lui $1,4097
Register Write to Reg: 0x01 Val: 0x10010000
[inst #537] ori $4,$1,44
Register Write to Reg: 0x04 Val: 0x1001002C
[inst #538] syscall 
 [inst #539] addi $10,$10,4
Register Write to Reg: 0x0A Val: 0x1001000C
[inst #540] addi $8,$8,1
Register Write to Reg: 0x08 Val: 0x00000004
[inst #541] bne $8,$17,-10
[inst #542] addiu $2,$0,1
Register Write to Reg: 0x02 Val: 0x00000001
[inst #543] lw $4,0($10)
Register Write to Reg: 0x04 Val: 0x0000001E
[inst #544] syscall 
30[inst #545] addiu $2,$0,4
Register Write to Reg: 0x02 Val: 0x00000004
[inst #546] lui $1,4097
Register Write to Reg: 0x01 Val: 0x10010000
[inst #547] ori $4,$1,44
Register Write to Reg: 0x04 Val: 0x1001002C
[inst #548] syscall 
 [inst #549] addi $10,$10,4
Register Write to Reg: 0x0A Val: 0x10010010
[inst #550] addi $8,$8,1
Register Write to Reg: 0x08 Val: 0x00000005
[inst #551] bne $8,$17,-10
[inst #552] addiu $2,$0,1
Register Write to Reg: 0x02 Val: 0x00000001
[inst #553] lw $4,0($10)
Register Write to Reg: 0x04 Val: 0x00000028
[inst #554] syscall 
40[inst #555] addiu $2,$0,4
Register Write to Reg: 0x02 Val: 0x00000004
[inst #556] lui $1,4097
Register Write to Reg: 0x01 Val: 0x10010000
[inst #557] ori $4,$1,44
Register Write to Reg: 0x04 Val: 0x1001002C
[inst #558] syscall 
 [inst #559] addi $10,$10,4
Register Write to Reg: 0x0A Val: 0x10010014
[inst #560] addi $8,$8,1
Register Write to Reg: 0x08 Val: 0x00000006
[inst #561] bne $8,$17,-10
[inst #562] addiu $2,$0,1
Register Write to Reg: 0x02 Val: 0x00000001
[inst #563] lw $4,0($10)
Register Write to Reg: 0x04 Val: 0x00000032
[inst #564] syscall 
50[inst #565] addiu $2,$0,4
Register Write to Reg: 0x02 Val: 0x00000004
[inst #566] lui $1,4097
Register Write to Reg: 0x01 Val: 0x10010000
[inst #567] ori $4,$1,44
Register Write to Reg: 0x04 Val: 0x1001002C
[inst #568] syscall 
 [inst #569] addi $10,$10,4
Register Write to Reg: 0x0A Val: 0x10010018
[inst #570] addi $8,$8,1
Register Write to Reg: 0x08 Val: 0x00000007
[inst #571] bne $8,$17,-10
[inst #572] addiu $2,$0,1
Register Write to Reg: 0x02 Val: 0x00000001
[inst #573] lw $4,0($10)
Register Write to Reg: 0x04 Val: 0x0000003C
[inst #574] syscall 
60[inst #575] addiu $2,$0,4
Register Write to Reg: 0x02 Val: 0x00000004
[inst #576] lui $1,4097
Register Write to Reg: 0x01 Val: 0x10010000
[inst #577] ori $4,$1,44
Register Write to Reg: 0x04 Val: 0x1001002C
[inst #578] syscall 
 [inst #579] addi $10,$10,4
Register Write to Reg: 0x0A Val: 0x1001001C
[inst #580] addi $8,$8,1
Register Write to Reg: 0x08 Val: 0x00000008
[inst #581] bne $8,$17,-10
[inst #582] addiu $2,$0,1
Register Write to Reg: 0x02 Val: 0x00000001
[inst #583] lw $4,0($10)
Register Write to Reg: 0x04 Val: 0x00000046
[inst #584] syscall 
70[inst #585] addiu $2,$0,4
Register Write to Reg: 0x02 Val: 0x00000004
[inst #586] lui $1,4097
Register Write to Reg: 0x01 Val: 0x10010000
[inst #587] ori $4,$1,44
Register Write to Reg: 0x04 Val: 0x1001002C
[inst #588] syscall 
 [inst #589] addi $10,$10,4
Register Write to Reg: 0x0A Val: 0x10010020
[inst #590] addi $8,$8,1
Register Write to Reg: 0x08 Val: 0x00000009
[inst #591] bne $8,$17,-10
[inst #592] addiu $2,$0,1
Register Write to Reg: 0x02 Val: 0x00000001
[inst #593] lw $4,0($10)
Register Write to Reg: 0x04 Val: 0x00000050
[inst #594] syscall 
80[inst #595] addiu $2,$0,4
Register Write to Reg: 0x02 Val: 0x00000004
[inst #596] lui $1,4097
Register Write to Reg: 0x01 Val: 0x10010000
[inst #597] ori $4,$1,44
Register Write to Reg: 0x04 Val: 0x1001002C
[inst #598] syscall 
 [inst #599] addi $10,$10,4
Register Write to Reg: 0x0A Val: 0x10010024
[inst #600] addi $8,$8,1
Register Write to Reg: 0x08 Val: 0x0000000A
[inst #601] bne $8,$17,-10
[inst #602] halt 

