In clock cycle: 0
Register Write to Reg: 0x01 Val: 0x10010000
In clock cycle: 1
Register Write to Reg: 0x10 Val: 0x10010000
In clock cycle: 2
Register Write to Reg: 0x08 Val: 0x00000000
In clock cycle: 3
Register Write to Reg: 0x09 Val: 0x00000000
In clock cycle: 4
Register Write to Reg: 0x11 Val: 0x0000000B
In clock cycle: 5
Register Write to Reg: 0x12 Val: 0x0000000B
In clock cycle: 6
Register Write to Reg: 0x0A Val: 0x10010000
In clock cycle: 7
Register Write to Reg: 0x0B Val: 0x10010000
In clock cycle: 8
Register Write to Reg: 0x11 Val: 0x0000000A
In clock cycle: 9
Register Write to Reg: 0x09 Val: 0x00000000
In clock cycle: 10
Register Write to Reg: 0x12 Val: 0x0000000A
In clock cycle: 11
Register Write to Reg: 0x0B Val: 0x10010000
In clock cycle: 12
Register Write to Reg: 0x13 Val: 0x0000000A
In clock cycle: 13
Register Write to Reg: 0x0B Val: 0x10010004
In clock cycle: 14
Register Write to Reg: 0x14 Val: 0x0000003C
In clock cycle: 15
Register Write to Reg: 0x09 Val: 0x00000001
In clock cycle: 16
Register Write to Reg: 0x0C Val: 0x00000001
In clock cycle: 19
Register Write to Reg: 0x13 Val: 0x0000003C
In clock cycle: 20
Register Write to Reg: 0x0B Val: 0x10010008
In clock cycle: 21
Register Write to Reg: 0x14 Val: 0x00000028
In clock cycle: 22
Register Write to Reg: 0x09 Val: 0x00000002
In clock cycle: 23
Register Write to Reg: 0x0C Val: 0x00000000
In clock cycle: 25
Memory Write to Addr: 0x10010008 Val: 0x0000003C
In clock cycle: 26
Memory Write to Addr: 0x10010004 Val: 0x00000028
In clock cycle: 27
Register Write to Reg: 0x14 Val: 0x0000003C
In clock cycle: 29
Register Write to Reg: 0x13 Val: 0x0000003C
In clock cycle: 30
Register Write to Reg: 0x0B Val: 0x1001000C
In clock cycle: 31
Register Write to Reg: 0x14 Val: 0x00000046
In clock cycle: 32
Register Write to Reg: 0x09 Val: 0x00000003
In clock cycle: 33
Register Write to Reg: 0x0C Val: 0x00000001
In clock cycle: 36
Register Write to Reg: 0x13 Val: 0x00000046
In clock cycle: 37
Register Write to Reg: 0x0B Val: 0x10010010
In clock cycle: 38
Register Write to Reg: 0x14 Val: 0x00000014
In clock cycle: 39
Register Write to Reg: 0x09 Val: 0x00000004
In clock cycle: 40
Register Write to Reg: 0x0C Val: 0x00000000
In clock cycle: 42
Memory Write to Addr: 0x10010010 Val: 0x00000046
In clock cycle: 43
Memory Write to Addr: 0x1001000C Val: 0x00000014
In clock cycle: 44
Register Write to Reg: 0x14 Val: 0x00000046
In clock cycle: 46
Register Write to Reg: 0x13 Val: 0x00000046
In clock cycle: 47
Register Write to Reg: 0x0B Val: 0x10010014
In clock cycle: 48
Register Write to Reg: 0x14 Val: 0x0000001E
In clock cycle: 49
Register Write to Reg: 0x09 Val: 0x00000005
In clock cycle: 50
Register Write to Reg: 0x0C Val: 0x00000000
In clock cycle: 52
Memory Write to Addr: 0x10010014 Val: 0x00000046
In clock cycle: 53
Memory Write to Addr: 0x10010010 Val: 0x0000001E
In clock cycle: 54
Register Write to Reg: 0x14 Val: 0x00000046
In clock cycle: 56
Register Write to Reg: 0x13 Val: 0x00000046
In clock cycle: 57
Register Write to Reg: 0x0B Val: 0x10010018
In clock cycle: 58
Register Write to Reg: 0x14 Val: 0x0000005A
In clock cycle: 59
Register Write to Reg: 0x09 Val: 0x00000006
In clock cycle: 60
Register Write to Reg: 0x0C Val: 0x00000001
In clock cycle: 63
Register Write to Reg: 0x13 Val: 0x0000005A
In clock cycle: 64
Register Write to Reg: 0x0B Val: 0x1001001C
In clock cycle: 65
Register Write to Reg: 0x14 Val: 0x00000064
In clock cycle: 66
Register Write to Reg: 0x09 Val: 0x00000007
In clock cycle: 67
Register Write to Reg: 0x0C Val: 0x00000001
In clock cycle: 70
Register Write to Reg: 0x13 Val: 0x00000064
In clock cycle: 71
Register Write to Reg: 0x0B Val: 0x10010020
In clock cycle: 72
Register Write to Reg: 0x14 Val: 0x00000000
In clock cycle: 73
Register Write to Reg: 0x09 Val: 0x00000008
In clock cycle: 74
Register Write to Reg: 0x0C Val: 0x00000000
In clock cycle: 76
Memory Write to Addr: 0x10010020 Val: 0x00000064
In clock cycle: 77
Memory Write to Addr: 0x1001001C Val: 0x00000000
In clock cycle: 78
Register Write to Reg: 0x14 Val: 0x00000064
In clock cycle: 80
Register Write to Reg: 0x13 Val: 0x00000064
In clock cycle: 81
Register Write to Reg: 0x0B Val: 0x10010024
In clock cycle: 82
Register Write to Reg: 0x14 Val: 0x00000050
In clock cycle: 83
Register Write to Reg: 0x09 Val: 0x00000009
In clock cycle: 84
Register Write to Reg: 0x0C Val: 0x00000000
In clock cycle: 86
Memory Write to Addr: 0x10010024 Val: 0x00000064
In clock cycle: 87
Memory Write to Addr: 0x10010020 Val: 0x00000050
In clock cycle: 88
Register Write to Reg: 0x14 Val: 0x00000064
In clock cycle: 90
Register Write to Reg: 0x13 Val: 0x00000064
In clock cycle: 91
Register Write to Reg: 0x0B Val: 0x10010028
In clock cycle: 92
Register Write to Reg: 0x14 Val: 0x00000032
In clock cycle: 93
Register Write to Reg: 0x09 Val: 0x0000000A
In clock cycle: 94
Register Write to Reg: 0x0C Val: 0x00000000
In clock cycle: 96
Memory Write to Addr: 0x10010028 Val: 0x00000064
In clock cycle: 97
Memory Write to Addr: 0x10010024 Val: 0x00000032
In clock cycle: 98
Register Write to Reg: 0x14 Val: 0x00000064
In clock cycle: 100
Register Write to Reg: 0x08 Val: 0x00000001
In clock cycle: 102
Register Write to Reg: 0x09 Val: 0x00000000
In clock cycle: 103
Register Write to Reg: 0x12 Val: 0x00000009
In clock cycle: 104
Register Write to Reg: 0x0B Val: 0x10010000
In clock cycle: 105
Register Write to Reg: 0x13 Val: 0x0000000A
In clock cycle: 106
Register Write to Reg: 0x0B Val: 0x10010004
In clock cycle: 107
Register Write to Reg: 0x14 Val: 0x00000028
In clock cycle: 108
Register Write to Reg: 0x09 Val: 0x00000001
In clock cycle: 109
Register Write to Reg: 0x0C Val: 0x00000001
In clock cycle: 112
Register Write to Reg: 0x13 Val: 0x00000028
In clock cycle: 113
Register Write to Reg: 0x0B Val: 0x10010008
In clock cycle: 114
Register Write to Reg: 0x14 Val: 0x0000003C
In clock cycle: 115
Register Write to Reg: 0x09 Val: 0x00000002
In clock cycle: 116
Register Write to Reg: 0x0C Val: 0x00000001
In clock cycle: 119
Register Write to Reg: 0x13 Val: 0x0000003C
In clock cycle: 120
Register Write to Reg: 0x0B Val: 0x1001000C
In clock cycle: 121
Register Write to Reg: 0x14 Val: 0x00000014
In clock cycle: 122
Register Write to Reg: 0x09 Val: 0x00000003
In clock cycle: 123
Register Write to Reg: 0x0C Val: 0x00000000
In clock cycle: 125
Memory Write to Addr: 0x1001000C Val: 0x0000003C
In clock cycle: 126
Memory Write to Addr: 0x10010008 Val: 0x00000014
In clock cycle: 127
Register Write to Reg: 0x14 Val: 0x0000003C
In clock cycle: 129
Register Write to Reg: 0x13 Val: 0x0000003C
In clock cycle: 130
Register Write to Reg: 0x0B Val: 0x10010010
In clock cycle: 131
Register Write to Reg: 0x14 Val: 0x0000001E
In clock cycle: 132
Register Write to Reg: 0x09 Val: 0x00000004
In clock cycle: 133
Register Write to Reg: 0x0C Val: 0x00000000
In clock cycle: 135
Memory Write to Addr: 0x10010010 Val: 0x0000003C
In clock cycle: 136
Memory Write to Addr: 0x1001000C Val: 0x0000001E
In clock cycle: 137
Register Write to Reg: 0x14 Val: 0x0000003C
In clock cycle: 139
Register Write to Reg: 0x13 Val: 0x0000003C
In clock cycle: 140
Register Write to Reg: 0x0B Val: 0x10010014
In clock cycle: 141
Register Write to Reg: 0x14 Val: 0x00000046
In clock cycle: 142
Register Write to Reg: 0x09 Val: 0x00000005
In clock cycle: 143
Register Write to Reg: 0x0C Val: 0x00000001
In clock cycle: 146
Register Write to Reg: 0x13 Val: 0x00000046
In clock cycle: 147
Register Write to Reg: 0x0B Val: 0x10010018
In clock cycle: 148
Register Write to Reg: 0x14 Val: 0x0000005A
In clock cycle: 149
Register Write to Reg: 0x09 Val: 0x00000006
In clock cycle: 150
Register Write to Reg: 0x0C Val: 0x00000001
In clock cycle: 153
Register Write to Reg: 0x13 Val: 0x0000005A
In clock cycle: 154
Register Write to Reg: 0x0B Val: 0x1001001C
In clock cycle: 155
Register Write to Reg: 0x14 Val: 0x00000000
In clock cycle: 156
Register Write to Reg: 0x09 Val: 0x00000007
In clock cycle: 157
Register Write to Reg: 0x0C Val: 0x00000000
In clock cycle: 159
Memory Write to Addr: 0x1001001C Val: 0x0000005A
In clock cycle: 160
Memory Write to Addr: 0x10010018 Val: 0x00000000
In clock cycle: 161
Register Write to Reg: 0x14 Val: 0x0000005A
In clock cycle: 163
Register Write to Reg: 0x13 Val: 0x0000005A
In clock cycle: 164
Register Write to Reg: 0x0B Val: 0x10010020
In clock cycle: 165
Register Write to Reg: 0x14 Val: 0x00000050
In clock cycle: 166
Register Write to Reg: 0x09 Val: 0x00000008
In clock cycle: 167
Register Write to Reg: 0x0C Val: 0x00000000
In clock cycle: 169
Memory Write to Addr: 0x10010020 Val: 0x0000005A
In clock cycle: 170
Memory Write to Addr: 0x1001001C Val: 0x00000050
In clock cycle: 171
Register Write to Reg: 0x14 Val: 0x0000005A
In clock cycle: 173
Register Write to Reg: 0x13 Val: 0x0000005A
In clock cycle: 174
Register Write to Reg: 0x0B Val: 0x10010024
In clock cycle: 175
Register Write to Reg: 0x14 Val: 0x00000032
In clock cycle: 176
Register Write to Reg: 0x09 Val: 0x00000009
In clock cycle: 177
Register Write to Reg: 0x0C Val: 0x00000000
In clock cycle: 179
Memory Write to Addr: 0x10010024 Val: 0x0000005A
In clock cycle: 180
Memory Write to Addr: 0x10010020 Val: 0x00000032
In clock cycle: 181
Register Write to Reg: 0x14 Val: 0x0000005A
In clock cycle: 183
Register Write to Reg: 0x08 Val: 0x00000002
In clock cycle: 185
Register Write to Reg: 0x09 Val: 0x00000000
In clock cycle: 186
Register Write to Reg: 0x12 Val: 0x00000008
In clock cycle: 187
Register Write to Reg: 0x0B Val: 0x10010000
In clock cycle: 188
Register Write to Reg: 0x13 Val: 0x0000000A
In clock cycle: 189
Register Write to Reg: 0x0B Val: 0x10010004
In clock cycle: 190
Register Write to Reg: 0x14 Val: 0x00000028
In clock cycle: 191
Register Write to Reg: 0x09 Val: 0x00000001
In clock cycle: 192
Register Write to Reg: 0x0C Val: 0x00000001
In clock cycle: 195
Register Write to Reg: 0x13 Val: 0x00000028
In clock cycle: 196
Register Write to Reg: 0x0B Val: 0x10010008
In clock cycle: 197
Register Write to Reg: 0x14 Val: 0x00000014
In clock cycle: 198
Register Write to Reg: 0x09 Val: 0x00000002
In clock cycle: 199
Register Write to Reg: 0x0C Val: 0x00000000
In clock cycle: 201
Memory Write to Addr: 0x10010008 Val: 0x00000028
In clock cycle: 202
Memory Write to Addr: 0x10010004 Val: 0x00000014
In clock cycle: 203
Register Write to Reg: 0x14 Val: 0x00000028
In clock cycle: 205
Register Write to Reg: 0x13 Val: 0x00000028
In clock cycle: 206
Register Write to Reg: 0x0B Val: 0x1001000C
In clock cycle: 207
Register Write to Reg: 0x14 Val: 0x0000001E
In clock cycle: 208
Register Write to Reg: 0x09 Val: 0x00000003
In clock cycle: 209
Register Write to Reg: 0x0C Val: 0x00000000
In clock cycle: 211
Memory Write to Addr: 0x1001000C Val: 0x00000028
In clock cycle: 212
Memory Write to Addr: 0x10010008 Val: 0x0000001E
In clock cycle: 213
Register Write to Reg: 0x14 Val: 0x00000028
In clock cycle: 215
Register Write to Reg: 0x13 Val: 0x00000028
In clock cycle: 216
Register Write to Reg: 0x0B Val: 0x10010010
In clock cycle: 217
Register Write to Reg: 0x14 Val: 0x0000003C
In clock cycle: 218
Register Write to Reg: 0x09 Val: 0x00000004
In clock cycle: 219
Register Write to Reg: 0x0C Val: 0x00000001
In clock cycle: 222
Register Write to Reg: 0x13 Val: 0x0000003C
In clock cycle: 223
Register Write to Reg: 0x0B Val: 0x10010014
In clock cycle: 224
Register Write to Reg: 0x14 Val: 0x00000046
In clock cycle: 225
Register Write to Reg: 0x09 Val: 0x00000005
In clock cycle: 226
Register Write to Reg: 0x0C Val: 0x00000001
In clock cycle: 229
Register Write to Reg: 0x13 Val: 0x00000046
In clock cycle: 230
Register Write to Reg: 0x0B Val: 0x10010018
In clock cycle: 231
Register Write to Reg: 0x14 Val: 0x00000000
In clock cycle: 232
Register Write to Reg: 0x09 Val: 0x00000006
In clock cycle: 233
Register Write to Reg: 0x0C Val: 0x00000000
In clock cycle: 235
Memory Write to Addr: 0x10010018 Val: 0x00000046
In clock cycle: 236
Memory Write to Addr: 0x10010014 Val: 0x00000000
In clock cycle: 237
Register Write to Reg: 0x14 Val: 0x00000046
In clock cycle: 239
Register Write to Reg: 0x13 Val: 0x00000046
In clock cycle: 240
Register Write to Reg: 0x0B Val: 0x1001001C
In clock cycle: 241
Register Write to Reg: 0x14 Val: 0x00000050
In clock cycle: 242
Register Write to Reg: 0x09 Val: 0x00000007
In clock cycle: 243
Register Write to Reg: 0x0C Val: 0x00000001
In clock cycle: 246
Register Write to Reg: 0x13 Val: 0x00000050
In clock cycle: 247
Register Write to Reg: 0x0B Val: 0x10010020
In clock cycle: 248
Register Write to Reg: 0x14 Val: 0x00000032
In clock cycle: 249
Register Write to Reg: 0x09 Val: 0x00000008
In clock cycle: 250
Register Write to Reg: 0x0C Val: 0x00000000
In clock cycle: 252
Memory Write to Addr: 0x10010020 Val: 0x00000050
In clock cycle: 253
Memory Write to Addr: 0x1001001C Val: 0x00000032
In clock cycle: 254
Register Write to Reg: 0x14 Val: 0x00000050
In clock cycle: 256
Register Write to Reg: 0x08 Val: 0x00000003
In clock cycle: 258
Register Write to Reg: 0x09 Val: 0x00000000
In clock cycle: 259
Register Write to Reg: 0x12 Val: 0x00000007
In clock cycle: 260
Register Write to Reg: 0x0B Val: 0x10010000
In clock cycle: 261
Register Write to Reg: 0x13 Val: 0x0000000A
In clock cycle: 262
Register Write to Reg: 0x0B Val: 0x10010004
In clock cycle: 263
Register Write to Reg: 0x14 Val: 0x00000014
In clock cycle: 264
Register Write to Reg: 0x09 Val: 0x00000001
In clock cycle: 265
Register Write to Reg: 0x0C Val: 0x00000001
In clock cycle: 268
Register Write to Reg: 0x13 Val: 0x00000014
In clock cycle: 269
Register Write to Reg: 0x0B Val: 0x10010008
In clock cycle: 270
Register Write to Reg: 0x14 Val: 0x0000001E
In clock cycle: 271
Register Write to Reg: 0x09 Val: 0x00000002
In clock cycle: 272
Register Write to Reg: 0x0C Val: 0x00000001
In clock cycle: 275
Register Write to Reg: 0x13 Val: 0x0000001E
In clock cycle: 276
Register Write to Reg: 0x0B Val: 0x1001000C
In clock cycle: 277
Register Write to Reg: 0x14 Val: 0x00000028
In clock cycle: 278
Register Write to Reg: 0x09 Val: 0x00000003
In clock cycle: 279
Register Write to Reg: 0x0C Val: 0x00000001
In clock cycle: 282
Register Write to Reg: 0x13 Val: 0x00000028
In clock cycle: 283
Register Write to Reg: 0x0B Val: 0x10010010
In clock cycle: 284
Register Write to Reg: 0x14 Val: 0x0000003C
In clock cycle: 285
Register Write to Reg: 0x09 Val: 0x00000004
In clock cycle: 286
Register Write to Reg: 0x0C Val: 0x00000001
In clock cycle: 289
Register Write to Reg: 0x13 Val: 0x0000003C
In clock cycle: 290
Register Write to Reg: 0x0B Val: 0x10010014
In clock cycle: 291
Register Write to Reg: 0x14 Val: 0x00000000
In clock cycle: 292
Register Write to Reg: 0x09 Val: 0x00000005
In clock cycle: 293
Register Write to Reg: 0x0C Val: 0x00000000
In clock cycle: 295
Memory Write to Addr: 0x10010014 Val: 0x0000003C
In clock cycle: 296
Memory Write to Addr: 0x10010010 Val: 0x00000000
In clock cycle: 297
Register Write to Reg: 0x14 Val: 0x0000003C
In clock cycle: 299
Register Write to Reg: 0x13 Val: 0x0000003C
In clock cycle: 300
Register Write to Reg: 0x0B Val: 0x10010018
In clock cycle: 301
Register Write to Reg: 0x14 Val: 0x00000046
In clock cycle: 302
Register Write to Reg: 0x09 Val: 0x00000006
In clock cycle: 303
Register Write to Reg: 0x0C Val: 0x00000001
In clock cycle: 306
Register Write to Reg: 0x13 Val: 0x00000046
In clock cycle: 307
Register Write to Reg: 0x0B Val: 0x1001001C
In clock cycle: 308
Register Write to Reg: 0x14 Val: 0x00000032
In clock cycle: 309
Register Write to Reg: 0x09 Val: 0x00000007
In clock cycle: 310
Register Write to Reg: 0x0C Val: 0x00000000
In clock cycle: 312
Memory Write to Addr: 0x1001001C Val: 0x00000046
In clock cycle: 313
Memory Write to Addr: 0x10010018 Val: 0x00000032
In clock cycle: 314
Register Write to Reg: 0x14 Val: 0x00000046
In clock cycle: 316
Register Write to Reg: 0x08 Val: 0x00000004
In clock cycle: 318
Register Write to Reg: 0x09 Val: 0x00000000
In clock cycle: 319
Register Write to Reg: 0x12 Val: 0x00000006
In clock cycle: 320
Register Write to Reg: 0x0B Val: 0x10010000
In clock cycle: 321
Register Write to Reg: 0x13 Val: 0x0000000A
In clock cycle: 322
Register Write to Reg: 0x0B Val: 0x10010004
In clock cycle: 323
Register Write to Reg: 0x14 Val: 0x00000014
In clock cycle: 324
Register Write to Reg: 0x09 Val: 0x00000001
In clock cycle: 325
Register Write to Reg: 0x0C Val: 0x00000001
In clock cycle: 328
Register Write to Reg: 0x13 Val: 0x00000014
In clock cycle: 329
Register Write to Reg: 0x0B Val: 0x10010008
In clock cycle: 330
Register Write to Reg: 0x14 Val: 0x0000001E
In clock cycle: 331
Register Write to Reg: 0x09 Val: 0x00000002
In clock cycle: 332
Register Write to Reg: 0x0C Val: 0x00000001
In clock cycle: 335
Register Write to Reg: 0x13 Val: 0x0000001E
In clock cycle: 336
Register Write to Reg: 0x0B Val: 0x1001000C
In clock cycle: 337
Register Write to Reg: 0x14 Val: 0x00000028
In clock cycle: 338
Register Write to Reg: 0x09 Val: 0x00000003
In clock cycle: 339
Register Write to Reg: 0x0C Val: 0x00000001
In clock cycle: 342
Register Write to Reg: 0x13 Val: 0x00000028
In clock cycle: 343
Register Write to Reg: 0x0B Val: 0x10010010
In clock cycle: 344
Register Write to Reg: 0x14 Val: 0x00000000
In clock cycle: 345
Register Write to Reg: 0x09 Val: 0x00000004
In clock cycle: 346
Register Write to Reg: 0x0C Val: 0x00000000
In clock cycle: 348
Memory Write to Addr: 0x10010010 Val: 0x00000028
In clock cycle: 349
Memory Write to Addr: 0x1001000C Val: 0x00000000
In clock cycle: 350
Register Write to Reg: 0x14 Val: 0x00000028
In clock cycle: 352
Register Write to Reg: 0x13 Val: 0x00000028
In clock cycle: 353
Register Write to Reg: 0x0B Val: 0x10010014
In clock cycle: 354
Register Write to Reg: 0x14 Val: 0x0000003C
In clock cycle: 355
Register Write to Reg: 0x09 Val: 0x00000005
In clock cycle: 356
Register Write to Reg: 0x0C Val: 0x00000001
In clock cycle: 359
Register Write to Reg: 0x13 Val: 0x0000003C
In clock cycle: 360
Register Write to Reg: 0x0B Val: 0x10010018
In clock cycle: 361
Register Write to Reg: 0x14 Val: 0x00000032
In clock cycle: 362
Register Write to Reg: 0x09 Val: 0x00000006
In clock cycle: 363
Register Write to Reg: 0x0C Val: 0x00000000
In clock cycle: 365
Memory Write to Addr: 0x10010018 Val: 0x0000003C
In clock cycle: 366
Memory Write to Addr: 0x10010014 Val: 0x00000032
In clock cycle: 367
Register Write to Reg: 0x14 Val: 0x0000003C
In clock cycle: 369
Register Write to Reg: 0x08 Val: 0x00000005
In clock cycle: 371
Register Write to Reg: 0x09 Val: 0x00000000
In clock cycle: 372
Register Write to Reg: 0x12 Val: 0x00000005
In clock cycle: 373
Register Write to Reg: 0x0B Val: 0x10010000
In clock cycle: 374
Register Write to Reg: 0x13 Val: 0x0000000A
In clock cycle: 375
Register Write to Reg: 0x0B Val: 0x10010004
In clock cycle: 376
Register Write to Reg: 0x14 Val: 0x00000014
In clock cycle: 377
Register Write to Reg: 0x09 Val: 0x00000001
In clock cycle: 378
Register Write to Reg: 0x0C Val: 0x00000001
In clock cycle: 381
Register Write to Reg: 0x13 Val: 0x00000014
In clock cycle: 382
Register Write to Reg: 0x0B Val: 0x10010008
In clock cycle: 383
Register Write to Reg: 0x14 Val: 0x0000001E
In clock cycle: 384
Register Write to Reg: 0x09 Val: 0x00000002
In clock cycle: 385
Register Write to Reg: 0x0C Val: 0x00000001
In clock cycle: 388
Register Write to Reg: 0x13 Val: 0x0000001E
In clock cycle: 389
Register Write to Reg: 0x0B Val: 0x1001000C
In clock cycle: 390
Register Write to Reg: 0x14 Val: 0x00000000
In clock cycle: 391
Register Write to Reg: 0x09 Val: 0x00000003
In clock cycle: 392
Register Write to Reg: 0x0C Val: 0x00000000
In clock cycle: 394
Memory Write to Addr: 0x1001000C Val: 0x0000001E
In clock cycle: 395
Memory Write to Addr: 0x10010008 Val: 0x00000000
In clock cycle: 396
Register Write to Reg: 0x14 Val: 0x0000001E
In clock cycle: 398
Register Write to Reg: 0x13 Val: 0x0000001E
In clock cycle: 399
Register Write to Reg: 0x0B Val: 0x10010010
In clock cycle: 400
Register Write to Reg: 0x14 Val: 0x00000028
In clock cycle: 401
Register Write to Reg: 0x09 Val: 0x00000004
In clock cycle: 402
Register Write to Reg: 0x0C Val: 0x00000001
In clock cycle: 405
Register Write to Reg: 0x13 Val: 0x00000028
In clock cycle: 406
Register Write to Reg: 0x0B Val: 0x10010014
In clock cycle: 407
Register Write to Reg: 0x14 Val: 0x00000032
In clock cycle: 408
Register Write to Reg: 0x09 Val: 0x00000005
In clock cycle: 409
Register Write to Reg: 0x0C Val: 0x00000001
In clock cycle: 412
Register Write to Reg: 0x08 Val: 0x00000006
In clock cycle: 414
Register Write to Reg: 0x09 Val: 0x00000000
In clock cycle: 415
Register Write to Reg: 0x12 Val: 0x00000004
In clock cycle: 416
Register Write to Reg: 0x0B Val: 0x10010000
In clock cycle: 417
Register Write to Reg: 0x13 Val: 0x0000000A
In clock cycle: 418
Register Write to Reg: 0x0B Val: 0x10010004
In clock cycle: 419
Register Write to Reg: 0x14 Val: 0x00000014
In clock cycle: 420
Register Write to Reg: 0x09 Val: 0x00000001
In clock cycle: 421
Register Write to Reg: 0x0C Val: 0x00000001
In clock cycle: 424
Register Write to Reg: 0x13 Val: 0x00000014
In clock cycle: 425
Register Write to Reg: 0x0B Val: 0x10010008
In clock cycle: 426
Register Write to Reg: 0x14 Val: 0x00000000
In clock cycle: 427
Register Write to Reg: 0x09 Val: 0x00000002
In clock cycle: 428
Register Write to Reg: 0x0C Val: 0x00000000
In clock cycle: 430
Memory Write to Addr: 0x10010008 Val: 0x00000014
In clock cycle: 431
Memory Write to Addr: 0x10010004 Val: 0x00000000
In clock cycle: 432
Register Write to Reg: 0x14 Val: 0x00000014
In clock cycle: 434
Register Write to Reg: 0x13 Val: 0x00000014
In clock cycle: 435
Register Write to Reg: 0x0B Val: 0x1001000C
In clock cycle: 436
Register Write to Reg: 0x14 Val: 0x0000001E
In clock cycle: 437
Register Write to Reg: 0x09 Val: 0x00000003
In clock cycle: 438
Register Write to Reg: 0x0C Val: 0x00000001
In clock cycle: 441
Register Write to Reg: 0x13 Val: 0x0000001E
In clock cycle: 442
Register Write to Reg: 0x0B Val: 0x10010010
In clock cycle: 443
Register Write to Reg: 0x14 Val: 0x00000028
In clock cycle: 444
Register Write to Reg: 0x09 Val: 0x00000004
In clock cycle: 445
Register Write to Reg: 0x0C Val: 0x00000001
In clock cycle: 448
Register Write to Reg: 0x08 Val: 0x00000007
In clock cycle: 450
Register Write to Reg: 0x09 Val: 0x00000000
In clock cycle: 451
Register Write to Reg: 0x12 Val: 0x00000003
In clock cycle: 452
Register Write to Reg: 0x0B Val: 0x10010000
In clock cycle: 453
Register Write to Reg: 0x13 Val: 0x0000000A
In clock cycle: 454
Register Write to Reg: 0x0B Val: 0x10010004
In clock cycle: 455
Register Write to Reg: 0x14 Val: 0x00000000
In clock cycle: 456
Register Write to Reg: 0x09 Val: 0x00000001
In clock cycle: 457
Register Write to Reg: 0x0C Val: 0x00000000
In clock cycle: 459
Memory Write to Addr: 0x10010004 Val: 0x0000000A
In clock cycle: 460
Memory Write to Addr: 0x10010000 Val: 0x00000000
In clock cycle: 461
Register Write to Reg: 0x14 Val: 0x0000000A
In clock cycle: 463
Register Write to Reg: 0x13 Val: 0x0000000A
In clock cycle: 464
Register Write to Reg: 0x0B Val: 0x10010008
In clock cycle: 465
Register Write to Reg: 0x14 Val: 0x00000014
In clock cycle: 466
Register Write to Reg: 0x09 Val: 0x00000002
In clock cycle: 467
Register Write to Reg: 0x0C Val: 0x00000001
In clock cycle: 470
Register Write to Reg: 0x13 Val: 0x00000014
In clock cycle: 471
Register Write to Reg: 0x0B Val: 0x1001000C
In clock cycle: 472
Register Write to Reg: 0x14 Val: 0x0000001E
In clock cycle: 473
Register Write to Reg: 0x09 Val: 0x00000003
In clock cycle: 474
Register Write to Reg: 0x0C Val: 0x00000001
In clock cycle: 477
Register Write to Reg: 0x08 Val: 0x00000008
In clock cycle: 479
Register Write to Reg: 0x09 Val: 0x00000000
In clock cycle: 480
Register Write to Reg: 0x12 Val: 0x00000002
In clock cycle: 481
Register Write to Reg: 0x0B Val: 0x10010000
In clock cycle: 482
Register Write to Reg: 0x13 Val: 0x00000000
In clock cycle: 483
Register Write to Reg: 0x0B Val: 0x10010004
In clock cycle: 484
Register Write to Reg: 0x14 Val: 0x0000000A
In clock cycle: 485
Register Write to Reg: 0x09 Val: 0x00000001
In clock cycle: 486
Register Write to Reg: 0x0C Val: 0x00000001
In clock cycle: 489
Register Write to Reg: 0x13 Val: 0x0000000A
In clock cycle: 490
Register Write to Reg: 0x0B Val: 0x10010008
In clock cycle: 491
Register Write to Reg: 0x14 Val: 0x00000014
In clock cycle: 492
Register Write to Reg: 0x09 Val: 0x00000002
In clock cycle: 493
Register Write to Reg: 0x0C Val: 0x00000001
In clock cycle: 496
Register Write to Reg: 0x08 Val: 0x00000009
In clock cycle: 498
Register Write to Reg: 0x09 Val: 0x00000000
In clock cycle: 499
Register Write to Reg: 0x12 Val: 0x00000001
In clock cycle: 500
Register Write to Reg: 0x0B Val: 0x10010000
In clock cycle: 501
Register Write to Reg: 0x13 Val: 0x00000000
In clock cycle: 502
Register Write to Reg: 0x0B Val: 0x10010004
In clock cycle: 503
Register Write to Reg: 0x14 Val: 0x0000000A
In clock cycle: 504
Register Write to Reg: 0x09 Val: 0x00000001
In clock cycle: 505
Register Write to Reg: 0x0C Val: 0x00000001
In clock cycle: 508
Register Write to Reg: 0x08 Val: 0x0000000A
In clock cycle: 510
Register Write to Reg: 0x08 Val: 0x00000001
In clock cycle: 511
Register Write to Reg: 0x02 Val: 0x00000001
In clock cycle: 512
Register Write to Reg: 0x04 Val: 0x00000000
In clock cycle: 514
Register Write to Reg: 0x02 Val: 0x00000004
In clock cycle: 515
Register Write to Reg: 0x01 Val: 0x10010000
In clock cycle: 516
Register Write to Reg: 0x04 Val: 0x1001002C
In clock cycle: 518
Register Write to Reg: 0x0A Val: 0x10010004
In clock cycle: 519
Register Write to Reg: 0x08 Val: 0x00000002
In clock cycle: 521
Register Write to Reg: 0x02 Val: 0x00000001
In clock cycle: 522
Register Write to Reg: 0x04 Val: 0x0000000A
In clock cycle: 524
Register Write to Reg: 0x02 Val: 0x00000004
In clock cycle: 525
Register Write to Reg: 0x01 Val: 0x10010000
In clock cycle: 526
Register Write to Reg: 0x04 Val: 0x1001002C
In clock cycle: 528
Register Write to Reg: 0x0A Val: 0x10010008
In clock cycle: 529
Register Write to Reg: 0x08 Val: 0x00000003
In clock cycle: 531
Register Write to Reg: 0x02 Val: 0x00000001
In clock cycle: 532
Register Write to Reg: 0x04 Val: 0x00000014
In clock cycle: 534
Register Write to Reg: 0x02 Val: 0x00000004
In clock cycle: 535
Register Write to Reg: 0x01 Val: 0x10010000
In clock cycle: 536
Register Write to Reg: 0x04 Val: 0x1001002C
In clock cycle: 538
Register Write to Reg: 0x0A Val: 0x1001000C
In clock cycle: 539
Register Write to Reg: 0x08 Val: 0x00000004
In clock cycle: 541
Register Write to Reg: 0x02 Val: 0x00000001
In clock cycle: 542
Register Write to Reg: 0x04 Val: 0x0000001E
In clock cycle: 544
Register Write to Reg: 0x02 Val: 0x00000004
In clock cycle: 545
Register Write to Reg: 0x01 Val: 0x10010000
In clock cycle: 546
Register Write to Reg: 0x04 Val: 0x1001002C
In clock cycle: 548
Register Write to Reg: 0x0A Val: 0x10010010
In clock cycle: 549
Register Write to Reg: 0x08 Val: 0x00000005
In clock cycle: 551
Register Write to Reg: 0x02 Val: 0x00000001
In clock cycle: 552
Register Write to Reg: 0x04 Val: 0x00000028
In clock cycle: 554
Register Write to Reg: 0x02 Val: 0x00000004
In clock cycle: 555
Register Write to Reg: 0x01 Val: 0x10010000
In clock cycle: 556
Register Write to Reg: 0x04 Val: 0x1001002C
In clock cycle: 558
Register Write to Reg: 0x0A Val: 0x10010014
In clock cycle: 559
Register Write to Reg: 0x08 Val: 0x00000006
In clock cycle: 561
Register Write to Reg: 0x02 Val: 0x00000001
In clock cycle: 562
Register Write to Reg: 0x04 Val: 0x00000032
In clock cycle: 564
Register Write to Reg: 0x02 Val: 0x00000004
In clock cycle: 565
Register Write to Reg: 0x01 Val: 0x10010000
In clock cycle: 566
Register Write to Reg: 0x04 Val: 0x1001002C
In clock cycle: 568
Register Write to Reg: 0x0A Val: 0x10010018
In clock cycle: 569
Register Write to Reg: 0x08 Val: 0x00000007
In clock cycle: 571
Register Write to Reg: 0x02 Val: 0x00000001
In clock cycle: 572
Register Write to Reg: 0x04 Val: 0x0000003C
In clock cycle: 574
Register Write to Reg: 0x02 Val: 0x00000004
In clock cycle: 575
Register Write to Reg: 0x01 Val: 0x10010000
In clock cycle: 576
Register Write to Reg: 0x04 Val: 0x1001002C
In clock cycle: 578
Register Write to Reg: 0x0A Val: 0x1001001C
In clock cycle: 579
Register Write to Reg: 0x08 Val: 0x00000008
In clock cycle: 581
Register Write to Reg: 0x02 Val: 0x00000001
In clock cycle: 582
Register Write to Reg: 0x04 Val: 0x00000046
In clock cycle: 584
Register Write to Reg: 0x02 Val: 0x00000004
In clock cycle: 585
Register Write to Reg: 0x01 Val: 0x10010000
In clock cycle: 586
Register Write to Reg: 0x04 Val: 0x1001002C
In clock cycle: 588
Register Write to Reg: 0x0A Val: 0x10010020
In clock cycle: 589
Register Write to Reg: 0x08 Val: 0x00000009
In clock cycle: 591
Register Write to Reg: 0x02 Val: 0x00000001
In clock cycle: 592
Register Write to Reg: 0x04 Val: 0x00000050
In clock cycle: 594
Register Write to Reg: 0x02 Val: 0x00000004
In clock cycle: 595
Register Write to Reg: 0x01 Val: 0x10010000
In clock cycle: 596
Register Write to Reg: 0x04 Val: 0x1001002C
In clock cycle: 598
Register Write to Reg: 0x0A Val: 0x10010024
In clock cycle: 599
Register Write to Reg: 0x08 Val: 0x0000000A
Execution is stopping! Clock Cycle: 601
