QuestaSim-64 vcom 2023.2_2 Compiler 2023.06 Jun  9 2023
Start time: 18:48:30 on Mar 24,2024
vcom -2008 -work internal/ModelSimContainer/work proj/src/MIPS_types.vhd internal/testpy/tb.vhd proj/src/MIPS_Processor.vhd proj/src/MIPS_types.vhd proj/src/mem.vhd proj/src/TopLevel/FetchLogic/fetch_Logic.vhd proj/src/TopLevel/FetchLogic/tb_fetch_logic.vhd proj/src/TopLevel/FetchLogic/Gates/NbitRegister.vhd proj/src/TopLevel/FetchLogic/Supporting files/shiftleft2N.vhd proj/src/TopLevel/FetchLogic/Supporting files/bit16_extenders.vhd proj/src/TopLevel/FetchLogic/Supporting files/PCReg.vhd proj/src/TopLevel/FetchLogic/Supporting files/tb_shiftleft2N.vhd proj/src/TopLevel/FetchLogic/Supporting files/tb_pcreg.vhd proj/src/TopLevel/barrelShifter/barrelShifter.vhd proj/src/TopLevel/BasicGates/xorg2.vhd proj/src/TopLevel/BasicGates/dffg.vhd proj/src/TopLevel/BasicGates/org2.vhd proj/src/TopLevel/BasicGates/invg.vhd proj/src/TopLevel/BasicGates/andg2.vhd proj/src/TopLevel/BasicGates/Adder/rippleCarryAdderN.vhd proj/src/TopLevel/BasicGates/Adder/adder1b.vhd proj/src/TopLevel/BasicGates/register/tb_dffg.vhd proj/src/TopLevel/BasicGates/register/dffgN.vhd proj/src/TopLevel/BasicGates/register/register_package.vhd proj/src/TopLevel/BasicGates/register/tb_mux32_1.vhd proj/src/TopLevel/BasicGates/register/tb_dffgN.vhd proj/src/TopLevel/BasicGates/register/mux32_1.vhd proj/src/TopLevel/BasicGates/register/dffg.vhd proj/src/TopLevel/BasicGates/register/tb_MIPSregister.vhd proj/src/TopLevel/BasicGates/register/decoder5_32.vhd proj/src/TopLevel/BasicGates/register/tb_decoder5_32.vhd proj/src/TopLevel/BasicGates/register/MIPSregister.vhd proj/src/TopLevel/LogicGates/mux2t1.vhd proj/src/TopLevel/LogicGates/mux2t1N.vhd proj/src/TopLevel/ControlLogic/tb_control_Logic.vhd proj/src/TopLevel/ControlLogic/control_Logic.vhd proj/src/TopLevel/loadMemModule/tb_loadMemModule.vhd proj/src/TopLevel/loadMemModule/loadMemModule.vhd proj/src/TopLevel/aluUnit/ALU.vhd proj/src/TopLevel/aluUnit/adderSubS.vhd proj/src/TopLevel/aluUnit/onesCompN.vhd proj/src/TopLevel/aluUnit/slt.vhd proj/src/TopLevel/aluUnit/fullAdderStruct.vhd proj/src/TopLevel/aluUnit/firstALU.vhd proj/src/TopLevel/aluUnit/fullAdderStructN.vhd proj/src/TopLevel/aluUnit/lui.vhd proj/src/TopLevel/aluUnit/basicGates/mux32b3t1.vhd proj/src/TopLevel/aluUnit/basicGates/orG32b.vhd proj/src/TopLevel/aluUnit/basicGates/xorg2.vhd proj/src/TopLevel/aluUnit/basicGates/invg.vhd proj/src/TopLevel/aluUnit/basicGates/mux2t1.vhd proj/src/TopLevel/aluUnit/basicGates/mux2t1_N.vhd proj/src/TopLevel/aluUnit/basicGates/andG_N.vhd proj/src/TopLevel/aluUnit/basicGates/mux32_1.vhd proj/src/TopLevel/aluUnit/basicGates/mux2t1_5b.vhd proj/src/TopLevel/aluUnit/basicGates/mux16b2t1.vhd proj/src/TopLevel/aluUnit/basicGates/mux2t1Flow.vhd proj/src/TopLevel/aluUnit/basicGates/orG_N.vhd proj/src/TopLevel/aluUnit/basicGates/bit_extenders24b.vhd proj/src/TopLevel/aluUnit/basicGates/org2.vhd proj/src/TopLevel/aluUnit/basicGates/mux16_1.vhd proj/src/TopLevel/aluUnit/basicGates/xorG_N.vhd proj/src/TopLevel/aluUnit/basicGates/andG32b.vhd proj/src/TopLevel/aluUnit/basicGates/bit_extenders.vhd proj/src/TopLevel/aluUnit/basicGates/andg2.vhd proj/src/TopLevel/aluUnit/basicGates/mux8b4t1.vhd proj/src/TopLevel/aluUnit/basicGates/norG_N.vhd proj/src/TopLevel/aluUnit/testBenches/tb_ALU.vhd proj/src/TopLevel/aluUnit/testBenches/tb_andG_N.vhd proj/src/TopLevel/aluUnit/testBenches/tb_slt.vhd proj/src/TopLevel/aluUnit/testBenches/tb_orG32b.vhd proj/src/TopLevel/aluUnit/testBenches/tb_mux8b4t1.vhd proj/src/TopLevel/aluUnit/testBenches/tb_bit_extenders24b.vhd proj/src/TopLevel/aluUnit/testBenches/tb_norG_N.vhd proj/src/TopLevel/aluUnit/testBenches/tb_andg32b.vhd proj/src/TopLevel/aluUnit/testBenches/tb_xorG_N.vhd proj/src/TopLevel/aluUnit/testBenches/tb_orG_N.vhd proj/src/TopLevel/aluUnit/testBenches/tb_mux16b2t1.vhd proj/src/TopLevel/aluUnit/testBenches/tb_bit_extenders.vhd proj/src/TopLevel/aluUnit/testBenches/tb_onesCompN.vhd proj/src/TopLevel/aluUnit/testBenches/tb_lui.vhd 
-- Loading package STANDARD
-- Loading package TEXTIO
-- Loading package std_logic_1164
-- Compiling package MIPS_types
-- Compiling package body MIPS_types
-- Loading package MIPS_types
-- Loading package std_logic_textio
-- Loading package ENV
-- Compiling entity tb
-- Compiling architecture mixed of tb
-- Loading package MIPS_types
-- Compiling entity MIPS_Processor
-- Compiling architecture structure of MIPS_Processor
** Warning: proj/src/MIPS_types.vhd(15): (vcom-1615) Existing package 'MIPS_types' at line 15 will be overwritten.
-- Compiling package MIPS_types
** Warning: proj/src/MIPS_types.vhd(29): (vcom-1615) Existing package body 'MIPS_types(body)' at line 29 will be overwritten.
-- Compiling package body MIPS_types
-- Loading package MIPS_types
-- Loading package NUMERIC_STD
-- Compiling entity mem
-- Compiling architecture rtl of mem
-- Compiling entity fetch_Logic
-- Compiling architecture mixed of fetch_logic
-- Compiling entity tb_fetch_Logic
-- Compiling architecture behavior of tb_fetch_Logic
-- Compiling entity nbitregister
-- Compiling architecture structural of nbitregister
-- Compiling entity shiftleft2N
-- Compiling architecture Behavioral of shiftleft2N
-- Compiling entity bit16_extender
-- Compiling architecture flow of bit16_extender
-- Compiling entity PCReg
-- Compiling architecture structural of PCReg
-- Compiling entity tb_shiftleft2N
-- Compiling architecture behavior of tb_shiftleft2N
-- Compiling entity tb_PCReg
-- Compiling architecture behavior of tb_PCReg
-- Compiling entity barrelShifter
** Error: proj/src/TopLevel/barrelShifter/barrelShifter.vhd(23): near ")": (vcom-1576) expecting IDENTIFIER.
** Note: proj/src/TopLevel/barrelShifter/barrelShifter.vhd(23): VHDL Compiler exiting
End time: 18:48:30 on Mar 24,2024, Elapsed time: 0:00:00
Errors: 1, Warnings: 2
