In clock cycle: 0
Register Write to Reg: 0x04 Val: 0xFFFFFFFF
In clock cycle: 1
Register Write to Reg: 0x01 Val: 0x11110000
In clock cycle: 2
Register Write to Reg: 0x01 Val: 0x11111111
In clock cycle: 4
Register Write to Reg: 0x01 Val: 0x12340000
In clock cycle: 5
Register Write to Reg: 0x01 Val: 0x12345678
Arithmetic Overflow Detected
In clock cycle: 7
Register Write to Reg: 0x01 Val: 0x12340000
In clock cycle: 8
Register Write to Reg: 0x01 Val: 0x12345678
In clock cycle: 10
Register Write to Reg: 0x04 Val: 0x00000000
In clock cycle: 11
Register Write to Reg: 0x01 Val: 0xEEEE0000
In clock cycle: 12
Register Write to Reg: 0x01 Val: 0xEEEEEEEE
Execution is stopping! Clock Cycle: 14
