Info: *******************************************************************
Info: Running Quartus Prime Analysis & Synthesis
    Info: Version 20.1.1 Build 720 11/11/2020 SJ Standard Edition
    Info: Copyright (C) 2020  Intel Corporation. All rights reserved.
    Info: Your use of Intel Corporation's design tools, logic functions 
    Info: and other software and tools, and any partner logic 
    Info: functions, and any output files from any of the foregoing 
    Info: (including device programming or simulation files), and any 
    Info: associated documentation or information are expressly subject 
    Info: to the terms and conditions of the Intel Program License 
    Info: Subscription Agreement, the Intel Quartus Prime License Agreement,
    Info: the Intel FPGA IP License Agreement, or other applicable license
    Info: agreement, including, without limitation, that your use is for
    Info: the sole purpose of programming logic devices manufactured by
    Info: Intel and sold by Intel or its authorized distributors.  Please
    Info: refer to the applicable agreement for further details, at
    Info: https://fpgasoftware.intel.com/eula.
    Info: Processing started: Wed Apr 24 15:47:24 2024
Info: Command: quartus_map --read_settings_files=on --write_settings_files=off toolflow -c toolflow
Warning (18236): Number of processors has not been specified which may cause overloading on shared machines.  Set the global assignment NUM_PARALLEL_PROCESSORS in your QSF to an appropriate value for best performance.
Info (20030): Parallel compilation is enabled and will use 4 of the 4 processors detected
Info (12021): Found 2 design units, including 1 entities, in source file /home/cfergen/cpre381/CPRE381TermProject/hwPipeline/cpre381-toolflow-hw/proj/src/MIPS_Processor.vhd
    Info (12022): Found design unit 1: MIPS_Processor-structure File: /home/cfergen/cpre381/CPRE381TermProject/hwPipeline/cpre381-toolflow-hw/proj/src/MIPS_Processor.vhd Line: 30
    Info (12023): Found entity 1: MIPS_Processor File: /home/cfergen/cpre381/CPRE381TermProject/hwPipeline/cpre381-toolflow-hw/proj/src/MIPS_Processor.vhd Line: 19
Info (12021): Found 2 design units, including 0 entities, in source file /home/cfergen/cpre381/CPRE381TermProject/hwPipeline/cpre381-toolflow-hw/proj/src/MIPS_types.vhd
    Info (12022): Found design unit 1: MIPS_types File: /home/cfergen/cpre381/CPRE381TermProject/hwPipeline/cpre381-toolflow-hw/proj/src/MIPS_types.vhd Line: 15
    Info (12022): Found design unit 2: MIPS_types-body File: /home/cfergen/cpre381/CPRE381TermProject/hwPipeline/cpre381-toolflow-hw/proj/src/MIPS_types.vhd Line: 31
Info (12021): Found 2 design units, including 1 entities, in source file /home/cfergen/cpre381/CPRE381TermProject/hwPipeline/cpre381-toolflow-hw/proj/src/TopLevel/BasicGates/Adder/adder1b.vhd
    Info (12022): Found design unit 1: Adder1b-structural File: /home/cfergen/cpre381/CPRE381TermProject/hwPipeline/cpre381-toolflow-hw/proj/src/TopLevel/BasicGates/Adder/adder1b.vhd Line: 19
    Info (12023): Found entity 1: Adder1b File: /home/cfergen/cpre381/CPRE381TermProject/hwPipeline/cpre381-toolflow-hw/proj/src/TopLevel/BasicGates/Adder/adder1b.vhd Line: 8
Info (12021): Found 2 design units, including 1 entities, in source file /home/cfergen/cpre381/CPRE381TermProject/hwPipeline/cpre381-toolflow-hw/proj/src/TopLevel/BasicGates/Adder/rippleCarryAdderN.vhd
    Info (12022): Found design unit 1: rippleCarryAdderN-structural File: /home/cfergen/cpre381/CPRE381TermProject/hwPipeline/cpre381-toolflow-hw/proj/src/TopLevel/BasicGates/Adder/rippleCarryAdderN.vhd Line: 30
    Info (12023): Found entity 1: rippleCarryAdderN File: /home/cfergen/cpre381/CPRE381TermProject/hwPipeline/cpre381-toolflow-hw/proj/src/TopLevel/BasicGates/Adder/rippleCarryAdderN.vhd Line: 20
Info (12021): Found 2 design units, including 1 entities, in source file /home/cfergen/cpre381/CPRE381TermProject/hwPipeline/cpre381-toolflow-hw/proj/src/TopLevel/BasicGates/andG32b.vhd
    Info (12022): Found design unit 1: andG32b-dataflow File: /home/cfergen/cpre381/CPRE381TermProject/hwPipeline/cpre381-toolflow-hw/proj/src/TopLevel/BasicGates/andG32b.vhd Line: 30
    Info (12023): Found entity 1: andG32b File: /home/cfergen/cpre381/CPRE381TermProject/hwPipeline/cpre381-toolflow-hw/proj/src/TopLevel/BasicGates/andG32b.vhd Line: 21
Info (12021): Found 2 design units, including 1 entities, in source file /home/cfergen/cpre381/CPRE381TermProject/hwPipeline/cpre381-toolflow-hw/proj/src/TopLevel/BasicGates/andG5b.vhd
    Info (12022): Found design unit 1: andG5b-dataflow File: /home/cfergen/cpre381/CPRE381TermProject/hwPipeline/cpre381-toolflow-hw/proj/src/TopLevel/BasicGates/andG5b.vhd Line: 29
    Info (12023): Found entity 1: andG5b File: /home/cfergen/cpre381/CPRE381TermProject/hwPipeline/cpre381-toolflow-hw/proj/src/TopLevel/BasicGates/andG5b.vhd Line: 20
Info (12021): Found 2 design units, including 1 entities, in source file /home/cfergen/cpre381/CPRE381TermProject/hwPipeline/cpre381-toolflow-hw/proj/src/TopLevel/BasicGates/andg2.vhd
    Info (12022): Found design unit 1: andg2-dataflow File: /home/cfergen/cpre381/CPRE381TermProject/hwPipeline/cpre381-toolflow-hw/proj/src/TopLevel/BasicGates/andg2.vhd Line: 31
    Info (12023): Found entity 1: andg2 File: /home/cfergen/cpre381/CPRE381TermProject/hwPipeline/cpre381-toolflow-hw/proj/src/TopLevel/BasicGates/andg2.vhd Line: 23
Info (12021): Found 2 design units, including 1 entities, in source file /home/cfergen/cpre381/CPRE381TermProject/hwPipeline/cpre381-toolflow-hw/proj/src/TopLevel/BasicGates/andgN.vhd
    Info (12022): Found design unit 1: andgN-structural File: /home/cfergen/cpre381/CPRE381TermProject/hwPipeline/cpre381-toolflow-hw/proj/src/TopLevel/BasicGates/andgN.vhd Line: 26
    Info (12023): Found entity 1: andgN File: /home/cfergen/cpre381/CPRE381TermProject/hwPipeline/cpre381-toolflow-hw/proj/src/TopLevel/BasicGates/andgN.vhd Line: 17
Info (12021): Found 2 design units, including 1 entities, in source file /home/cfergen/cpre381/CPRE381TermProject/hwPipeline/cpre381-toolflow-hw/proj/src/TopLevel/BasicGates/invg.vhd
    Info (12022): Found design unit 1: invg-dataflow File: /home/cfergen/cpre381/CPRE381TermProject/hwPipeline/cpre381-toolflow-hw/proj/src/TopLevel/BasicGates/invg.vhd Line: 30
    Info (12023): Found entity 1: invg File: /home/cfergen/cpre381/CPRE381TermProject/hwPipeline/cpre381-toolflow-hw/proj/src/TopLevel/BasicGates/invg.vhd Line: 23
Info (12021): Found 2 design units, including 1 entities, in source file /home/cfergen/cpre381/CPRE381TermProject/hwPipeline/cpre381-toolflow-hw/proj/src/TopLevel/BasicGates/mux2t1.vhd
    Info (12022): Found design unit 1: mux2t1-structure File: /home/cfergen/cpre381/CPRE381TermProject/hwPipeline/cpre381-toolflow-hw/proj/src/TopLevel/BasicGates/mux2t1.vhd Line: 29
    Info (12023): Found entity 1: mux2t1 File: /home/cfergen/cpre381/CPRE381TermProject/hwPipeline/cpre381-toolflow-hw/proj/src/TopLevel/BasicGates/mux2t1.vhd Line: 20
Info (12021): Found 2 design units, including 1 entities, in source file /home/cfergen/cpre381/CPRE381TermProject/hwPipeline/cpre381-toolflow-hw/proj/src/TopLevel/BasicGates/mux2t1N.vhd
    Info (12022): Found design unit 1: mux2t1N-structural File: /home/cfergen/cpre381/CPRE381TermProject/hwPipeline/cpre381-toolflow-hw/proj/src/TopLevel/BasicGates/mux2t1N.vhd Line: 30
    Info (12023): Found entity 1: mux2t1N File: /home/cfergen/cpre381/CPRE381TermProject/hwPipeline/cpre381-toolflow-hw/proj/src/TopLevel/BasicGates/mux2t1N.vhd Line: 21
Info (12021): Found 2 design units, including 1 entities, in source file /home/cfergen/cpre381/CPRE381TermProject/hwPipeline/cpre381-toolflow-hw/proj/src/TopLevel/BasicGates/mux2t1_17b.vhd
    Info (12022): Found design unit 1: mux2t1_17b-structural File: /home/cfergen/cpre381/CPRE381TermProject/hwPipeline/cpre381-toolflow-hw/proj/src/TopLevel/BasicGates/mux2t1_17b.vhd Line: 30
    Info (12023): Found entity 1: mux2t1_17b File: /home/cfergen/cpre381/CPRE381TermProject/hwPipeline/cpre381-toolflow-hw/proj/src/TopLevel/BasicGates/mux2t1_17b.vhd Line: 21
Info (12021): Found 2 design units, including 1 entities, in source file /home/cfergen/cpre381/CPRE381TermProject/hwPipeline/cpre381-toolflow-hw/proj/src/TopLevel/BasicGates/mux2t1_N.vhd
    Info (12022): Found design unit 1: mux2t1_N-structural File: /home/cfergen/cpre381/CPRE381TermProject/hwPipeline/cpre381-toolflow-hw/proj/src/TopLevel/BasicGates/mux2t1_N.vhd Line: 30
    Info (12023): Found entity 1: mux2t1_N File: /home/cfergen/cpre381/CPRE381TermProject/hwPipeline/cpre381-toolflow-hw/proj/src/TopLevel/BasicGates/mux2t1_N.vhd Line: 21
Info (12021): Found 2 design units, including 1 entities, in source file /home/cfergen/cpre381/CPRE381TermProject/hwPipeline/cpre381-toolflow-hw/proj/src/TopLevel/BasicGates/org2.vhd
    Info (12022): Found design unit 1: org2-dataflow File: /home/cfergen/cpre381/CPRE381TermProject/hwPipeline/cpre381-toolflow-hw/proj/src/TopLevel/BasicGates/org2.vhd Line: 31
    Info (12023): Found entity 1: org2 File: /home/cfergen/cpre381/CPRE381TermProject/hwPipeline/cpre381-toolflow-hw/proj/src/TopLevel/BasicGates/org2.vhd Line: 23
Info (12021): Found 2 design units, including 1 entities, in source file /home/cfergen/cpre381/CPRE381TermProject/hwPipeline/cpre381-toolflow-hw/proj/src/TopLevel/BasicGates/register/MIPSregister.vhd
    Info (12022): Found design unit 1: MIPSregister-structure File: /home/cfergen/cpre381/CPRE381TermProject/hwPipeline/cpre381-toolflow-hw/proj/src/TopLevel/BasicGates/register/MIPSregister.vhd Line: 42
    Info (12023): Found entity 1: MIPSregister File: /home/cfergen/cpre381/CPRE381TermProject/hwPipeline/cpre381-toolflow-hw/proj/src/TopLevel/BasicGates/register/MIPSregister.vhd Line: 21
Info (12021): Found 2 design units, including 1 entities, in source file /home/cfergen/cpre381/CPRE381TermProject/hwPipeline/cpre381-toolflow-hw/proj/src/TopLevel/BasicGates/register/decoder5_32.vhd
    Info (12022): Found design unit 1: decoder5_32-decoder File: /home/cfergen/cpre381/CPRE381TermProject/hwPipeline/cpre381-toolflow-hw/proj/src/TopLevel/BasicGates/register/decoder5_32.vhd Line: 26
    Info (12023): Found entity 1: decoder5_32 File: /home/cfergen/cpre381/CPRE381TermProject/hwPipeline/cpre381-toolflow-hw/proj/src/TopLevel/BasicGates/register/decoder5_32.vhd Line: 20
Info (12021): Found 2 design units, including 1 entities, in source file /home/cfergen/cpre381/CPRE381TermProject/hwPipeline/cpre381-toolflow-hw/proj/src/TopLevel/BasicGates/register/dffg.vhd
    Info (12022): Found design unit 1: dffg-mixed File: /home/cfergen/cpre381/CPRE381TermProject/hwPipeline/cpre381-toolflow-hw/proj/src/TopLevel/BasicGates/register/dffg.vhd Line: 33
    Info (12023): Found entity 1: dffg File: /home/cfergen/cpre381/CPRE381TermProject/hwPipeline/cpre381-toolflow-hw/proj/src/TopLevel/BasicGates/register/dffg.vhd Line: 23
Info (12021): Found 2 design units, including 1 entities, in source file /home/cfergen/cpre381/CPRE381TermProject/hwPipeline/cpre381-toolflow-hw/proj/src/TopLevel/BasicGates/register/dffgNF.vhd
    Info (12022): Found design unit 1: dffgNF-mixed File: /home/cfergen/cpre381/CPRE381TermProject/hwPipeline/cpre381-toolflow-hw/proj/src/TopLevel/BasicGates/register/dffgNF.vhd Line: 33
    Info (12023): Found entity 1: dffgNF File: /home/cfergen/cpre381/CPRE381TermProject/hwPipeline/cpre381-toolflow-hw/proj/src/TopLevel/BasicGates/register/dffgNF.vhd Line: 23
Info (12021): Found 2 design units, including 1 entities, in source file /home/cfergen/cpre381/CPRE381TermProject/hwPipeline/cpre381-toolflow-hw/proj/src/TopLevel/BasicGates/register/dffgNN.vhd
    Info (12022): Found design unit 1: dffgNN-structural File: /home/cfergen/cpre381/CPRE381TermProject/hwPipeline/cpre381-toolflow-hw/proj/src/TopLevel/BasicGates/register/dffgNN.vhd Line: 30
    Info (12023): Found entity 1: dffgNN File: /home/cfergen/cpre381/CPRE381TermProject/hwPipeline/cpre381-toolflow-hw/proj/src/TopLevel/BasicGates/register/dffgNN.vhd Line: 20
Info (12021): Found 2 design units, including 1 entities, in source file /home/cfergen/cpre381/CPRE381TermProject/hwPipeline/cpre381-toolflow-hw/proj/src/TopLevel/BasicGates/register/mux32_1.vhd
    Info (12022): Found design unit 1: mux32_1-mux File: /home/cfergen/cpre381/CPRE381TermProject/hwPipeline/cpre381-toolflow-hw/proj/src/TopLevel/BasicGates/register/mux32_1.vhd Line: 29
    Info (12023): Found entity 1: mux32_1 File: /home/cfergen/cpre381/CPRE381TermProject/hwPipeline/cpre381-toolflow-hw/proj/src/TopLevel/BasicGates/register/mux32_1.vhd Line: 20
Info (12021): Found 2 design units, including 1 entities, in source file /home/cfergen/cpre381/CPRE381TermProject/hwPipeline/cpre381-toolflow-hw/proj/src/TopLevel/BasicGates/xorg2.vhd
    Info (12022): Found design unit 1: xorg2-dataflow File: /home/cfergen/cpre381/CPRE381TermProject/hwPipeline/cpre381-toolflow-hw/proj/src/TopLevel/BasicGates/xorg2.vhd Line: 31
    Info (12023): Found entity 1: xorg2 File: /home/cfergen/cpre381/CPRE381TermProject/hwPipeline/cpre381-toolflow-hw/proj/src/TopLevel/BasicGates/xorg2.vhd Line: 23
Info (12021): Found 2 design units, including 1 entities, in source file /home/cfergen/cpre381/CPRE381TermProject/hwPipeline/cpre381-toolflow-hw/proj/src/TopLevel/ControlLogic/control_Logic.vhd
    Info (12022): Found design unit 1: control_Logic-flow File: /home/cfergen/cpre381/CPRE381TermProject/hwPipeline/cpre381-toolflow-hw/proj/src/TopLevel/ControlLogic/control_Logic.vhd Line: 34
    Info (12023): Found entity 1: control_Logic File: /home/cfergen/cpre381/CPRE381TermProject/hwPipeline/cpre381-toolflow-hw/proj/src/TopLevel/ControlLogic/control_Logic.vhd Line: 22
Info (12021): Found 2 design units, including 1 entities, in source file /home/cfergen/cpre381/CPRE381TermProject/hwPipeline/cpre381-toolflow-hw/proj/src/TopLevel/FetchLogic/Gates/NbitRegister.vhd
    Info (12022): Found design unit 1: nbitregister-structural File: /home/cfergen/cpre381/CPRE381TermProject/hwPipeline/cpre381-toolflow-hw/proj/src/TopLevel/FetchLogic/Gates/NbitRegister.vhd Line: 19
    Info (12023): Found entity 1: nbitregister File: /home/cfergen/cpre381/CPRE381TermProject/hwPipeline/cpre381-toolflow-hw/proj/src/TopLevel/FetchLogic/Gates/NbitRegister.vhd Line: 8
Info (12021): Found 2 design units, including 1 entities, in source file /home/cfergen/cpre381/CPRE381TermProject/hwPipeline/cpre381-toolflow-hw/proj/src/TopLevel/FetchLogic/Supporting files/PCReg.vhd
    Info (12022): Found design unit 1: PCReg-structural File: /home/cfergen/cpre381/CPRE381TermProject/hwPipeline/cpre381-toolflow-hw/proj/src/TopLevel/FetchLogic/Supporting files/PCReg.vhd Line: 35
    Info (12023): Found entity 1: PCReg File: /home/cfergen/cpre381/CPRE381TermProject/hwPipeline/cpre381-toolflow-hw/proj/src/TopLevel/FetchLogic/Supporting files/PCReg.vhd Line: 23
Info (12021): Found 2 design units, including 1 entities, in source file /home/cfergen/cpre381/CPRE381TermProject/hwPipeline/cpre381-toolflow-hw/proj/src/TopLevel/FetchLogic/Supporting files/bit16_extenders.vhd
    Info (12022): Found design unit 1: bit16_extender-flow File: /home/cfergen/cpre381/CPRE381TermProject/hwPipeline/cpre381-toolflow-hw/proj/src/TopLevel/FetchLogic/Supporting files/bit16_extenders.vhd Line: 24
    Info (12023): Found entity 1: bit16_extender File: /home/cfergen/cpre381/CPRE381TermProject/hwPipeline/cpre381-toolflow-hw/proj/src/TopLevel/FetchLogic/Supporting files/bit16_extenders.vhd Line: 15
Info (12021): Found 2 design units, including 1 entities, in source file /home/cfergen/cpre381/CPRE381TermProject/hwPipeline/cpre381-toolflow-hw/proj/src/TopLevel/FetchLogic/Supporting files/shiftleft2N.vhd
    Info (12022): Found design unit 1: shiftleft2N-Behavioral File: /home/cfergen/cpre381/CPRE381TermProject/hwPipeline/cpre381-toolflow-hw/proj/src/TopLevel/FetchLogic/Supporting files/shiftleft2N.vhd Line: 33
    Info (12023): Found entity 1: shiftleft2N File: /home/cfergen/cpre381/CPRE381TermProject/hwPipeline/cpre381-toolflow-hw/proj/src/TopLevel/FetchLogic/Supporting files/shiftleft2N.vhd Line: 22
Info (12021): Found 2 design units, including 1 entities, in source file /home/cfergen/cpre381/CPRE381TermProject/hwPipeline/cpre381-toolflow-hw/proj/src/TopLevel/FetchLogic/fetch_Logic.vhd
    Info (12022): Found design unit 1: fetch_logic-mixed File: /home/cfergen/cpre381/CPRE381TermProject/hwPipeline/cpre381-toolflow-hw/proj/src/TopLevel/FetchLogic/fetch_Logic.vhd Line: 45
    Info (12023): Found entity 1: fetch_Logic File: /home/cfergen/cpre381/CPRE381TermProject/hwPipeline/cpre381-toolflow-hw/proj/src/TopLevel/FetchLogic/fetch_Logic.vhd Line: 24
Info (12021): Found 2 design units, including 1 entities, in source file /home/cfergen/cpre381/CPRE381TermProject/hwPipeline/cpre381-toolflow-hw/proj/src/TopLevel/SoftwarePipeline/EX_MEM_Reg.vhd
    Info (12022): Found design unit 1: EX_MEM_Reg-structural File: /home/cfergen/cpre381/CPRE381TermProject/hwPipeline/cpre381-toolflow-hw/proj/src/TopLevel/SoftwarePipeline/EX_MEM_Reg.vhd Line: 29
    Info (12023): Found entity 1: EX_MEM_Reg File: /home/cfergen/cpre381/CPRE381TermProject/hwPipeline/cpre381-toolflow-hw/proj/src/TopLevel/SoftwarePipeline/EX_MEM_Reg.vhd Line: 19
Info (12021): Found 2 design units, including 1 entities, in source file /home/cfergen/cpre381/CPRE381TermProject/hwPipeline/cpre381-toolflow-hw/proj/src/TopLevel/SoftwarePipeline/ID_EX_Reg.vhd
    Info (12022): Found design unit 1: ID_EX_Reg-structural File: /home/cfergen/cpre381/CPRE381TermProject/hwPipeline/cpre381-toolflow-hw/proj/src/TopLevel/SoftwarePipeline/ID_EX_Reg.vhd Line: 42
    Info (12023): Found entity 1: ID_EX_Reg File: /home/cfergen/cpre381/CPRE381TermProject/hwPipeline/cpre381-toolflow-hw/proj/src/TopLevel/SoftwarePipeline/ID_EX_Reg.vhd Line: 17
Info (12021): Found 2 design units, including 1 entities, in source file /home/cfergen/cpre381/CPRE381TermProject/hwPipeline/cpre381-toolflow-hw/proj/src/TopLevel/SoftwarePipeline/IF_ID_Reg.vhd
    Info (12022): Found design unit 1: IF_ID_Reg-structural File: /home/cfergen/cpre381/CPRE381TermProject/hwPipeline/cpre381-toolflow-hw/proj/src/TopLevel/SoftwarePipeline/IF_ID_Reg.vhd Line: 31
    Info (12023): Found entity 1: IF_ID_Reg File: /home/cfergen/cpre381/CPRE381TermProject/hwPipeline/cpre381-toolflow-hw/proj/src/TopLevel/SoftwarePipeline/IF_ID_Reg.vhd Line: 18
Info (12021): Found 2 design units, including 1 entities, in source file /home/cfergen/cpre381/CPRE381TermProject/hwPipeline/cpre381-toolflow-hw/proj/src/TopLevel/SoftwarePipeline/MEM_WB_Reg.vhd
    Info (12022): Found design unit 1: MEM_WB_Reg-structural File: /home/cfergen/cpre381/CPRE381TermProject/hwPipeline/cpre381-toolflow-hw/proj/src/TopLevel/SoftwarePipeline/MEM_WB_Reg.vhd Line: 29
    Info (12023): Found entity 1: MEM_WB_Reg File: /home/cfergen/cpre381/CPRE381TermProject/hwPipeline/cpre381-toolflow-hw/proj/src/TopLevel/SoftwarePipeline/MEM_WB_Reg.vhd Line: 19
Info (12021): Found 2 design units, including 1 entities, in source file /home/cfergen/cpre381/CPRE381TermProject/hwPipeline/cpre381-toolflow-hw/proj/src/TopLevel/SoftwarePipeline/tb_IF_ID_Reg.vhd
    Info (12022): Found design unit 1: tb_IF_ID_Reg-behavior File: /home/cfergen/cpre381/CPRE381TermProject/hwPipeline/cpre381-toolflow-hw/proj/src/TopLevel/SoftwarePipeline/tb_IF_ID_Reg.vhd Line: 24
    Info (12023): Found entity 1: tb_IF_ID_Reg File: /home/cfergen/cpre381/CPRE381TermProject/hwPipeline/cpre381-toolflow-hw/proj/src/TopLevel/SoftwarePipeline/tb_IF_ID_Reg.vhd Line: 20
Info (12021): Found 2 design units, including 1 entities, in source file /home/cfergen/cpre381/CPRE381TermProject/hwPipeline/cpre381-toolflow-hw/proj/src/TopLevel/SoftwarePipeline/tb_dffg.vhd
    Info (12022): Found design unit 1: tb_dffg-behavior File: /home/cfergen/cpre381/CPRE381TermProject/hwPipeline/cpre381-toolflow-hw/proj/src/TopLevel/SoftwarePipeline/tb_dffg.vhd Line: 27
    Info (12023): Found entity 1: tb_dffg File: /home/cfergen/cpre381/CPRE381TermProject/hwPipeline/cpre381-toolflow-hw/proj/src/TopLevel/SoftwarePipeline/tb_dffg.vhd Line: 23
Info (12021): Found 2 design units, including 1 entities, in source file /home/cfergen/cpre381/CPRE381TermProject/hwPipeline/cpre381-toolflow-hw/proj/src/TopLevel/SoftwarePipeline/tb_dffgN.vhd
    Info (12022): Found design unit 1: tb_dffgN-behavior File: /home/cfergen/cpre381/CPRE381TermProject/hwPipeline/cpre381-toolflow-hw/proj/src/TopLevel/SoftwarePipeline/tb_dffgN.vhd Line: 24
    Info (12023): Found entity 1: tb_dffgN File: /home/cfergen/cpre381/CPRE381TermProject/hwPipeline/cpre381-toolflow-hw/proj/src/TopLevel/SoftwarePipeline/tb_dffgN.vhd Line: 20
Info (12021): Found 2 design units, including 1 entities, in source file /home/cfergen/cpre381/CPRE381TermProject/hwPipeline/cpre381-toolflow-hw/proj/src/TopLevel/aluUnit/ALU.vhd
    Info (12022): Found design unit 1: ALU-structure File: /home/cfergen/cpre381/CPRE381TermProject/hwPipeline/cpre381-toolflow-hw/proj/src/TopLevel/aluUnit/ALU.vhd Line: 44
    Info (12023): Found entity 1: ALU File: /home/cfergen/cpre381/CPRE381TermProject/hwPipeline/cpre381-toolflow-hw/proj/src/TopLevel/aluUnit/ALU.vhd Line: 23
Info (12021): Found 2 design units, including 1 entities, in source file /home/cfergen/cpre381/CPRE381TermProject/hwPipeline/cpre381-toolflow-hw/proj/src/TopLevel/aluUnit/adderSubS.vhd
    Info (12022): Found design unit 1: adderSubS-structure File: /home/cfergen/cpre381/CPRE381TermProject/hwPipeline/cpre381-toolflow-hw/proj/src/TopLevel/aluUnit/adderSubS.vhd Line: 32
    Info (12023): Found entity 1: adderSubS File: /home/cfergen/cpre381/CPRE381TermProject/hwPipeline/cpre381-toolflow-hw/proj/src/TopLevel/aluUnit/adderSubS.vhd Line: 17
Info (12021): Found 0 design units, including 0 entities, in source file /home/cfergen/cpre381/CPRE381TermProject/hwPipeline/cpre381-toolflow-hw/proj/src/TopLevel/aluUnit/barrelShifter/1bitShifter.vhd
Info (12021): Found 2 design units, including 1 entities, in source file /home/cfergen/cpre381/CPRE381TermProject/hwPipeline/cpre381-toolflow-hw/proj/src/TopLevel/aluUnit/barrelShifter/barrelshifter.vhd
    Info (12022): Found design unit 1: barrelShifter-structural File: /home/cfergen/cpre381/CPRE381TermProject/hwPipeline/cpre381-toolflow-hw/proj/src/TopLevel/aluUnit/barrelShifter/barrelshifter.vhd Line: 25
    Info (12023): Found entity 1: barrelShifter File: /home/cfergen/cpre381/CPRE381TermProject/hwPipeline/cpre381-toolflow-hw/proj/src/TopLevel/aluUnit/barrelShifter/barrelshifter.vhd Line: 17
Info (12021): Found 2 design units, including 1 entities, in source file /home/cfergen/cpre381/CPRE381TermProject/hwPipeline/cpre381-toolflow-hw/proj/src/TopLevel/aluUnit/basicGates/andG_N.vhd
    Info (12022): Found design unit 1: andG_N-structural File: /home/cfergen/cpre381/CPRE381TermProject/hwPipeline/cpre381-toolflow-hw/proj/src/TopLevel/aluUnit/basicGates/andG_N.vhd Line: 29
    Info (12023): Found entity 1: andG_N File: /home/cfergen/cpre381/CPRE381TermProject/hwPipeline/cpre381-toolflow-hw/proj/src/TopLevel/aluUnit/basicGates/andG_N.vhd Line: 21
Info (12021): Found 2 design units, including 1 entities, in source file /home/cfergen/cpre381/CPRE381TermProject/hwPipeline/cpre381-toolflow-hw/proj/src/TopLevel/aluUnit/basicGates/barrelShifterArithmetic.vhd
    Info (12022): Found design unit 1: barrelShifterArithmetic-structural File: /home/cfergen/cpre381/CPRE381TermProject/hwPipeline/cpre381-toolflow-hw/proj/src/TopLevel/aluUnit/basicGates/barrelShifterArithmetic.vhd Line: 30
    Info (12023): Found entity 1: barrelShifterArithmetic File: /home/cfergen/cpre381/CPRE381TermProject/hwPipeline/cpre381-toolflow-hw/proj/src/TopLevel/aluUnit/basicGates/barrelShifterArithmetic.vhd Line: 20
Info (12021): Found 2 design units, including 1 entities, in source file /home/cfergen/cpre381/CPRE381TermProject/hwPipeline/cpre381-toolflow-hw/proj/src/TopLevel/aluUnit/basicGates/barrelShifterSLL.vhd
    Info (12022): Found design unit 1: barrelShifterSLL-structural File: /home/cfergen/cpre381/CPRE381TermProject/hwPipeline/cpre381-toolflow-hw/proj/src/TopLevel/aluUnit/basicGates/barrelShifterSLL.vhd Line: 30
    Info (12023): Found entity 1: barrelShifterSLL File: /home/cfergen/cpre381/CPRE381TermProject/hwPipeline/cpre381-toolflow-hw/proj/src/TopLevel/aluUnit/basicGates/barrelShifterSLL.vhd Line: 20
Info (12021): Found 2 design units, including 1 entities, in source file /home/cfergen/cpre381/CPRE381TermProject/hwPipeline/cpre381-toolflow-hw/proj/src/TopLevel/aluUnit/basicGates/bit_extenders.vhd
    Info (12022): Found design unit 1: bit_extenders-flow File: /home/cfergen/cpre381/CPRE381TermProject/hwPipeline/cpre381-toolflow-hw/proj/src/TopLevel/aluUnit/basicGates/bit_extenders.vhd Line: 34
    Info (12023): Found entity 1: bit_extenders File: /home/cfergen/cpre381/CPRE381TermProject/hwPipeline/cpre381-toolflow-hw/proj/src/TopLevel/aluUnit/basicGates/bit_extenders.vhd Line: 22
Info (12021): Found 2 design units, including 1 entities, in source file /home/cfergen/cpre381/CPRE381TermProject/hwPipeline/cpre381-toolflow-hw/proj/src/TopLevel/aluUnit/basicGates/bit_extenders24b.vhd
    Info (12022): Found design unit 1: bit_extenders24b-flow File: /home/cfergen/cpre381/CPRE381TermProject/hwPipeline/cpre381-toolflow-hw/proj/src/TopLevel/aluUnit/basicGates/bit_extenders24b.vhd Line: 34
    Info (12023): Found entity 1: bit_extenders24b File: /home/cfergen/cpre381/CPRE381TermProject/hwPipeline/cpre381-toolflow-hw/proj/src/TopLevel/aluUnit/basicGates/bit_extenders24b.vhd Line: 22
Info (12021): Found 2 design units, including 1 entities, in source file /home/cfergen/cpre381/CPRE381TermProject/hwPipeline/cpre381-toolflow-hw/proj/src/TopLevel/aluUnit/basicGates/mux16_1.vhd
    Info (12022): Found design unit 1: mux16_1-mux File: /home/cfergen/cpre381/CPRE381TermProject/hwPipeline/cpre381-toolflow-hw/proj/src/TopLevel/aluUnit/basicGates/mux16_1.vhd Line: 28
    Info (12023): Found entity 1: mux16_1 File: /home/cfergen/cpre381/CPRE381TermProject/hwPipeline/cpre381-toolflow-hw/proj/src/TopLevel/aluUnit/basicGates/mux16_1.vhd Line: 20
Info (12021): Found 2 design units, including 1 entities, in source file /home/cfergen/cpre381/CPRE381TermProject/hwPipeline/cpre381-toolflow-hw/proj/src/TopLevel/aluUnit/basicGates/mux16b2t1.vhd
    Info (12022): Found design unit 1: mux16b2t1-mux File: /home/cfergen/cpre381/CPRE381TermProject/hwPipeline/cpre381-toolflow-hw/proj/src/TopLevel/aluUnit/basicGates/mux16b2t1.vhd Line: 27
    Info (12023): Found entity 1: mux16b2t1 File: /home/cfergen/cpre381/CPRE381TermProject/hwPipeline/cpre381-toolflow-hw/proj/src/TopLevel/aluUnit/basicGates/mux16b2t1.vhd Line: 20
Info (12021): Found 2 design units, including 1 entities, in source file /home/cfergen/cpre381/CPRE381TermProject/hwPipeline/cpre381-toolflow-hw/proj/src/TopLevel/aluUnit/basicGates/mux2t1Flow.vhd
    Info (12022): Found design unit 1: mux2t1Flow-mux2t1F File: /home/cfergen/cpre381/CPRE381TermProject/hwPipeline/cpre381-toolflow-hw/proj/src/TopLevel/aluUnit/basicGates/mux2t1Flow.vhd Line: 27
    Info (12023): Found entity 1: mux2t1Flow File: /home/cfergen/cpre381/CPRE381TermProject/hwPipeline/cpre381-toolflow-hw/proj/src/TopLevel/aluUnit/basicGates/mux2t1Flow.vhd Line: 21
Info (12021): Found 2 design units, including 1 entities, in source file /home/cfergen/cpre381/CPRE381TermProject/hwPipeline/cpre381-toolflow-hw/proj/src/TopLevel/aluUnit/basicGates/mux2t1_5b.vhd
    Info (12022): Found design unit 1: mux2t1_5b-structural File: /home/cfergen/cpre381/CPRE381TermProject/hwPipeline/cpre381-toolflow-hw/proj/src/TopLevel/aluUnit/basicGates/mux2t1_5b.vhd Line: 30
    Info (12023): Found entity 1: mux2t1_5b File: /home/cfergen/cpre381/CPRE381TermProject/hwPipeline/cpre381-toolflow-hw/proj/src/TopLevel/aluUnit/basicGates/mux2t1_5b.vhd Line: 21
Info (12021): Found 2 design units, including 1 entities, in source file /home/cfergen/cpre381/CPRE381TermProject/hwPipeline/cpre381-toolflow-hw/proj/src/TopLevel/aluUnit/basicGates/mux32b3t1.vhd
    Info (12022): Found design unit 1: mux32b3t1-mux File: /home/cfergen/cpre381/CPRE381TermProject/hwPipeline/cpre381-toolflow-hw/proj/src/TopLevel/aluUnit/basicGates/mux32b3t1.vhd Line: 27
    Info (12023): Found entity 1: mux32b3t1 File: /home/cfergen/cpre381/CPRE381TermProject/hwPipeline/cpre381-toolflow-hw/proj/src/TopLevel/aluUnit/basicGates/mux32b3t1.vhd Line: 20
Info (12021): Found 2 design units, including 1 entities, in source file /home/cfergen/cpre381/CPRE381TermProject/hwPipeline/cpre381-toolflow-hw/proj/src/TopLevel/aluUnit/basicGates/mux8b4t1.vhd
    Info (12022): Found design unit 1: mux8b4t1-mux File: /home/cfergen/cpre381/CPRE381TermProject/hwPipeline/cpre381-toolflow-hw/proj/src/TopLevel/aluUnit/basicGates/mux8b4t1.vhd Line: 27
    Info (12023): Found entity 1: mux8b4t1 File: /home/cfergen/cpre381/CPRE381TermProject/hwPipeline/cpre381-toolflow-hw/proj/src/TopLevel/aluUnit/basicGates/mux8b4t1.vhd Line: 20
Info (12021): Found 2 design units, including 1 entities, in source file /home/cfergen/cpre381/CPRE381TermProject/hwPipeline/cpre381-toolflow-hw/proj/src/TopLevel/aluUnit/basicGates/norG_N.vhd
    Info (12022): Found design unit 1: norG_N-structure File: /home/cfergen/cpre381/CPRE381TermProject/hwPipeline/cpre381-toolflow-hw/proj/src/TopLevel/aluUnit/basicGates/norG_N.vhd Line: 30
    Info (12023): Found entity 1: norG_N File: /home/cfergen/cpre381/CPRE381TermProject/hwPipeline/cpre381-toolflow-hw/proj/src/TopLevel/aluUnit/basicGates/norG_N.vhd Line: 17
Info (12021): Found 2 design units, including 1 entities, in source file /home/cfergen/cpre381/CPRE381TermProject/hwPipeline/cpre381-toolflow-hw/proj/src/TopLevel/aluUnit/basicGates/orG32b.vhd
    Info (12022): Found design unit 1: orG32b-dataflow File: /home/cfergen/cpre381/CPRE381TermProject/hwPipeline/cpre381-toolflow-hw/proj/src/TopLevel/aluUnit/basicGates/orG32b.vhd Line: 30
    Info (12023): Found entity 1: orG32b File: /home/cfergen/cpre381/CPRE381TermProject/hwPipeline/cpre381-toolflow-hw/proj/src/TopLevel/aluUnit/basicGates/orG32b.vhd Line: 21
Info (12021): Found 2 design units, including 1 entities, in source file /home/cfergen/cpre381/CPRE381TermProject/hwPipeline/cpre381-toolflow-hw/proj/src/TopLevel/aluUnit/basicGates/orG_N.vhd
    Info (12022): Found design unit 1: orG_N-structural File: /home/cfergen/cpre381/CPRE381TermProject/hwPipeline/cpre381-toolflow-hw/proj/src/TopLevel/aluUnit/basicGates/orG_N.vhd Line: 29
    Info (12023): Found entity 1: orG_N File: /home/cfergen/cpre381/CPRE381TermProject/hwPipeline/cpre381-toolflow-hw/proj/src/TopLevel/aluUnit/basicGates/orG_N.vhd Line: 21
Info (12021): Found 2 design units, including 1 entities, in source file /home/cfergen/cpre381/CPRE381TermProject/hwPipeline/cpre381-toolflow-hw/proj/src/TopLevel/aluUnit/basicGates/xorG_N.vhd
    Info (12022): Found design unit 1: xorG_N-structural File: /home/cfergen/cpre381/CPRE381TermProject/hwPipeline/cpre381-toolflow-hw/proj/src/TopLevel/aluUnit/basicGates/xorG_N.vhd Line: 29
    Info (12023): Found entity 1: xorG_N File: /home/cfergen/cpre381/CPRE381TermProject/hwPipeline/cpre381-toolflow-hw/proj/src/TopLevel/aluUnit/basicGates/xorG_N.vhd Line: 21
Info (12021): Found 2 design units, including 1 entities, in source file /home/cfergen/cpre381/CPRE381TermProject/hwPipeline/cpre381-toolflow-hw/proj/src/TopLevel/aluUnit/firstALU.vhd
    Info (12022): Found design unit 1: firstALU-structure File: /home/cfergen/cpre381/CPRE381TermProject/hwPipeline/cpre381-toolflow-hw/proj/src/TopLevel/aluUnit/firstALU.vhd Line: 40
    Info (12023): Found entity 1: firstALU File: /home/cfergen/cpre381/CPRE381TermProject/hwPipeline/cpre381-toolflow-hw/proj/src/TopLevel/aluUnit/firstALU.vhd Line: 21
Info (12021): Found 2 design units, including 1 entities, in source file /home/cfergen/cpre381/CPRE381TermProject/hwPipeline/cpre381-toolflow-hw/proj/src/TopLevel/aluUnit/fullAdderStruct.vhd
    Info (12022): Found design unit 1: fullAdderStruct-structure File: /home/cfergen/cpre381/CPRE381TermProject/hwPipeline/cpre381-toolflow-hw/proj/src/TopLevel/aluUnit/fullAdderStruct.vhd Line: 31
    Info (12023): Found entity 1: fullAdderStruct File: /home/cfergen/cpre381/CPRE381TermProject/hwPipeline/cpre381-toolflow-hw/proj/src/TopLevel/aluUnit/fullAdderStruct.vhd Line: 17
Info (12021): Found 2 design units, including 1 entities, in source file /home/cfergen/cpre381/CPRE381TermProject/hwPipeline/cpre381-toolflow-hw/proj/src/TopLevel/aluUnit/fullAdderStructN.vhd
    Info (12022): Found design unit 1: fullAdderStructN-structural File: /home/cfergen/cpre381/CPRE381TermProject/hwPipeline/cpre381-toolflow-hw/proj/src/TopLevel/aluUnit/fullAdderStructN.vhd Line: 34
    Info (12023): Found entity 1: fullAdderStructN File: /home/cfergen/cpre381/CPRE381TermProject/hwPipeline/cpre381-toolflow-hw/proj/src/TopLevel/aluUnit/fullAdderStructN.vhd Line: 21
Info (12021): Found 2 design units, including 1 entities, in source file /home/cfergen/cpre381/CPRE381TermProject/hwPipeline/cpre381-toolflow-hw/proj/src/TopLevel/aluUnit/lui.vhd
    Info (12022): Found design unit 1: lui-flow File: /home/cfergen/cpre381/CPRE381TermProject/hwPipeline/cpre381-toolflow-hw/proj/src/TopLevel/aluUnit/lui.vhd Line: 33
    Info (12023): Found entity 1: lui File: /home/cfergen/cpre381/CPRE381TermProject/hwPipeline/cpre381-toolflow-hw/proj/src/TopLevel/aluUnit/lui.vhd Line: 21
Info (12021): Found 2 design units, including 1 entities, in source file /home/cfergen/cpre381/CPRE381TermProject/hwPipeline/cpre381-toolflow-hw/proj/src/TopLevel/aluUnit/onesCompN.vhd
    Info (12022): Found design unit 1: onesCompN-structural File: /home/cfergen/cpre381/CPRE381TermProject/hwPipeline/cpre381-toolflow-hw/proj/src/TopLevel/aluUnit/onesCompN.vhd Line: 28
    Info (12023): Found entity 1: onesCompN File: /home/cfergen/cpre381/CPRE381TermProject/hwPipeline/cpre381-toolflow-hw/proj/src/TopLevel/aluUnit/onesCompN.vhd Line: 20
Info (12021): Found 2 design units, including 1 entities, in source file /home/cfergen/cpre381/CPRE381TermProject/hwPipeline/cpre381-toolflow-hw/proj/src/TopLevel/aluUnit/slt.vhd
    Info (12022): Found design unit 1: slt-behavorial File: /home/cfergen/cpre381/CPRE381TermProject/hwPipeline/cpre381-toolflow-hw/proj/src/TopLevel/aluUnit/slt.vhd Line: 33
    Info (12023): Found entity 1: slt File: /home/cfergen/cpre381/CPRE381TermProject/hwPipeline/cpre381-toolflow-hw/proj/src/TopLevel/aluUnit/slt.vhd Line: 21
Info (12021): Found 2 design units, including 1 entities, in source file /home/cfergen/cpre381/CPRE381TermProject/hwPipeline/cpre381-toolflow-hw/proj/src/TopLevel/loadMemModule/loadMemModule.vhd
    Info (12022): Found design unit 1: loadMemModule-structure File: /home/cfergen/cpre381/CPRE381TermProject/hwPipeline/cpre381-toolflow-hw/proj/src/TopLevel/loadMemModule/loadMemModule.vhd Line: 32
    Info (12023): Found entity 1: loadMemModule File: /home/cfergen/cpre381/CPRE381TermProject/hwPipeline/cpre381-toolflow-hw/proj/src/TopLevel/loadMemModule/loadMemModule.vhd Line: 17
Info (12021): Found 2 design units, including 1 entities, in source file /home/cfergen/cpre381/CPRE381TermProject/hwPipeline/cpre381-toolflow-hw/proj/src/mem.vhd
    Info (12022): Found design unit 1: mem-rtl File: /home/cfergen/cpre381/CPRE381TermProject/hwPipeline/cpre381-toolflow-hw/proj/src/mem.vhd Line: 27
    Info (12023): Found entity 1: mem File: /home/cfergen/cpre381/CPRE381TermProject/hwPipeline/cpre381-toolflow-hw/proj/src/mem.vhd Line: 8
Info (12127): Elaborating entity "MIPS_Processor" for the top level hierarchy
Warning (10036): Verilog HDL or VHDL warning at MIPS_Processor.vhd(49): object "s_Halt" assigned a value but never read File: /home/cfergen/cpre381/CPRE381TermProject/hwPipeline/cpre381-toolflow-hw/proj/src/MIPS_Processor.vhd Line: 49
Warning (10541): VHDL Signal Declaration warning at MIPS_Processor.vhd(88): used implicit default value for signal "s_imme" because signal was never assigned a value or an explicit default value. Use of implicit default value may introduce unintended design optimizations. File: /home/cfergen/cpre381/CPRE381TermProject/hwPipeline/cpre381-toolflow-hw/proj/src/MIPS_Processor.vhd Line: 88
Warning (10036): Verilog HDL or VHDL warning at MIPS_Processor.vhd(151): object "s_OvflEX" assigned a value but never read File: /home/cfergen/cpre381/CPRE381TermProject/hwPipeline/cpre381-toolflow-hw/proj/src/MIPS_Processor.vhd Line: 151
Info (12128): Elaborating entity "mem" for hierarchy "mem:IMem" File: /home/cfergen/cpre381/CPRE381TermProject/hwPipeline/cpre381-toolflow-hw/proj/src/MIPS_Processor.vhd Line: 436
Info (12128): Elaborating entity "fetch_Logic" for hierarchy "fetch_Logic:fetchUnit" File: /home/cfergen/cpre381/CPRE381TermProject/hwPipeline/cpre381-toolflow-hw/proj/src/MIPS_Processor.vhd Line: 462
Info (12128): Elaborating entity "PCReg" for hierarchy "fetch_Logic:fetchUnit|PCReg:r_PCReg" File: /home/cfergen/cpre381/CPRE381TermProject/hwPipeline/cpre381-toolflow-hw/proj/src/TopLevel/FetchLogic/fetch_Logic.vhd Line: 139
Info (12128): Elaborating entity "mux2t1N" for hierarchy "fetch_Logic:fetchUnit|PCReg:r_PCReg|mux2t1N:g_Mux2t1N" File: /home/cfergen/cpre381/CPRE381TermProject/hwPipeline/cpre381-toolflow-hw/proj/src/TopLevel/FetchLogic/Supporting files/PCReg.vhd Line: 67
Info (12128): Elaborating entity "mux2t1" for hierarchy "fetch_Logic:fetchUnit|PCReg:r_PCReg|mux2t1N:g_Mux2t1N|mux2t1:\G_NBit_MUX:0:MUXi" File: /home/cfergen/cpre381/CPRE381TermProject/hwPipeline/cpre381-toolflow-hw/proj/src/TopLevel/BasicGates/mux2t1N.vhd Line: 43
Info (12128): Elaborating entity "invg" for hierarchy "fetch_Logic:fetchUnit|PCReg:r_PCReg|mux2t1N:g_Mux2t1N|mux2t1:\G_NBit_MUX:0:MUXi|invg:g_notGate" File: /home/cfergen/cpre381/CPRE381TermProject/hwPipeline/cpre381-toolflow-hw/proj/src/TopLevel/BasicGates/mux2t1.vhd Line: 62
Info (12128): Elaborating entity "andg2" for hierarchy "fetch_Logic:fetchUnit|PCReg:r_PCReg|mux2t1N:g_Mux2t1N|mux2t1:\G_NBit_MUX:0:MUXi|andg2:g_andGateB" File: /home/cfergen/cpre381/CPRE381TermProject/hwPipeline/cpre381-toolflow-hw/proj/src/TopLevel/BasicGates/mux2t1.vhd Line: 69
Info (12128): Elaborating entity "org2" for hierarchy "fetch_Logic:fetchUnit|PCReg:r_PCReg|mux2t1N:g_Mux2t1N|mux2t1:\G_NBit_MUX:0:MUXi|org2:g_orGate" File: /home/cfergen/cpre381/CPRE381TermProject/hwPipeline/cpre381-toolflow-hw/proj/src/TopLevel/BasicGates/mux2t1.vhd Line: 81
Info (12128): Elaborating entity "nbitregister" for hierarchy "fetch_Logic:fetchUnit|PCReg:r_PCReg|nbitregister:r_PC" File: /home/cfergen/cpre381/CPRE381TermProject/hwPipeline/cpre381-toolflow-hw/proj/src/TopLevel/FetchLogic/Supporting files/PCReg.vhd Line: 78
Info (12128): Elaborating entity "dffg" for hierarchy "fetch_Logic:fetchUnit|PCReg:r_PCReg|nbitregister:r_PC|dffg:\gen_dffg:0:g_dffg" File: /home/cfergen/cpre381/CPRE381TermProject/hwPipeline/cpre381-toolflow-hw/proj/src/TopLevel/FetchLogic/Gates/NbitRegister.vhd Line: 32
Info (12128): Elaborating entity "rippleCarryAdderN" for hierarchy "fetch_Logic:fetchUnit|rippleCarryAdderN:g_NextPC" File: /home/cfergen/cpre381/CPRE381TermProject/hwPipeline/cpre381-toolflow-hw/proj/src/TopLevel/FetchLogic/fetch_Logic.vhd Line: 150
Info (12128): Elaborating entity "Adder1b" for hierarchy "fetch_Logic:fetchUnit|rippleCarryAdderN:g_NextPC|Adder1b:g_1stBitRipple_Adder" File: /home/cfergen/cpre381/CPRE381TermProject/hwPipeline/cpre381-toolflow-hw/proj/src/TopLevel/BasicGates/Adder/rippleCarryAdderN.vhd Line: 46
Info (12128): Elaborating entity "xorg2" for hierarchy "fetch_Logic:fetchUnit|rippleCarryAdderN:g_NextPC|Adder1b:g_1stBitRipple_Adder|xorg2:g_xorgAB" File: /home/cfergen/cpre381/CPRE381TermProject/hwPipeline/cpre381-toolflow-hw/proj/src/TopLevel/BasicGates/Adder/adder1b.vhd Line: 52
Info (12128): Elaborating entity "shiftleft2N" for hierarchy "fetch_Logic:fetchUnit|shiftleft2N:g_jShiftLeft" File: /home/cfergen/cpre381/CPRE381TermProject/hwPipeline/cpre381-toolflow-hw/proj/src/TopLevel/FetchLogic/fetch_Logic.vhd Line: 165
Info (12128): Elaborating entity "bit16_extender" for hierarchy "fetch_Logic:fetchUnit|bit16_extender:g_bitExtender" File: /home/cfergen/cpre381/CPRE381TermProject/hwPipeline/cpre381-toolflow-hw/proj/src/TopLevel/FetchLogic/fetch_Logic.vhd Line: 201
Info (12128): Elaborating entity "shiftleft2N" for hierarchy "fetch_Logic:fetchUnit|shiftleft2N:g_bShiftLeft" File: /home/cfergen/cpre381/CPRE381TermProject/hwPipeline/cpre381-toolflow-hw/proj/src/TopLevel/FetchLogic/fetch_Logic.vhd Line: 209
Info (12128): Elaborating entity "IF_ID_Reg" for hierarchy "IF_ID_Reg:IfIdReg" File: /home/cfergen/cpre381/CPRE381TermProject/hwPipeline/cpre381-toolflow-hw/proj/src/MIPS_Processor.vhd Line: 496
Info (12128): Elaborating entity "mux2t1_5b" for hierarchy "mux2t1_5b:muxWrAddr" File: /home/cfergen/cpre381/CPRE381TermProject/hwPipeline/cpre381-toolflow-hw/proj/src/MIPS_Processor.vhd Line: 508
Info (12128): Elaborating entity "MIPSregister" for hierarchy "MIPSregister:MIPSReg" File: /home/cfergen/cpre381/CPRE381TermProject/hwPipeline/cpre381-toolflow-hw/proj/src/MIPS_Processor.vhd Line: 522
Info (12128): Elaborating entity "decoder5_32" for hierarchy "MIPSregister:MIPSReg|decoder5_32:g_decoder" File: /home/cfergen/cpre381/CPRE381TermProject/hwPipeline/cpre381-toolflow-hw/proj/src/TopLevel/BasicGates/register/MIPSregister.vhd Line: 130
Info (12128): Elaborating entity "dffgNN" for hierarchy "MIPSregister:MIPSReg|dffgNN:\G_NBit_REGISTER:0:REG" File: /home/cfergen/cpre381/CPRE381TermProject/hwPipeline/cpre381-toolflow-hw/proj/src/TopLevel/BasicGates/register/MIPSregister.vhd Line: 153
Info (12128): Elaborating entity "dffgNF" for hierarchy "MIPSregister:MIPSReg|dffgNN:\G_NBit_REGISTER:0:REG|dffgNF:\G_NBit_DFFG:0:MUXI" File: /home/cfergen/cpre381/CPRE381TermProject/hwPipeline/cpre381-toolflow-hw/proj/src/TopLevel/BasicGates/register/dffgNN.vhd Line: 45
Info (12128): Elaborating entity "mux32_1" for hierarchy "MIPSregister:MIPSReg|mux32_1:g_mux01" File: /home/cfergen/cpre381/CPRE381TermProject/hwPipeline/cpre381-toolflow-hw/proj/src/TopLevel/BasicGates/register/MIPSregister.vhd Line: 169
Info (12128): Elaborating entity "control_Logic" for hierarchy "control_Logic:controlUnit" File: /home/cfergen/cpre381/CPRE381TermProject/hwPipeline/cpre381-toolflow-hw/proj/src/MIPS_Processor.vhd Line: 534
Info (12128): Elaborating entity "adderSubS" for hierarchy "adderSubS:subtractor" File: /home/cfergen/cpre381/CPRE381TermProject/hwPipeline/cpre381-toolflow-hw/proj/src/MIPS_Processor.vhd Line: 544
Info (12128): Elaborating entity "onesCompN" for hierarchy "adderSubS:subtractor|onesCompN:g_inverterGate01" File: /home/cfergen/cpre381/CPRE381TermProject/hwPipeline/cpre381-toolflow-hw/proj/src/TopLevel/aluUnit/adderSubS.vhd Line: 100
Info (12128): Elaborating entity "mux2t1_N" for hierarchy "adderSubS:subtractor|mux2t1_N:g_muxGate01" File: /home/cfergen/cpre381/CPRE381TermProject/hwPipeline/cpre381-toolflow-hw/proj/src/TopLevel/aluUnit/adderSubS.vhd Line: 109
Info (12128): Elaborating entity "fullAdderStructN" for hierarchy "adderSubS:subtractor|fullAdderStructN:g_RippleFAGate02" File: /home/cfergen/cpre381/CPRE381TermProject/hwPipeline/cpre381-toolflow-hw/proj/src/TopLevel/aluUnit/adderSubS.vhd Line: 119
Info (12128): Elaborating entity "fullAdderStruct" for hierarchy "adderSubS:subtractor|fullAdderStructN:g_RippleFAGate02|fullAdderStruct:\G_NBit_ADDER:0:MUXI" File: /home/cfergen/cpre381/CPRE381TermProject/hwPipeline/cpre381-toolflow-hw/proj/src/TopLevel/aluUnit/fullAdderStructN.vhd Line: 64
Info (12128): Elaborating entity "orG32b" for hierarchy "orG32b:g_orG32" File: /home/cfergen/cpre381/CPRE381TermProject/hwPipeline/cpre381-toolflow-hw/proj/src/MIPS_Processor.vhd Line: 552
Info (12128): Elaborating entity "ID_EX_Reg" for hierarchy "ID_EX_Reg:IDEXReg" File: /home/cfergen/cpre381/CPRE381TermProject/hwPipeline/cpre381-toolflow-hw/proj/src/MIPS_Processor.vhd Line: 669
Error (10385): VHDL error at ID_EX_Reg.vhd(105): index value 5 is outside the range (4 downto 0) of object "i_IDEX_writeAddr" File: /home/cfergen/cpre381/CPRE381TermProject/hwPipeline/cpre381-toolflow-hw/proj/src/TopLevel/SoftwarePipeline/ID_EX_Reg.vhd Line: 105
Error (10385): VHDL error at ID_EX_Reg.vhd(106): index value 5 is outside the range (4 downto 0) of object "o_IDEX_writeAddr" File: /home/cfergen/cpre381/CPRE381TermProject/hwPipeline/cpre381-toolflow-hw/proj/src/TopLevel/SoftwarePipeline/ID_EX_Reg.vhd Line: 106
Error (10346): VHDL error at ID_EX_Reg.vhd(101): formal port or parameter "i_D" must have actual or default value File: /home/cfergen/cpre381/CPRE381TermProject/hwPipeline/cpre381-toolflow-hw/proj/src/TopLevel/SoftwarePipeline/ID_EX_Reg.vhd Line: 101
Error (12152): Can't elaborate user hierarchy "ID_EX_Reg:IDEXReg" File: /home/cfergen/cpre381/CPRE381TermProject/hwPipeline/cpre381-toolflow-hw/proj/src/MIPS_Processor.vhd Line: 669
Error: Quartus Prime Analysis & Synthesis was unsuccessful. 4 errors, 4 warnings
    Error: Peak virtual memory: 695 megabytes
    Error: Processing ended: Wed Apr 24 15:47:57 2024
    Error: Elapsed time: 00:00:33
    Error: Total CPU time (on all processors): 00:00:19
