In clock cycle: 0
Register Write to Reg: 0x01 Val: 0xAAAA0000
In clock cycle: 1
Register Write to Reg: 0x01 Val: 0xAAAAAAAA
In clock cycle: 3
Register Write to Reg: 0x01 Val: 0x55550000
In clock cycle: 4
Register Write to Reg: 0x01 Val: 0x55555555
In clock cycle: 7
Register Write to Reg: 0x01 Val: 0xAAAA0000
In clock cycle: 8
Register Write to Reg: 0x01 Val: 0xAAAAAAAA
In clock cycle: 10
Register Write to Reg: 0x01 Val: 0x55550000
In clock cycle: 11
Register Write to Reg: 0x01 Val: 0x55555555
In clock cycle: 14
Register Write to Reg: 0x01 Val: 0xAAAA0000
In clock cycle: 15
Register Write to Reg: 0x01 Val: 0xAAAAAAAA
In clock cycle: 17
Register Write to Reg: 0x01 Val: 0xAAAA0000
In clock cycle: 18
Register Write to Reg: 0x01 Val: 0xAAAAAAAA
Execution is stopping! Clock Cycle: 21
