In clock cycle: 0
Register Write to Reg: 0x05 Val: 0x00000005
In clock cycle: 1
Register Write to Reg: 0x01 Val: 0xFFFF0000
In clock cycle: 2
Register Write to Reg: 0x01 Val: 0x0000FFFF
In clock cycle: 3
Register Write to Reg: 0x05 Val: 0x00000000
Arithmetic Overflow Detected
In clock cycle: 4
Register Write to Reg: 0x01 Val: 0x00000000
Arithmetic Overflow Detected
In clock cycle: 5
Register Write to Reg: 0x01 Val: 0x7FFF0000
In clock cycle: 6
Register Write to Reg: 0x01 Val: 0x0000FFFF
In clock cycle: 7
Register Write to Reg: 0x05 Val: 0x00000000
Arithmetic Overflow Detected
In clock cycle: 8
Register Write to Reg: 0x05 Val: 0x00000000
Arithmetic Overflow Detected
Execution is stopping! Clock Cycle: 9
