In clock cycle: 0
Register Write to Reg: 0x01 Val: 0x7FFF0000
In clock cycle: 1
Register Write to Reg: 0x01 Val: 0x7FFFFFFF
In clock cycle: 3
Register Write to Reg: 0x01 Val: 0x80000000
In clock cycle: 4
Register Write to Reg: 0x01 Val: 0x80000000
In clock cycle: 7
Register Write to Reg: 0x01 Val: 0x12340000
In clock cycle: 8
Register Write to Reg: 0x01 Val: 0x12345678
In clock cycle: 10
Register Write to Reg: 0x01 Val: 0xABCD0000
In clock cycle: 11
Register Write to Reg: 0x01 Val: 0xABCDEFFF
In clock cycle: 14
Register Write to Reg: 0x0C Val: 0xFFFFFFFF
In clock cycle: 15
Register Write to Reg: 0x01 Val: 0x80000000
In clock cycle: 16
Register Write to Reg: 0x01 Val: 0x80000000
Execution is stopping! Clock Cycle: 19
